#
# There is insufficient memory for the Java Runtime Environment to continue.
# Native memory allocation (malloc) failed to allocate 32744 bytes for ChunkPool::allocate
# Possible reasons:
#   The system is out of physical RAM or swap space
#   The process is running with CompressedOops enabled, and the Java Heap may be blocking the growth of the native heap
# Possible solutions:
#   Reduce memory load on the system
#   Increase physical memory or swap space
#   Check if swap backing store is full
#   Decrease Java heap size (-Xmx/-Xms)
#   Decrease number of Java threads
#   Decrease Java thread stack sizes (-Xss)
#   Set larger code cache with -XX:ReservedCodeCacheSize=
#   JVM is running with Unscaled Compressed Oops mode in which the Java heap is
#     placed in the first 4GB address space. The Java Heap base address is the
#     maximum limit for the native heap growth. Please use -XX:HeapBaseMinAddress
#     to set the Java Heap base and to place the Java Heap above 4GB virtual address.
# This output file may be truncated or incomplete.
#
#  Out of Memory Error (allocation.cpp:272), pid=23080, tid=0x0000000000005d44
#
# JRE version: OpenJDK Runtime Environment (Zulu 8.52.0.23-CA-win64) (8.0_282-b08) (build 1.8.0_282-b08)
# Java VM: OpenJDK 64-Bit Server VM (25.282-b08 mixed mode windows-amd64 compressed oops)
# Failed to write core dump. Minidumps are not enabled by default on client versions of Windows
#

---------------  T H R E A D  ---------------

Current thread (0x000000001ac3b800):  JavaThread "C2 CompilerThread2" daemon [_thread_in_native, id=23876, stack(0x000000001b7e0000,0x000000001b8e0000)]

Stack: [0x000000001b7e0000,0x000000001b8e0000]
[error occurred during error reporting (printing stack bounds), id 0xc0000005]

Native frames: (J=compiled Java code, j=interpreted, Vv=VM code, C=native code)


Current CompileTask:
C2:  11327 3004  s!   4       org.codehaus.groovy.tools.RootLoader::loadClass (65 bytes)


---------------  P R O C E S S  ---------------

Java Threads: ( => current thread )
  0x0000000021760000 JavaThread "Okio Watchdog" daemon [_thread_blocked, id=25040, stack(0x0000000023b90000,0x0000000023c90000)]
  0x000000001c909000 JavaThread "OkHttp ConnectionPool" daemon [_thread_blocked, id=13732, stack(0x0000000023a90000,0x0000000023b90000)]
  0x000000001c907800 JavaThread "ForkJoinPool.commonPool-worker-3" daemon [_thread_blocked, id=10932, stack(0x0000000023790000,0x0000000023890000)]
  0x000000001c90d800 JavaThread "ForkJoinPool.commonPool-worker-2" daemon [_thread_blocked, id=23264, stack(0x00000000234b0000,0x00000000235b0000)]
  0x000000001c90c000 JavaThread "ForkJoinPool.commonPool-worker-1" daemon [_thread_blocked, id=19792, stack(0x00000000233b0000,0x00000000234b0000)]
  0x000000001c90a800 JavaThread "Keep-Alive-Timer" daemon [_thread_blocked, id=26396, stack(0x00000000230b0000,0x00000000231b0000)]
  0x000000001c908000 JavaThread "Exec Stream Pumper" daemon [_thread_in_native, id=17636, stack(0x0000000023690000,0x0000000023790000)]
  0x000000001c906800 JavaThread "Exec Stream Pumper" daemon [_thread_in_native, id=7332, stack(0x0000000021f50000,0x0000000022050000)]
  0x000000001c90b800 JavaThread "UrlChecker-2" daemon [_thread_blocked, id=13392, stack(0x0000000021aa0000,0x0000000021ba0000)]
  0x000000001c90d000 JavaThread "Exec Default Executor" daemon [_thread_in_native, id=24936, stack(0x00000000219a0000,0x0000000021aa0000)]
  0x000000001d044800 JavaThread "org.eclipse.jetty.server.session.HashSessionManager@426b6a74Timer" daemon [_thread_blocked, id=26188, stack(0x000000001f3c0000,0x000000001f4c0000)]
  0x000000001cb59000 JavaThread "qtp2036775591-20" [_thread_in_native, id=24284, stack(0x000000001f2c0000,0x000000001f3c0000)]
  0x000000001cb58800 JavaThread "qtp2036775591-19" [_thread_in_native, id=16992, stack(0x000000001f1c0000,0x000000001f2c0000)]
  0x000000001c11c800 JavaThread "qtp2036775591-18" [_thread_in_native, id=14196, stack(0x000000001f0c0000,0x000000001f1c0000)]
  0x000000001c11c000 JavaThread "qtp2036775591-17-acceptor-0@26e6abf1-ServerConnector@2821515d{HTTP/1.1,[http/1.1]}{0.0.0.0:12954}" [_thread_in_native, id=13336, stack(0x000000001efc0000,0x000000001f0c0000)]
  0x000000001c11b000 JavaThread "qtp2036775591-16" [_thread_blocked, id=26524, stack(0x000000001eec0000,0x000000001efc0000)]
  0x000000001c118800 JavaThread "qtp2036775591-15" [_thread_blocked, id=26036, stack(0x000000001edc0000,0x000000001eec0000)]
  0x000000001d013000 JavaThread "qtp2036775591-14" [_thread_blocked, id=19440, stack(0x000000001ecc0000,0x000000001edc0000)]
  0x000000001d012000 JavaThread "qtp2036775591-13" [_thread_in_native, id=13832, stack(0x000000001ebc0000,0x000000001ecc0000)]
  0x000000001ac68000 JavaThread "Service Thread" daemon [_thread_blocked, id=14660, stack(0x000000001bae0000,0x000000001bbe0000)]
  0x000000001ac46800 JavaThread "C1 CompilerThread3" daemon [_thread_blocked, id=15564, stack(0x000000001b8e0000,0x000000001b9e0000)]
=>0x000000001ac3b800 JavaThread "C2 CompilerThread2" daemon [_thread_in_native, id=23876, stack(0x000000001b7e0000,0x000000001b8e0000)]
  0x000000001ac3a800 JavaThread "C2 CompilerThread1" daemon [_thread_blocked, id=19160, stack(0x000000001b6e0000,0x000000001b7e0000)]
  0x000000001ac37800 JavaThread "C2 CompilerThread0" daemon [_thread_in_native, id=15020, stack(0x000000001b5e0000,0x000000001b6e0000)]
  0x000000001ac2b000 JavaThread "Attach Listener" daemon [_thread_blocked, id=10372, stack(0x000000001b4e0000,0x000000001b5e0000)]
  0x000000001a852800 JavaThread "Signal Dispatcher" daemon [_thread_blocked, id=15016, stack(0x000000001b3e0000,0x000000001b4e0000)]
  0x000000001a508000 JavaThread "Finalizer" daemon [_thread_blocked, id=11332, stack(0x000000001a9e0000,0x000000001aae0000)]
  0x000000001871e000 JavaThread "Reference Handler" daemon [_thread_blocked, id=23024, stack(0x000000001a8e0000,0x000000001a9e0000)]
  0x0000000003458000 JavaThread "main" [_thread_in_Java, id=2140, stack(0x0000000001b10000,0x0000000001c10000)]

Other Threads:
  0x0000000018715800 VMThread [stack: 0x000000001a3e0000,0x000000001a4e0000] [id=7444]
  0x000000001acd3800 WatcherThread [stack: 0x000000001bbe0000,0x000000001bce0000] [id=9988]

VM state:not at safepoint (normal execution)

VM Mutex/Monitor currently owned by a thread: None

heap address: 0x0000000080000000, size: 2048 MB, Compressed Oops mode: 32-bit
Narrow klass base: 0x0000000000000000, Narrow klass shift: 3
Compressed class space size: 1073741824 Address: 0x0000000100000000

Heap:
 PSYoungGen      total 71680K, used 29031K [0x00000000d5580000, 0x00000000dba00000, 0x0000000100000000)
  eden space 61952K, 31% used [0x00000000d5580000,0x00000000d685c9f8,0x00000000d9200000)
  from space 9728K, 99% used [0x00000000d9200000,0x00000000d9b7d5c0,0x00000000d9b80000)
  to   space 12288K, 0% used [0x00000000dae00000,0x00000000dae00000,0x00000000dba00000)
 ParOldGen       total 62464K, used 13770K [0x0000000080000000, 0x0000000083d00000, 0x00000000d5580000)
  object space 62464K, 22% used [0x0000000080000000,0x0000000080d72aa0,0x0000000083d00000)
 Metaspace       used 32874K, capacity 33772K, committed 33920K, reserved 1079296K
  class space    used 3984K, capacity 4223K, committed 4224K, reserved 1048576K

Card table byte_map: [0x0000000012b60000,0x0000000012f70000] byte_map_base: 0x0000000012760000

Marking Bits: (ParMarkBitMap*) 0x000000005f161f00
 Begin Bits: [0x0000000013920000, 0x0000000015920000)
 End Bits:   [0x0000000015920000, 0x0000000017920000)

Polling page: 0x0000000001690000

CodeCache: size=245760Kb used=10511Kb max_used=12026Kb free=235249Kb
 bounds [0x00000000037a0000, 0x0000000004370000, 0x00000000127a0000]
 total_blobs=3340 nmethods=2636 adapters=614
 compilation: enabled

Compilation events (10 events):
Event: 11.315 Thread 0x000000001ac46800 nmethod 3000 0x00000000038d4e50 code [0x00000000038d5040, 0x00000000038d5898]
Event: 11.315 Thread 0x000000001ac46800 3001       3       java.nio.charset.CharsetDecoder::<init> (10 bytes)
Event: 11.316 Thread 0x000000001ac46800 nmethod 3001 0x000000000392b750 code [0x000000000392b8c0, 0x000000000392ba48]
Event: 11.316 Thread 0x000000001ac46800 3002       3       java.nio.charset.CharsetDecoder::<init> (108 bytes)
Event: 11.316 Thread 0x000000001ac3b800 3004  s!   4       org.codehaus.groovy.tools.RootLoader::loadClass (65 bytes)
Event: 11.316 Thread 0x000000001ac46800 nmethod 3002 0x0000000003a72010 code [0x0000000003a721e0, 0x0000000003a728c8]
Event: 11.317 Thread 0x000000001ac46800 3003       3       java.nio.charset.CharsetDecoder::replaceWith (68 bytes)
Event: 11.317 Thread 0x000000001ac46800 nmethod 3003 0x0000000003a405d0 code [0x0000000003a407a0, 0x0000000003a40db8]
Event: 11.320 Thread 0x000000001ac46800 3005       1       org.codehaus.groovy.runtime.metaclass.NewStaticMetaMethod::getModifiers (3 bytes)
Event: 11.320 Thread 0x000000001ac46800 nmethod 3005 0x0000000003e5d890 code [0x0000000003e5d9e0, 0x0000000003e5daf0]

GC Heap History (10 events):
Event: 6.497 GC heap before
{Heap before GC invocations=12 (full 1):
 PSYoungGen      total 41984K, used 41895K [0x00000000d5580000, 0x00000000d9000000, 0x0000000100000000)
  eden space 39424K, 100% used [0x00000000d5580000,0x00000000d7c00000,0x00000000d7c00000)
  from space 2560K, 96% used [0x00000000d8d80000,0x00000000d8fe9d90,0x00000000d9000000)
  to   space 8192K, 0% used [0x00000000d8000000,0x00000000d8000000,0x00000000d8800000)
 ParOldGen       total 62464K, used 9147K [0x0000000080000000, 0x0000000083d00000, 0x00000000d5580000)
  object space 62464K, 14% used [0x0000000080000000,0x00000000808eef68,0x0000000083d00000)
 Metaspace       used 25271K, capacity 25672K, committed 25984K, reserved 1073152K
  class space    used 2887K, capacity 3073K, committed 3200K, reserved 1048576K
Event: 6.502 GC heap after
Heap after GC invocations=12 (full 1):
 PSYoungGen      total 51712K, used 4892K [0x00000000d5580000, 0x00000000d9600000, 0x0000000100000000)
  eden space 43520K, 0% used [0x00000000d5580000,0x00000000d5580000,0x00000000d8000000)
  from space 8192K, 59% used [0x00000000d8000000,0x00000000d84c7138,0x00000000d8800000)
  to   space 8192K, 0% used [0x00000000d8e00000,0x00000000d8e00000,0x00000000d9600000)
 ParOldGen       total 62464K, used 9155K [0x0000000080000000, 0x0000000083d00000, 0x00000000d5580000)
  object space 62464K, 14% used [0x0000000080000000,0x00000000808f0f68,0x0000000083d00000)
 Metaspace       used 25271K, capacity 25672K, committed 25984K, reserved 1073152K
  class space    used 2887K, capacity 3073K, committed 3200K, reserved 1048576K
}
Event: 6.824 GC heap before
{Heap before GC invocations=13 (full 1):
 PSYoungGen      total 51712K, used 48412K [0x00000000d5580000, 0x00000000d9600000, 0x0000000100000000)
  eden space 43520K, 100% used [0x00000000d5580000,0x00000000d8000000,0x00000000d8000000)
  from space 8192K, 59% used [0x00000000d8000000,0x00000000d84c7138,0x00000000d8800000)
  to   space 8192K, 0% used [0x00000000d8e00000,0x00000000d8e00000,0x00000000d9600000)
 ParOldGen       total 62464K, used 9155K [0x0000000080000000, 0x0000000083d00000, 0x00000000d5580000)
  object space 62464K, 14% used [0x0000000080000000,0x00000000808f0f68,0x0000000083d00000)
 Metaspace       used 25478K, capacity 25864K, committed 26240K, reserved 1073152K
  class space    used 2893K, capacity 3073K, committed 3200K, reserved 1048576K
Event: 6.827 GC heap after
Heap after GC invocations=13 (full 1):
 PSYoungGen      total 58368K, used 4018K [0x00000000d5580000, 0x00000000d9980000, 0x0000000100000000)
  eden space 50176K, 0% used [0x00000000d5580000,0x00000000d5580000,0x00000000d8680000)
  from space 8192K, 49% used [0x00000000d8e00000,0x00000000d91ecac0,0x00000000d9600000)
  to   space 7680K, 0% used [0x00000000d8680000,0x00000000d8680000,0x00000000d8e00000)
 ParOldGen       total 62464K, used 9163K [0x0000000080000000, 0x0000000083d00000, 0x00000000d5580000)
  object space 62464K, 14% used [0x0000000080000000,0x00000000808f2f68,0x0000000083d00000)
 Metaspace       used 25478K, capacity 25864K, committed 26240K, reserved 1073152K
  class space    used 2893K, capacity 3073K, committed 3200K, reserved 1048576K
}
Event: 7.168 GC heap before
{Heap before GC invocations=14 (full 1):
 PSYoungGen      total 58368K, used 54194K [0x00000000d5580000, 0x00000000d9980000, 0x0000000100000000)
  eden space 50176K, 100% used [0x00000000d5580000,0x00000000d8680000,0x00000000d8680000)
  from space 8192K, 49% used [0x00000000d8e00000,0x00000000d91ecac0,0x00000000d9600000)
  to   space 7680K, 0% used [0x00000000d8680000,0x00000000d8680000,0x00000000d8e00000)
 ParOldGen       total 62464K, used 9163K [0x0000000080000000, 0x0000000083d00000, 0x00000000d5580000)
  object space 62464K, 14% used [0x0000000080000000,0x00000000808f2f68,0x0000000083d00000)
 Metaspace       used 25682K, capacity 26082K, committed 26496K, reserved 1073152K
  class space    used 2911K, capacity 3079K, committed 3200K, reserved 1048576K
Event: 7.173 GC heap after
Heap after GC invocations=14 (full 1):
 PSYoungGen      total 57856K, used 6691K [0x00000000d5580000, 0x00000000da380000, 0x0000000100000000)
  eden space 50176K, 0% used [0x00000000d5580000,0x00000000d5580000,0x00000000d8680000)
  from space 7680K, 87% used [0x00000000d8680000,0x00000000d8d08e50,0x00000000d8e00000)
  to   space 8192K, 0% used [0x00000000d9b80000,0x00000000d9b80000,0x00000000da380000)
 ParOldGen       total 62464K, used 9171K [0x0000000080000000, 0x0000000083d00000, 0x00000000d5580000)
  object space 62464K, 14% used [0x0000000080000000,0x00000000808f4f68,0x0000000083d00000)
 Metaspace       used 25682K, capacity 26082K, committed 26496K, reserved 1073152K
  class space    used 2911K, capacity 3079K, committed 3200K, reserved 1048576K
}
Event: 7.661 GC heap before
{Heap before GC invocations=15 (full 1):
 PSYoungGen      total 57856K, used 56867K [0x00000000d5580000, 0x00000000da380000, 0x0000000100000000)
  eden space 50176K, 100% used [0x00000000d5580000,0x00000000d8680000,0x00000000d8680000)
  from space 7680K, 87% used [0x00000000d8680000,0x00000000d8d08e50,0x00000000d8e00000)
  to   space 8192K, 0% used [0x00000000d9b80000,0x00000000d9b80000,0x00000000da380000)
 ParOldGen       total 62464K, used 9171K [0x0000000080000000, 0x0000000083d00000, 0x00000000d5580000)
  object space 62464K, 14% used [0x0000000080000000,0x00000000808f4f68,0x0000000083d00000)
 Metaspace       used 27240K, capacity 27700K, committed 28032K, reserved 1073152K
  class space    used 3173K, capacity 3340K, committed 3456K, reserved 1048576K
Event: 7.670 GC heap after
Heap after GC invocations=15 (full 1):
 PSYoungGen      total 70144K, used 8163K [0x00000000d5580000, 0x00000000da800000, 0x0000000100000000)
  eden space 61952K, 0% used [0x00000000d5580000,0x00000000d5580000,0x00000000d9200000)
  from space 8192K, 99% used [0x00000000d9b80000,0x00000000da378e50,0x00000000da380000)
  to   space 9728K, 0% used [0x00000000d9200000,0x00000000d9200000,0x00000000d9b80000)
 ParOldGen       total 62464K, used 10413K [0x0000000080000000, 0x0000000083d00000, 0x00000000d5580000)
  object space 62464K, 16% used [0x0000000080000000,0x0000000080a2b5e0,0x0000000083d00000)
 Metaspace       used 27240K, capacity 27700K, committed 28032K, reserved 1073152K
  class space    used 3173K, capacity 3340K, committed 3456K, reserved 1048576K
}
Event: 11.124 GC heap before
{Heap before GC invocations=16 (full 1):
 PSYoungGen      total 70144K, used 70115K [0x00000000d5580000, 0x00000000da800000, 0x0000000100000000)
  eden space 61952K, 100% used [0x00000000d5580000,0x00000000d9200000,0x00000000d9200000)
  from space 8192K, 99% used [0x00000000d9b80000,0x00000000da378e50,0x00000000da380000)
  to   space 9728K, 0% used [0x00000000d9200000,0x00000000d9200000,0x00000000d9b80000)
 ParOldGen       total 62464K, used 10413K [0x0000000080000000, 0x0000000083d00000, 0x00000000d5580000)
  object space 62464K, 16% used [0x0000000080000000,0x0000000080a2b5e0,0x0000000083d00000)
 Metaspace       used 32720K, capacity 33624K, committed 33664K, reserved 1079296K
  class space    used 3966K, capacity 4216K, committed 4224K, reserved 1048576K
Event: 11.136 GC heap after
Heap after GC invocations=16 (full 1):
 PSYoungGen      total 71680K, used 9717K [0x00000000d5580000, 0x00000000dba00000, 0x0000000100000000)
  eden space 61952K, 0% used [0x00000000d5580000,0x00000000d5580000,0x00000000d9200000)
  from space 9728K, 99% used [0x00000000d9200000,0x00000000d9b7d5c0,0x00000000d9b80000)
  to   space 12288K, 0% used [0x00000000dae00000,0x00000000dae00000,0x00000000dba00000)
 ParOldGen       total 62464K, used 13770K [0x0000000080000000, 0x0000000083d00000, 0x00000000d5580000)
  object space 62464K, 22% used [0x0000000080000000,0x0000000080d72aa0,0x0000000083d00000)
 Metaspace       used 32720K, capacity 33624K, committed 33664K, reserved 1079296K
  class space    used 3966K, capacity 4216K, committed 4224K, reserved 1048576K
}

Deoptimization events (10 events):
Event: 10.140 Thread 0x0000000003458000 Uncommon trap: reason=class_check action=maybe_recompile pc=0x00000000042e2944 method=org.openqa.selenium.json.Input.init()V @ 18
Event: 10.140 Thread 0x0000000003458000 Uncommon trap: reason=class_check action=maybe_recompile pc=0x00000000042e2944 method=org.openqa.selenium.json.Input.init()V @ 18
Event: 10.140 Thread 0x0000000003458000 Uncommon trap: reason=class_check action=maybe_recompile pc=0x00000000042e2944 method=org.openqa.selenium.json.Input.init()V @ 18
Event: 10.212 Thread 0x0000000003458000 Uncommon trap: reason=unstable_if action=reinterpret pc=0x0000000003b59e3c method=java.util.HashMap.getNode(ILjava/lang/Object;)Ljava/util/HashMap$Node; @ 129
Event: 10.212 Thread 0x0000000003458000 Uncommon trap: reason=bimorphic action=maybe_recompile pc=0x0000000003ce92e0 method=java.util.HashMap.putVal(ILjava/lang/Object;Ljava/lang/Object;ZZ)Ljava/lang/Object; @ 203
Event: 10.213 Thread 0x0000000003458000 Uncommon trap: reason=unstable_if action=reinterpret pc=0x0000000003b58ac4 method=java.util.HashMap.getNode(ILjava/lang/Object;)Ljava/util/HashMap$Node; @ 129
Event: 10.213 Thread 0x0000000003458000 Uncommon trap: reason=bimorphic action=maybe_recompile pc=0x0000000003ce92e0 method=java.util.HashMap.putVal(ILjava/lang/Object;Ljava/lang/Object;ZZ)Ljava/lang/Object; @ 203
Event: 10.227 Thread 0x0000000003458000 Uncommon trap: reason=bimorphic action=maybe_recompile pc=0x0000000003ce92e0 method=java.util.HashMap.putVal(ILjava/lang/Object;Ljava/lang/Object;ZZ)Ljava/lang/Object; @ 203
Event: 10.229 Thread 0x0000000003458000 Uncommon trap: reason=bimorphic action=maybe_recompile pc=0x0000000003ce92e0 method=java.util.HashMap.putVal(ILjava/lang/Object;Ljava/lang/Object;ZZ)Ljava/lang/Object; @ 203
Event: 10.414 Thread 0x0000000003458000 Uncommon trap: reason=bimorphic action=maybe_recompile pc=0x0000000004062b2c method=java.net.URL.<init>(Ljava/net/URL;Ljava/lang/String;Ljava/net/URLStreamHandler;)V @ 504

Classes redefined (0 events):
No events

Internal exceptions (10 events):
Event: 11.237 Thread 0x0000000003458000 Exception <a 'java/security/PrivilegedActionException'> (0x00000000d5ef2a30) thrown at [C:\jenkins\workspace\zulu8-silver-build-win64\zulu-src\hotspot\src\share\vm\prims\jvm.cpp, line 1529]
Event: 11.237 Thread 0x0000000003458000 Exception <a 'java/security/PrivilegedActionException'> (0x00000000d5ef3010) thrown at [C:\jenkins\workspace\zulu8-silver-build-win64\zulu-src\hotspot\src\share\vm\prims\jvm.cpp, line 1529]
Event: 11.238 Thread 0x0000000003458000 Exception <a 'java/security/PrivilegedActionException'> (0x00000000d5f057e0) thrown at [C:\jenkins\workspace\zulu8-silver-build-win64\zulu-src\hotspot\src\share\vm\prims\jvm.cpp, line 1529]
Event: 11.238 Thread 0x0000000003458000 Exception <a 'java/security/PrivilegedActionException'> (0x00000000d5f05dc0) thrown at [C:\jenkins\workspace\zulu8-silver-build-win64\zulu-src\hotspot\src\share\vm\prims\jvm.cpp, line 1529]
Event: 11.257 Thread 0x0000000003458000 Exception <a 'java/security/PrivilegedActionException'> (0x00000000d61123a8) thrown at [C:\jenkins\workspace\zulu8-silver-build-win64\zulu-src\hotspot\src\share\vm\prims\jvm.cpp, line 1529]
Event: 11.257 Thread 0x0000000003458000 Exception <a 'java/security/PrivilegedActionException'> (0x00000000d6112988) thrown at [C:\jenkins\workspace\zulu8-silver-build-win64\zulu-src\hotspot\src\share\vm\prims\jvm.cpp, line 1529]
Event: 11.257 Thread 0x0000000003458000 Exception <a 'java/security/PrivilegedActionException'> (0x00000000d6125a28) thrown at [C:\jenkins\workspace\zulu8-silver-build-win64\zulu-src\hotspot\src\share\vm\prims\jvm.cpp, line 1529]
Event: 11.257 Thread 0x0000000003458000 Exception <a 'java/security/PrivilegedActionException'> (0x00000000d6126008) thrown at [C:\jenkins\workspace\zulu8-silver-build-win64\zulu-src\hotspot\src\share\vm\prims\jvm.cpp, line 1529]
Event: 11.287 Thread 0x0000000003458000 Exception <a 'java/lang/ClassNotFoundException': Script1BeanInfo> (0x00000000d634d018) thrown at [C:\jenkins\workspace\zulu8-silver-build-win64\zulu-src\hotspot\src\share\vm\classfile\systemDictionary.cpp, line 220]
Event: 11.294 Thread 0x0000000003458000 Exception <a 'java/lang/ClassNotFoundException': Script1Customizer> (0x00000000d63d6c70) thrown at [C:\jenkins\workspace\zulu8-silver-build-win64\zulu-src\hotspot\src\share\vm\classfile\systemDictionary.cpp, line 220]

Events (10 events):
Event: 11.316 Thread 0x000000001ac46800 flushing nmethod 0x0000000004035e10
Event: 11.316 Thread 0x000000001ac46800 flushing nmethod 0x0000000004036590
Event: 11.317 Thread 0x000000001ac46800 flushing nmethod 0x00000000040a88d0
Event: 11.317 Thread 0x000000001ac46800 flushing nmethod 0x00000000040aba90
Event: 11.319 loading class groovy/runtime/metaclass/com/kms/katalon/core/webui/keyword/builtin/SetTextKeywordMetaClass
Event: 11.319 loading class groovy/runtime/metaclass/com/kms/katalon/core/webui/keyword/builtin/SetTextKeywordMetaClass done
Event: 11.321 loading class com/kms/katalon/core/webui/keyword/builtin/SetTextKeywordBeanInfo
Event: 11.321 loading class com/kms/katalon/core/webui/keyword/builtin/SetTextKeywordBeanInfo done
Event: 11.322 loading class com/kms/katalon/core/webui/keyword/builtin/SetTextKeywordBeanInfo
Event: 11.322 loading class com/kms/katalon/core/webui/keyword/builtin/SetTextKeywordBeanInfo done


Dynamic libraries:
0x00007ff67a340000 - 0x00007ff67a375000 	C:\Users\a.areiqat\Desktop\Katalon_Studio_Windows_64-8.0.0\Katalon_Studio_Windows_64-8.0.0\jre\bin\javaw.exe
0x00007ffadded0000 - 0x00007ffade0c5000 	C:\WINDOWS\SYSTEM32\ntdll.dll
0x00007ffadd460000 - 0x00007ffadd51d000 	C:\WINDOWS\System32\KERNEL32.DLL
0x00007ffadbc60000 - 0x00007ffadbf28000 	C:\WINDOWS\System32\KERNELBASE.dll
0x00007ffab3190000 - 0x00007ffab3281000 	C:\Program Files\Bitdefender\Endpoint Security\atcuf\dlls_265326253211586540\atcuf64.dll
0x00007ffadd930000 - 0x00007ffadd9dc000 	C:\WINDOWS\System32\ADVAPI32.dll
0x00007ffaddc60000 - 0x00007ffaddcfe000 	C:\WINDOWS\System32\msvcrt.dll
0x00007ffadd3c0000 - 0x00007ffadd45b000 	C:\WINDOWS\System32\sechost.dll
0x00007ffadcc80000 - 0x00007ffadcdab000 	C:\WINDOWS\System32\RPCRT4.dll
0x00007ffadd9e0000 - 0x00007ffaddb80000 	C:\WINDOWS\System32\USER32.dll
0x00007ffadb920000 - 0x00007ffadb942000 	C:\WINDOWS\System32\win32u.dll
0x00007ffadcc50000 - 0x00007ffadcc7a000 	C:\WINDOWS\System32\GDI32.dll
0x00007ffadbb50000 - 0x00007ffadbc5b000 	C:\WINDOWS\System32\gdi32full.dll
0x00007ffadbab0000 - 0x00007ffadbb4d000 	C:\WINDOWS\System32\msvcp_win.dll
0x00007ffadb610000 - 0x00007ffadb710000 	C:\WINDOWS\System32\ucrtbase.dll
0x00007ffac8bb0000 - 0x00007ffac8e4a000 	C:\WINDOWS\WinSxS\amd64_microsoft.windows.common-controls_6595b64144ccf1df_6.0.19041.844_none_ca00b6081b84eb1d\COMCTL32.dll
0x00007ffadd760000 - 0x00007ffadd790000 	C:\WINDOWS\System32\IMM32.DLL
0x000000005d6d0000 - 0x000000005d7a2000 	C:\Users\a.areiqat\Desktop\Katalon_Studio_Windows_64-8.0.0\Katalon_Studio_Windows_64-8.0.0\jre\bin\msvcr100.dll
0x000000005e920000 - 0x000000005f1e5000 	C:\Users\a.areiqat\Desktop\Katalon_Studio_Windows_64-8.0.0\Katalon_Studio_Windows_64-8.0.0\jre\bin\server\jvm.dll
0x00007ffadd790000 - 0x00007ffadd798000 	C:\WINDOWS\System32\PSAPI.DLL
0x00007ffad5b90000 - 0x00007ffad5b99000 	C:\WINDOWS\SYSTEM32\WSOCK32.dll
0x00007ffadde20000 - 0x00007ffadde8b000 	C:\WINDOWS\System32\WS2_32.dll
0x00007ffaca3a0000 - 0x00007ffaca3c7000 	C:\WINDOWS\SYSTEM32\WINMM.dll
0x00007ffac9430000 - 0x00007ffac943a000 	C:\WINDOWS\SYSTEM32\VERSION.dll
0x00007ffad8b30000 - 0x00007ffad8b3f000 	C:\Users\a.areiqat\Desktop\Katalon_Studio_Windows_64-8.0.0\Katalon_Studio_Windows_64-8.0.0\jre\bin\verify.dll
0x00007ffac62e0000 - 0x00007ffac6309000 	C:\Users\a.areiqat\Desktop\Katalon_Studio_Windows_64-8.0.0\Katalon_Studio_Windows_64-8.0.0\jre\bin\java.dll
0x00007ffabe270000 - 0x00007ffabe286000 	C:\Users\a.areiqat\Desktop\Katalon_Studio_Windows_64-8.0.0\Katalon_Studio_Windows_64-8.0.0\jre\bin\zip.dll
0x00007ffadc500000 - 0x00007ffadcc42000 	C:\WINDOWS\System32\SHELL32.dll
0x00007ffad94f0000 - 0x00007ffad9c80000 	C:\WINDOWS\SYSTEM32\windows.storage.dll
0x00007ffadcdd0000 - 0x00007ffadd125000 	C:\WINDOWS\System32\combase.dll
0x00007ffadafb0000 - 0x00007ffadafdc000 	C:\WINDOWS\SYSTEM32\Wldp.dll
0x00007ffadd240000 - 0x00007ffadd2ee000 	C:\WINDOWS\System32\SHCORE.dll
0x00007ffadc4a0000 - 0x00007ffadc4f5000 	C:\WINDOWS\System32\shlwapi.dll
0x00007ffadb550000 - 0x00007ffadb56f000 	C:\WINDOWS\SYSTEM32\profapi.dll
0x00007ffabd6c0000 - 0x00007ffabd6db000 	C:\Users\a.areiqat\Desktop\Katalon_Studio_Windows_64-8.0.0\Katalon_Studio_Windows_64-8.0.0\jre\bin\net.dll
0x00007ffadad90000 - 0x00007ffadadfa000 	C:\WINDOWS\system32\mswsock.dll
0x00007ffabd5e0000 - 0x00007ffabd5f1000 	C:\Users\a.areiqat\Desktop\Katalon_Studio_Windows_64-8.0.0\Katalon_Studio_Windows_64-8.0.0\jre\bin\nio.dll
0x00007ffac7330000 - 0x00007ffac733d000 	C:\Users\a.areiqat\Desktop\Katalon_Studio_Windows_64-8.0.0\Katalon_Studio_Windows_64-8.0.0\jre\bin\management.dll
0x00007ffabd580000 - 0x00007ffabd5a4000 	C:\Users\a.areiqat\Desktop\Katalon_Studio_Windows_64-8.0.0\Katalon_Studio_Windows_64-8.0.0\jre\bin\sunec.dll
0x00007ffadaff0000 - 0x00007ffadb008000 	C:\WINDOWS\SYSTEM32\CRYPTSP.dll
0x00007ffada6e0000 - 0x00007ffada714000 	C:\WINDOWS\system32\rsaenh.dll
0x00007ffadb840000 - 0x00007ffadb867000 	C:\WINDOWS\System32\bcrypt.dll
0x00007ffadb510000 - 0x00007ffadb53e000 	C:\WINDOWS\SYSTEM32\USERENV.dll
0x00007ffadb7c0000 - 0x00007ffadb840000 	C:\WINDOWS\System32\bcryptprimitives.dll
0x00007ffadaf10000 - 0x00007ffadaf1c000 	C:\WINDOWS\SYSTEM32\CRYPTBASE.dll
0x00007ffadaa50000 - 0x00007ffadaa8b000 	C:\WINDOWS\SYSTEM32\IPHLPAPI.DLL
0x00007ffadd520000 - 0x00007ffadd528000 	C:\WINDOWS\System32\NSI.dll
0x00007ffad5e50000 - 0x00007ffad5e67000 	C:\WINDOWS\SYSTEM32\dhcpcsvc6.DLL
0x00007ffad5da0000 - 0x00007ffad5dbd000 	C:\WINDOWS\SYSTEM32\dhcpcsvc.DLL
0x00007ffadaaa0000 - 0x00007ffadab6c000 	C:\WINDOWS\SYSTEM32\DNSAPI.dll
0x00007ffad41c0000 - 0x00007ffad41ca000 	C:\Windows\System32\rasadhlp.dll
0x00007ffad63a0000 - 0x00007ffad641f000 	C:\WINDOWS\System32\fwpuclnt.dll
0x00007ffad3db0000 - 0x00007ffad3dbc000 	C:\Users\a.areiqat\Desktop\Katalon_Studio_Windows_64-8.0.0\Katalon_Studio_Windows_64-8.0.0\jre\bin\sunmscapi.dll
0x00007ffadb950000 - 0x00007ffadbaaf000 	C:\WINDOWS\System32\CRYPT32.dll
0x00007ffadb0f0000 - 0x00007ffadb117000 	C:\WINDOWS\SYSTEM32\ncrypt.dll
0x00007ffadb0b0000 - 0x00007ffadb0eb000 	C:\WINDOWS\SYSTEM32\NTASN1.dll
0x00007ffac89c0000 - 0x00007ffac89d7000 	C:\WINDOWS\system32\napinsp.dll
0x00007ffac7c10000 - 0x00007ffac7c2b000 	C:\WINDOWS\system32\pnrpnsp.dll
0x00007ffad6500000 - 0x00007ffad6515000 	C:\WINDOWS\system32\wshbth.dll
0x00007ffad8ad0000 - 0x00007ffad8aed000 	C:\WINDOWS\system32\NLAapi.dll
0x00007ffac7e80000 - 0x00007ffac7e92000 	C:\WINDOWS\System32\winrnr.dll

VM Arguments:
jvm_args: -Dgroovy.home=C:\Users\a.areiqat/.groovy -Djava.system.class.loader=groovy.lang.GroovyClassLoader -Xmx2048m -Dfile.encoding=UTF-8 
java_command: org.codehaus.groovy.tools.GroovyStarter --classpath C:\Users\a.areiqat\Katalon Studio\Excluded Customers\bin\keyword;C:\Users\a.areiqat\Katalon Studio\Excluded Customers\Keywords;C:\Users\a.areiqat\Katalon Studio\Excluded Customers\bin\listener;C:\Users\a.areiqat\Katalon Studio\Excluded Customers\Test Listeners;C:\Users\a.areiqat\Katalon Studio\Excluded Customers\bin\lib;C:\Users\a.areiqat\Katalon Studio\Excluded Customers\Libs;C:\Users\a.areiqat\Katalon Studio\Excluded Customers\bin\groovy;C:\Users\a.areiqat\Katalon Studio\Excluded Customers\Include\scripts\groovy;C:\Users\a.areiqat\Desktop\Katalon_Studio_Windows_64-8.0.0\Katalon_Studio_Windows_64-8.0.0\plugins\com.kms.katalon.core_1.0.0.202105100507.jar;C:\Users\a.areiqat\Desktop\Katalon_Studio_Windows_64-8.0.0\Katalon_Studio_Windows_64-8.0.0\configuration\resources\lib\aalto-xml-1.0.0.jar;C:\Users\a.areiqat\Desktop\Katalon_Studio_Windows_64-8.0.0\Katalon_Studio_Windows_64-8.0.0\configuration\resources\lib\aspectjweaver-1.9.1.jar;C:\Users\a.areiqat\Desktop\Katalon_Studio_Windows_64-8.0.0\Katalon_Studio_Windows_64-8.0.0\configuration\resources\lib\bcpkix-jdk15on-1.64.jar;C:\Users\a.areiqat\Desktop\Katalon_Studio_Windows_64-8.0.0\Katalon_Studio_Windows_64-8.0.0\configuration\resources\lib\bcprov-jdk15on-1.64.jar;C:\Users\a.areiqat\Desktop\Katalon_Studio_Windows_64-8.0.0\Katalon_Studio_Windows_64-8.0.0\configuration\resources\lib\browsermob-core-2.1.5.jar;C:\Users\a.areiqat\Desktop\Katalon_Studio_Windows_64-8.0.0\Katalon_Studio_Windows_64-8.0.0\configuration\resources\lib\cglib-3.2.10.jar;C:\Users\a.areiqat\Desktop\Katalon_Studio_Windows_64-8.0.0\Katalon_Studio_Windows_64-8.0.0\configuration\resources\lib\commons-codec-1.10.jar;C:\Users\a.areiqat\Desktop\Katalon_Studio_Windows_64-8.0.0\Katalon_Studio_Windows_64-8.0.0\configuration\resources\lib\commons-collections4-4.1.jar;C:\Users\a.areiqat\Desktop\Katalon_Studio_Windows_64-8.0.0\Katalon_Studio_Windows_64-8.0.0\configuration\resources\lib\commons-val
java_class_path (initial): C:\Users\a.areiqat\Katalon Studio\Excluded Customers\bin\keyword;C:\Users\a.areiqat\Katalon Studio\Excluded Customers\bin\listener;C:\Users\a.areiqat\Katalon Studio\Excluded Customers\bin\lib;C:\Users\a.areiqat\Katalon Studio\Excluded Customers\bin\groovy;C:\Users\a.areiqat\Katalon Studio\Excluded Customers\bin;C:\Users\a.areiqat\Desktop\Katalon_Studio_Windows_64-8.0.0\Katalon_Studio_Windows_64-8.0.0\plugins\com.kms.katalon.core_1.0.0.202105100507.jar;C:\Users\a.areiqat\Desktop\Katalon_Studio_Windows_64-8.0.0\Katalon_Studio_Windows_64-8.0.0\configuration\resources\lib\aalto-xml-1.0.0.jar;C:\Users\a.areiqat\Desktop\Katalon_Studio_Windows_64-8.0.0\Katalon_Studio_Windows_64-8.0.0\configuration\resources\lib\aspectjweaver-1.9.1.jar;C:\Users\a.areiqat\Desktop\Katalon_Studio_Windows_64-8.0.0\Katalon_Studio_Windows_64-8.0.0\configuration\resources\lib\bcpkix-jdk15on-1.64.jar;C:\Users\a.areiqat\Desktop\Katalon_Studio_Windows_64-8.0.0\Katalon_Studio_Windows_64-8.0.0\configuration\resources\lib\bcprov-jdk15on-1.64.jar;C:\Users\a.areiqat\Desktop\Katalon_Studio_Windows_64-8.0.0\Katalon_Studio_Windows_64-8.0.0\configuration\resources\lib\browsermob-core-2.1.5.jar;C:\Users\a.areiqat\Desktop\Katalon_Studio_Windows_64-8.0.0\Katalon_Studio_Windows_64-8.0.0\configuration\resources\lib\cglib-3.2.10.jar;C:\Users\a.areiqat\Desktop\Katalon_Studio_Windows_64-8.0.0\Katalon_Studio_Windows_64-8.0.0\configuration\resources\lib\commons-codec-1.10.jar;C:\Users\a.areiqat\Desktop\Katalon_Studio_Windows_64-8.0.0\Katalon_Studio_Windows_64-8.0.0\configuration\resources\lib\commons-collections4-4.1.jar;C:\Users\a.areiqat\Desktop\Katalon_Studio_Windows_64-8.0.0\Katalon_Studio_Windows_64-8.0.0\configuration\resources\lib\commons-validator-1.6.jar;C:\Users\a.areiqat\Desktop\Katalon_Studio_Windows_64-8.0.0\Katalon_Studio_Windows_64-8.0.0\configuration\resources\lib\curvesapi-1.04.jar;C:\Users\a.areiqat\Desktop\Katalon_Studio_Windows_64-8.0.0\Katalon_Studio_Windows_64-8.0.0\co
Launcher Type: SUN_STANDARD

Environment Variables:
PATH=C:/Users/a.areiqat/Desktop/Katalon_Studio_Windows_64-8.0.0/Katalon_Studio_Windows_64-8.0.0/jre/bin/server;C:/Users/a.areiqat/Desktop/Katalon_Studio_Windows_64-8.0.0/Katalon_Studio_Windows_64-8.0.0/jre/bin;C:/Users/a.areiqat/Desktop/Katalon_Studio_Windows_64-8.0.0/Katalon_Studio_Windows_64-8.0.0/jre/lib/amd64;C:\Program Files (x86)\Common Files\Oracle\Java\javapath;C:\Program Files (x86)\VMware\VMware Player\bin\;C:\SybaseIQ\shared\Sybase Central 6.1.0\win32;C:\SybaseIQ\IQ-15_4\Bin32;C:\app\client\a.areiqat\product\12.2.0\client_1\bin;C:\app\a.areiqat\product\12.2.0\client_2;C:\Users\a.areiqat\AppData\Local\Temp\I1616494364\shared\Sybase Central 6.1.0\win32;C:\Users\a.areiqat\AppData\Local\Temp\I1616494364\IQ-15_4\Bin32;C:\app\a.areiqat\product\12.2.0\client_1;C:\Windows\system32;C:\Windows;C:\Windows\System32\Wbem;C:\Windows\System32\WindowsPowerShell\v1.0\;C:\Windows\System32\OpenSSH\;C:\Program Files\Git\cmd;C:\Users\a.areiqat\AppData\Local\Microsoft\WindowsApps;C:\Users\a.areiqat\AppData\Local\Programs\Microsoft VS Code\bin;C:\WebDriver\bin;;C:\WebDriver\bin";C:\WINDOWS\system32;C:\WINDOWS;C:\WINDOWS\System32\Wbem;C:\WINDOWS\System32\WindowsPowerShell\v1.0\;C:\WINDOWS\System32\OpenSSH\;C:\Program Files\Docker\Docker\resources\bin;C:\ProgramData\DockerDesktop\version-bin;C:\Users\a.areiqat\AppData\Local\Microsoft\WindowsApps;;C:\Users\a.areiqat\AppData\Local\Programs\Microsoft VS Code\bin;C:\Users\a.areiqat\Desktop\Katalon_Studio_Windows_64-8.0.0\Katalon_Studio_Windows_64-8.0.0;
USERNAME=a.areiqat
OS=Windows_NT
PROCESSOR_IDENTIFIER=Intel64 Family 6 Model 60 Stepping 3, GenuineIntel



---------------  S Y S T E M  ---------------

OS: Windows 10.0 , 64 bit Build 19041 (10.0.19041.928)
HyperV virtualization detected

CPU:total 8 (initial active 8) (4 cores per cpu, 2 threads per core) family 6 model 60 stepping 3, cmov, cx8, fxsr, mmx, sse, sse2, sse3, ssse3, sse4.1, sse4.2, popcnt, avx, avx2, aes, clmul, erms, lzcnt, ht, tsc, tscinvbit, bmi1, bmi2

Memory: 4k page, physical 8294108k(1569580k free), swap 33459932k(4188k free)

vm_info: OpenJDK 64-Bit Server VM (25.282-b08) for windows-amd64 JRE (Zulu 8.52.0.23-CA-win64) (1.8.0_282-b08), built on Jan 12 2021 07:45:49 by "tester" with MS VC++ 10.0 (VS2010)

time: Tue Jun 08 11:29:42 2021
timezone: Jordan Daylight Time
elapsed time: 11.346658 seconds (0d 0h 0m 11s)

