#
# There is insufficient memory for the Java Runtime Environment to continue.
# Native memory allocation (malloc) failed to allocate 172336 bytes for Chunk::new
# Possible reasons:
#   The system is out of physical RAM or swap space
#   The process is running with CompressedOops enabled, and the Java Heap may be blocking the growth of the native heap
# Possible solutions:
#   Reduce memory load on the system
#   Increase physical memory or swap space
#   Check if swap backing store is full
#   Decrease Java heap size (-Xmx/-Xms)
#   Decrease number of Java threads
#   Decrease Java thread stack sizes (-Xss)
#   Set larger code cache with -XX:ReservedCodeCacheSize=
#   JVM is running with Unscaled Compressed Oops mode in which the Java heap is
#     placed in the first 4GB address space. The Java Heap base address is the
#     maximum limit for the native heap growth. Please use -XX:HeapBaseMinAddress
#     to set the Java Heap base and to place the Java Heap above 4GB virtual address.
# This output file may be truncated or incomplete.
#
#  Out of Memory Error (allocation.cpp:389), pid=21728, tid=0x0000000000006688
#
# JRE version: OpenJDK Runtime Environment (Zulu 8.52.0.23-CA-win64) (8.0_282-b08) (build 1.8.0_282-b08)
# Java VM: OpenJDK 64-Bit Server VM (25.282-b08 mixed mode windows-amd64 compressed oops)
# Failed to write core dump. Minidumps are not enabled by default on client versions of Windows
#

---------------  T H R E A D  ---------------

Current thread (0x000000001ade8800):  JavaThread "C2 CompilerThread0" daemon [_thread_in_native, id=26248, stack(0x000000001b790000,0x000000001b890000)]

Stack: [0x000000001b790000,0x000000001b890000]
[error occurred during error reporting (printing stack bounds), id 0xc0000005]

Native frames: (J=compiled Java code, j=interpreted, Vv=VM code, C=native code)


Current CompileTask:
C2:  10251 2659       4       java.net.URLStreamHandler::parseURL (1193 bytes)


---------------  P R O C E S S  ---------------

Java Threads: ( => current thread )
  0x000000001c906800 JavaThread "ForkJoinPool.commonPool-worker-3" daemon [_thread_blocked, id=22612, stack(0x0000000021cf0000,0x0000000021df0000)]
  0x000000001f9e9800 JavaThread "ForkJoinPool.commonPool-worker-2" daemon [_thread_blocked, id=14072, stack(0x0000000021bf0000,0x0000000021cf0000)]
  0x000000001fb0e800 JavaThread "ForkJoinPool.commonPool-worker-1" daemon [_thread_in_Java, id=16444, stack(0x0000000021af0000,0x0000000021bf0000)]
  0x000000001fadd800 JavaThread "Keep-Alive-Timer" daemon [_thread_blocked, id=22576, stack(0x00000000219f0000,0x0000000021af0000)]
  0x000000001af3e000 JavaThread "Exec Stream Pumper" daemon [_thread_in_native, id=24004, stack(0x00000000218f0000,0x00000000219f0000)]
  0x000000001f2b6000 JavaThread "Exec Stream Pumper" daemon [_thread_in_native, id=224, stack(0x0000000021250000,0x0000000021350000)]
  0x000000001d220800 JavaThread "UrlChecker-2" daemon [_thread_blocked, id=26000, stack(0x0000000021380000,0x0000000021480000)]
  0x000000001aed5800 JavaThread "Exec Default Executor" daemon [_thread_in_native, id=10120, stack(0x00000000216f0000,0x00000000217f0000)]
  0x000000001ae1a000 JavaThread "Service Thread" daemon [_thread_blocked, id=8892, stack(0x000000001bc90000,0x000000001bd90000)]
  0x000000001ae19800 JavaThread "C1 CompilerThread3" daemon [_thread_in_native, id=21264, stack(0x000000001bb90000,0x000000001bc90000)]
  0x000000001adec000 JavaThread "C2 CompilerThread2" daemon [_thread_in_native, id=19492, stack(0x000000001b990000,0x000000001ba90000)]
  0x000000001adeb800 JavaThread "C2 CompilerThread1" daemon [_thread_in_native, id=13840, stack(0x000000001b890000,0x000000001b990000)]
=>0x000000001ade8800 JavaThread "C2 CompilerThread0" daemon [_thread_in_native, id=26248, stack(0x000000001b790000,0x000000001b890000)]
  0x000000001addb800 JavaThread "Attach Listener" daemon [_thread_blocked, id=11432, stack(0x000000001b690000,0x000000001b790000)]
  0x000000001addb000 JavaThread "Signal Dispatcher" daemon [_thread_blocked, id=1900, stack(0x000000001b590000,0x000000001b690000)]
  0x000000001a6b7000 JavaThread "Finalizer" daemon [_thread_blocked, id=9988, stack(0x000000001ab90000,0x000000001ac90000)]
  0x000000001a6b0800 JavaThread "Reference Handler" daemon [_thread_blocked, id=18944, stack(0x000000001aa90000,0x000000001ab90000)]
  0x0000000003758000 JavaThread "Forwarding newSession on session null to remote" [_thread_in_vm, id=21360, stack(0x0000000003630000,0x0000000003730000)]

Other Threads:
  0x00000000188b4000 VMThread [stack: 0x000000001a590000,0x000000001a690000] [id=21116]
  0x000000001ae86000 WatcherThread [stack: 0x000000001bd90000,0x000000001be90000] [id=14080]

VM state:not at safepoint (normal execution)

VM Mutex/Monitor currently owned by a thread:  ([mutex/lock_event])
[0x0000000003756380] Compile_lock - owner thread: 0x0000000000000000

heap address: 0x0000000080000000, size: 2048 MB, Compressed Oops mode: 32-bit
Narrow klass base: 0x0000000000000000, Narrow klass shift: 3
Compressed class space size: 1073741824 Address: 0x0000000100000000

Heap:
 PSYoungGen      total 67072K, used 60385K [0x00000000d5580000, 0x00000000da000000, 0x0000000100000000)
  eden space 60928K, 92% used [0x00000000d5580000,0x00000000d8cc91d8,0x00000000d9100000)
  from space 6144K, 61% used [0x00000000d9a00000,0x00000000d9daf608,0x00000000da000000)
  to   space 7680K, 0% used [0x00000000d9100000,0x00000000d9100000,0x00000000d9880000)
 ParOldGen       total 67584K, used 12725K [0x0000000080000000, 0x0000000084200000, 0x00000000d5580000)
  object space 67584K, 18% used [0x0000000080000000,0x0000000080c6d6f0,0x0000000084200000)
 Metaspace       used 29406K, capacity 30332K, committed 30592K, reserved 1075200K
  class space    used 3621K, capacity 3900K, committed 3968K, reserved 1048576K

Card table byte_map: [0x0000000012c00000,0x0000000013010000] byte_map_base: 0x0000000012800000

Marking Bits: (ParMarkBitMap*) 0x000000005f161f00
 Begin Bits: [0x0000000013ac0000, 0x0000000015ac0000)
 End Bits:   [0x0000000015ac0000, 0x0000000017ac0000)

Polling page: 0x0000000003550000

CodeCache: size=245760Kb used=10816Kb max_used=10830Kb free=234943Kb
 bounds [0x0000000003840000, 0x00000000042e0000, 0x0000000012840000]
 total_blobs=3328 nmethods=2661 adapters=578
 compilation: enabled

Compilation events (10 events):
Event: 10.244 Thread 0x000000001ae19800 2707       3       java.lang.invoke.MethodType::basicType (8 bytes)
Event: 10.244 Thread 0x000000001ae19800 nmethod 2707 0x00000000042c6e50 code [0x00000000042c6fa0, 0x00000000042c7190]
Event: 10.244 Thread 0x000000001ae19800 2710       3       java.lang.invoke.AbstractValidatingLambdaMetafactory::isAdaptableTo (126 bytes)
Event: 10.245 Thread 0x000000001ae19800 nmethod 2710 0x00000000042c7250 code [0x00000000042c74c0, 0x00000000042c83c8]
Event: 10.245 Thread 0x000000001ae19800 2708       3       java.lang.invoke.MethodHandle::setVarargs (38 bytes)
Event: 10.246 Thread 0x000000001ae19800 nmethod 2708 0x00000000042c8990 code [0x00000000042c8b80, 0x00000000042c9628]
Event: 10.246 Thread 0x000000001ae19800 2709       3       java.lang.invoke.MemberName::isVarargs (23 bytes)
Event: 10.246 Thread 0x000000001ae19800 nmethod 2709 0x00000000042c99d0 code [0x00000000042c9b60, 0x00000000042ca0d0]
Event: 10.248 Thread 0x000000001ae19800 2711       3       java.util.stream.ReferencePipeline$2$1::accept (27 bytes)
Event: 10.248 Thread 0x000000001ae19800 nmethod 2711 0x00000000042ca250 code [0x00000000042ca3c0, 0x00000000042ca6f8]

GC Heap History (10 events):
Event: 5.115 GC heap before
{Heap before GC invocations=9 (full 0):
 PSYoungGen      total 38912K, used 34996K [0x00000000d5580000, 0x00000000d8400000, 0x0000000100000000)
  eden space 31232K, 100% used [0x00000000d5580000,0x00000000d7400000,0x00000000d7400000)
  from space 7680K, 49% used [0x00000000d7c00000,0x00000000d7fad350,0x00000000d8380000)
  to   space 8192K, 0% used [0x00000000d7400000,0x00000000d7400000,0x00000000d7c00000)
 ParOldGen       total 87552K, used 6081K [0x0000000080000000, 0x0000000085580000, 0x00000000d5580000)
  object space 87552K, 6% used [0x0000000080000000,0x00000000805f0708,0x0000000085580000)
 Metaspace       used 20368K, capacity 20708K, committed 20864K, reserved 1067008K
  class space    used 2262K, capacity 2407K, committed 2432K, reserved 1048576K
Event: 5.121 GC heap after
Heap after GC invocations=9 (full 0):
 PSYoungGen      total 39424K, used 5304K [0x00000000d5580000, 0x00000000d9580000, 0x0000000100000000)
  eden space 31232K, 0% used [0x00000000d5580000,0x00000000d5580000,0x00000000d7400000)
  from space 8192K, 64% used [0x00000000d7400000,0x00000000d792e090,0x00000000d7c00000)
  to   space 7680K, 0% used [0x00000000d8e00000,0x00000000d8e00000,0x00000000d9580000)
 ParOldGen       total 87552K, used 7813K [0x0000000080000000, 0x0000000085580000, 0x00000000d5580000)
  object space 87552K, 8% used [0x0000000080000000,0x00000000807a17e8,0x0000000085580000)
 Metaspace       used 20368K, capacity 20708K, committed 20864K, reserved 1067008K
  class space    used 2262K, capacity 2407K, committed 2432K, reserved 1048576K
}
Event: 5.410 GC heap before
{Heap before GC invocations=10 (full 0):
 PSYoungGen      total 39424K, used 30216K [0x00000000d5580000, 0x00000000d9580000, 0x0000000100000000)
  eden space 31232K, 79% used [0x00000000d5580000,0x00000000d6dd42e0,0x00000000d7400000)
  from space 8192K, 64% used [0x00000000d7400000,0x00000000d792e090,0x00000000d7c00000)
  to   space 7680K, 0% used [0x00000000d8e00000,0x00000000d8e00000,0x00000000d9580000)
 ParOldGen       total 87552K, used 7813K [0x0000000080000000, 0x0000000085580000, 0x00000000d5580000)
  object space 87552K, 8% used [0x0000000080000000,0x00000000807a17e8,0x0000000085580000)
 Metaspace       used 20852K, capacity 21146K, committed 21248K, reserved 1069056K
  class space    used 2340K, capacity 2493K, committed 2560K, reserved 1048576K
Event: 5.415 GC heap after
Heap after GC invocations=10 (full 0):
 PSYoungGen      total 57856K, used 4665K [0x00000000d5580000, 0x00000000d9580000, 0x0000000100000000)
  eden space 50176K, 0% used [0x00000000d5580000,0x00000000d5580000,0x00000000d8680000)
  from space 7680K, 60% used [0x00000000d8e00000,0x00000000d928e6b0,0x00000000d9580000)
  to   space 7680K, 0% used [0x00000000d8680000,0x00000000d8680000,0x00000000d8e00000)
 ParOldGen       total 87552K, used 9496K [0x0000000080000000, 0x0000000085580000, 0x00000000d5580000)
  object space 87552K, 10% used [0x0000000080000000,0x0000000080946058,0x0000000085580000)
 Metaspace       used 20852K, capacity 21146K, committed 21248K, reserved 1069056K
  class space    used 2340K, capacity 2493K, committed 2560K, reserved 1048576K
}
Event: 5.415 GC heap before
{Heap before GC invocations=11 (full 1):
 PSYoungGen      total 57856K, used 4665K [0x00000000d5580000, 0x00000000d9580000, 0x0000000100000000)
  eden space 50176K, 0% used [0x00000000d5580000,0x00000000d5580000,0x00000000d8680000)
  from space 7680K, 60% used [0x00000000d8e00000,0x00000000d928e6b0,0x00000000d9580000)
  to   space 7680K, 0% used [0x00000000d8680000,0x00000000d8680000,0x00000000d8e00000)
 ParOldGen       total 87552K, used 9496K [0x0000000080000000, 0x0000000085580000, 0x00000000d5580000)
  object space 87552K, 10% used [0x0000000080000000,0x0000000080946058,0x0000000085580000)
 Metaspace       used 20852K, capacity 21146K, committed 21248K, reserved 1069056K
  class space    used 2340K, capacity 2493K, committed 2560K, reserved 1048576K
Event: 5.498 GC heap after
Heap after GC invocations=11 (full 1):
 PSYoungGen      total 57856K, used 0K [0x00000000d5580000, 0x00000000d9580000, 0x0000000100000000)
  eden space 50176K, 0% used [0x00000000d5580000,0x00000000d5580000,0x00000000d8680000)
  from space 7680K, 0% used [0x00000000d8e00000,0x00000000d8e00000,0x00000000d9580000)
  to   space 7680K, 0% used [0x00000000d8680000,0x00000000d8680000,0x00000000d8e00000)
 ParOldGen       total 67584K, used 12709K [0x0000000080000000, 0x0000000084200000, 0x00000000d5580000)
  object space 67584K, 18% used [0x0000000080000000,0x0000000080c696f0,0x0000000084200000)
 Metaspace       used 20852K, capacity 21146K, committed 21248K, reserved 1069056K
  class space    used 2340K, capacity 2493K, committed 2560K, reserved 1048576K
}
Event: 6.334 GC heap before
{Heap before GC invocations=12 (full 1):
 PSYoungGen      total 57856K, used 50176K [0x00000000d5580000, 0x00000000d9580000, 0x0000000100000000)
  eden space 50176K, 100% used [0x00000000d5580000,0x00000000d8680000,0x00000000d8680000)
  from space 7680K, 0% used [0x00000000d8e00000,0x00000000d8e00000,0x00000000d9580000)
  to   space 7680K, 0% used [0x00000000d8680000,0x00000000d8680000,0x00000000d8e00000)
 ParOldGen       total 67584K, used 12709K [0x0000000080000000, 0x0000000084200000, 0x00000000d5580000)
  object space 67584K, 18% used [0x0000000080000000,0x0000000080c696f0,0x0000000084200000)
 Metaspace       used 22578K, capacity 22976K, committed 23040K, reserved 1069056K
  class space    used 2631K, capacity 2782K, committed 2816K, reserved 1048576K
Event: 6.336 GC heap after
Heap after GC invocations=12 (full 1):
 PSYoungGen      total 57856K, used 2228K [0x00000000d5580000, 0x00000000da180000, 0x0000000100000000)
  eden space 50176K, 0% used [0x00000000d5580000,0x00000000d5580000,0x00000000d8680000)
  from space 7680K, 29% used [0x00000000d8680000,0x00000000d88ad0f8,0x00000000d8e00000)
  to   space 7680K, 0% used [0x00000000d9a00000,0x00000000d9a00000,0x00000000da180000)
 ParOldGen       total 67584K, used 12717K [0x0000000080000000, 0x0000000084200000, 0x00000000d5580000)
  object space 67584K, 18% used [0x0000000080000000,0x0000000080c6b6f0,0x0000000084200000)
 Metaspace       used 22578K, capacity 22976K, committed 23040K, reserved 1069056K
  class space    used 2631K, capacity 2782K, committed 2816K, reserved 1048576K
}
Event: 8.446 GC heap before
{Heap before GC invocations=13 (full 1):
 PSYoungGen      total 57856K, used 52404K [0x00000000d5580000, 0x00000000da180000, 0x0000000100000000)
  eden space 50176K, 100% used [0x00000000d5580000,0x00000000d8680000,0x00000000d8680000)
  from space 7680K, 29% used [0x00000000d8680000,0x00000000d88ad0f8,0x00000000d8e00000)
  to   space 7680K, 0% used [0x00000000d9a00000,0x00000000d9a00000,0x00000000da180000)
 ParOldGen       total 67584K, used 12717K [0x0000000080000000, 0x0000000084200000, 0x00000000d5580000)
  object space 67584K, 18% used [0x0000000080000000,0x0000000080c6b6f0,0x0000000084200000)
 Metaspace       used 24798K, capacity 25164K, committed 25472K, reserved 1071104K
  class space    used 2963K, capacity 3105K, committed 3200K, reserved 1048576K
Event: 8.452 GC heap after
Heap after GC invocations=13 (full 1):
 PSYoungGen      total 67072K, used 3773K [0x00000000d5580000, 0x00000000da000000, 0x0000000100000000)
  eden space 60928K, 0% used [0x00000000d5580000,0x00000000d5580000,0x00000000d9100000)
  from space 6144K, 61% used [0x00000000d9a00000,0x00000000d9daf608,0x00000000da000000)
  to   space 7680K, 0% used [0x00000000d9100000,0x00000000d9100000,0x00000000d9880000)
 ParOldGen       total 67584K, used 12725K [0x0000000080000000, 0x0000000084200000, 0x00000000d5580000)
  object space 67584K, 18% used [0x0000000080000000,0x0000000080c6d6f0,0x0000000084200000)
 Metaspace       used 24798K, capacity 25164K, committed 25472K, reserved 1071104K
  class space    used 2963K, capacity 3105K, committed 3200K, reserved 1048576K
}

Deoptimization events (10 events):
Event: 9.152 Thread 0x0000000003758000 Uncommon trap: reason=unstable_if action=reinterpret pc=0x0000000003c2e6f0 method=java.util.HashMap.putVal(ILjava/lang/Object;Ljava/lang/Object;ZZ)Ljava/lang/Object; @ 236
Event: 9.171 Thread 0x0000000003758000 Uncommon trap: reason=bimorphic action=maybe_recompile pc=0x0000000004078c0c method=java.net.URL.<init>(Ljava/net/URL;Ljava/lang/String;Ljava/net/URLStreamHandler;)V @ 504
Event: 9.172 Thread 0x0000000003758000 Uncommon trap: reason=unstable_if action=reinterpret pc=0x0000000003adf2a8 method=sun.net.util.IPAddressUtil.scan(Ljava/lang/String;JJ[C)I @ 14
Event: 9.232 Thread 0x0000000003758000 Uncommon trap: reason=unstable_if action=reinterpret pc=0x0000000003fce654 method=java.lang.StringCoding.safeTrim([CILjava/nio/charset/Charset;Z)[C @ 3
Event: 9.232 Thread 0x0000000003758000 Uncommon trap: reason=unstable_if action=reinterpret pc=0x0000000003f4e2c0 method=java.lang.CharacterData.of(I)Ljava/lang/CharacterData; @ 4
Event: 9.246 Thread 0x0000000003758000 Uncommon trap: reason=unstable_if action=reinterpret pc=0x0000000003fc7a58 method=java.lang.StringCoding.safeTrim([CILjava/nio/charset/Charset;Z)[C @ 3
Event: 9.246 Thread 0x0000000003758000 Uncommon trap: reason=unstable_if action=reinterpret pc=0x0000000003fbd5bc method=java.lang.StringCoding.safeTrim([CILjava/nio/charset/Charset;Z)[C @ 3
Event: 9.333 Thread 0x0000000003758000 Uncommon trap: reason=unstable_if action=reinterpret pc=0x00000000039f3c24 method=java.lang.String.replace(CC)Ljava/lang/String; @ 2
Event: 9.338 Thread 0x0000000003758000 Uncommon trap: reason=unstable_if action=reinterpret pc=0x0000000003ad6a38 method=sun.net.util.IPAddressUtil.scan(Ljava/lang/String;JJ[C)I @ 14
Event: 10.235 Thread 0x000000001fb0e800 Uncommon trap: reason=unstable_if action=reinterpret pc=0x0000000003a80848 method=java.util.concurrent.ConcurrentHashMap.putVal(Ljava/lang/Object;Ljava/lang/Object;Z)Ljava/lang/Object; @ 206

Classes redefined (0 events):
No events

Internal exceptions (10 events):
Event: 8.467 Thread 0x0000000003758000 Exception <a 'java/lang/ClassNotFoundException': com/kms/katalon/core/keyword/internal/AbstractKeywordBeanInfo> (0x00000000d56ee030) thrown at [C:\jenkins\workspace\zulu8-silver-build-win64\zulu-src\hotspot\src\share\vm\classfile\systemDictionary.cpp, lin
Event: 8.474 Thread 0x0000000003758000 Exception <a 'java/lang/ClassNotFoundException': com/kms/katalon/core/keyword/internal/AbstractKeywordCustomizer> (0x00000000d57c3808) thrown at [C:\jenkins\workspace\zulu8-silver-build-win64\zulu-src\hotspot\src\share\vm\classfile\systemDictionary.cpp, l
Event: 8.483 Thread 0x0000000003758000 Exception <a 'java/lang/ClassNotFoundException': com/kms/katalon/core/webui/keyword/internal/WebUIAbstractKeywordCustomizer> (0x00000000d58b61e0) thrown at [C:\jenkins\workspace\zulu8-silver-build-win64\zulu-src\hotspot\src\share\vm\classfile\systemDictio
Event: 8.490 Thread 0x0000000003758000 Exception <a 'java/lang/ClassNotFoundException': com/kms/katalon/core/webui/keyword/builtin/OpenBrowserKeywordCustomizer> (0x00000000d59a3e50) thrown at [C:\jenkins\workspace\zulu8-silver-build-win64\zulu-src\hotspot\src\share\vm\classfile\systemDictionar
Event: 8.512 Thread 0x0000000003758000 Exception <a 'java/lang/ClassNotFoundException': com/kms/katalon/core/webui/keyword/builtin/InternalSmartWaitGroovyWrapperBeanInfo> (0x00000000d5c29a18) thrown at [C:\jenkins\workspace\zulu8-silver-build-win64\zulu-src\hotspot\src\share\vm\classfile\syste
Event: 8.526 Thread 0x0000000003758000 Exception <a 'java/lang/ClassNotFoundException': com/kms/katalon/core/webui/keyword/builtin/InternalSmartWaitGroovyWrapperCustomizer> (0x00000000d5d2a958) thrown at [C:\jenkins\workspace\zulu8-silver-build-win64\zulu-src\hotspot\src\share\vm\classfile\sys
Event: 9.872 Thread 0x000000001d220800 Exception <a 'java/net/SocketTimeoutException': connect timed out> (0x00000000d7d68b80) thrown at [C:\jenkins\workspace\zulu8-silver-build-win64\zulu-src\hotspot\src\share\vm\prims\jni.cpp, line 738]
Event: 9.946 Thread 0x0000000003758000 Exception <a 'java/lang/IncompatibleClassChangeError': Found class java.lang.Object, but interface was expected> (0x00000000d7fe9610) thrown at [C:\jenkins\workspace\zulu8-silver-build-win64\zulu-src\hotspot\src\share\vm\interpreter\linkResolver.cpp, line
Event: 9.951 Thread 0x0000000003758000 Exception <a 'java/lang/NoSuchMethodError': java.lang.Object.lambda$or$2(Ljava/util/function/Predicate;Ljava/lang/Object;)Z> (0x00000000d8007878) thrown at [C:\jenkins\workspace\zulu8-silver-build-win64\zulu-src\hotspot\src\share\vm\interpreter\linkResolv
Event: 10.080 Thread 0x0000000003758000 Exception <a 'java/lang/NoSuchMethodError': java.lang.Object.lambda$chars$0()Ljava/util/Spliterator$OfInt;> (0x00000000d83bc820) thrown at [C:\jenkins\workspace\zulu8-silver-build-win64\zulu-src\hotspot\src\share\vm\interpreter\linkResolver.cpp, line 620]

Events (10 events):
Event: 10.243 loading class com/google/common/collect/ImmutableMap$Builder
Event: 10.243 loading class com/google/common/collect/ImmutableMap$Builder done
Event: 10.243 loading class com/google/common/collect/ImmutableMap$Builder
Event: 10.243 loading class com/google/common/collect/ImmutableMap$Builder done
Event: 10.243 loading class com/google/common/collect/ImmutableMap
Event: 10.243 loading class com/google/common/collect/ImmutableMap done
Event: 10.244 loading class com/google/common/collect/ImmutableMap$Builder
Event: 10.244 loading class com/google/common/collect/ImmutableMap$Builder done
Event: 10.248 Executing VM operation: RevokeBias
Event: 10.248 Executing VM operation: RevokeBias done


Dynamic libraries:
0x00007ff67a340000 - 0x00007ff67a375000 	C:\Users\a.areiqat\Desktop\Katalon_Studio_Windows_64-8.0.0\Katalon_Studio_Windows_64-8.0.0\jre\bin\javaw.exe
0x00007ffadded0000 - 0x00007ffade0c5000 	C:\WINDOWS\SYSTEM32\ntdll.dll
0x00007ffadd460000 - 0x00007ffadd51d000 	C:\WINDOWS\System32\KERNEL32.DLL
0x00007ffadbc60000 - 0x00007ffadbf28000 	C:\WINDOWS\System32\KERNELBASE.dll
0x00007ffab3190000 - 0x00007ffab3281000 	C:\Program Files\Bitdefender\Endpoint Security\atcuf\dlls_265326253211586540\atcuf64.dll
0x00007ffadd930000 - 0x00007ffadd9dc000 	C:\WINDOWS\System32\ADVAPI32.dll
0x00007ffaddc60000 - 0x00007ffaddcfe000 	C:\WINDOWS\System32\msvcrt.dll
0x00007ffadd3c0000 - 0x00007ffadd45b000 	C:\WINDOWS\System32\sechost.dll
0x00007ffadcc80000 - 0x00007ffadcdab000 	C:\WINDOWS\System32\RPCRT4.dll
0x00007ffadd9e0000 - 0x00007ffaddb80000 	C:\WINDOWS\System32\USER32.dll
0x00007ffadb920000 - 0x00007ffadb942000 	C:\WINDOWS\System32\win32u.dll
0x00007ffadcc50000 - 0x00007ffadcc7a000 	C:\WINDOWS\System32\GDI32.dll
0x00007ffadbb50000 - 0x00007ffadbc5b000 	C:\WINDOWS\System32\gdi32full.dll
0x00007ffadbab0000 - 0x00007ffadbb4d000 	C:\WINDOWS\System32\msvcp_win.dll
0x00007ffadb610000 - 0x00007ffadb710000 	C:\WINDOWS\System32\ucrtbase.dll
0x00007ffac8bb0000 - 0x00007ffac8e4a000 	C:\WINDOWS\WinSxS\amd64_microsoft.windows.common-controls_6595b64144ccf1df_6.0.19041.844_none_ca00b6081b84eb1d\COMCTL32.dll
0x00007ffadd760000 - 0x00007ffadd790000 	C:\WINDOWS\System32\IMM32.DLL
0x000000005d6d0000 - 0x000000005d7a2000 	C:\Users\a.areiqat\Desktop\Katalon_Studio_Windows_64-8.0.0\Katalon_Studio_Windows_64-8.0.0\jre\bin\msvcr100.dll
0x000000005e920000 - 0x000000005f1e5000 	C:\Users\a.areiqat\Desktop\Katalon_Studio_Windows_64-8.0.0\Katalon_Studio_Windows_64-8.0.0\jre\bin\server\jvm.dll
0x00007ffadd790000 - 0x00007ffadd798000 	C:\WINDOWS\System32\PSAPI.DLL
0x00007ffad5b90000 - 0x00007ffad5b99000 	C:\WINDOWS\SYSTEM32\WSOCK32.dll
0x00007ffadde20000 - 0x00007ffadde8b000 	C:\WINDOWS\System32\WS2_32.dll
0x00007ffaca3a0000 - 0x00007ffaca3c7000 	C:\WINDOWS\SYSTEM32\WINMM.dll
0x00007ffac9430000 - 0x00007ffac943a000 	C:\WINDOWS\SYSTEM32\VERSION.dll
0x00007ffad8be0000 - 0x00007ffad8bef000 	C:\Users\a.areiqat\Desktop\Katalon_Studio_Windows_64-8.0.0\Katalon_Studio_Windows_64-8.0.0\jre\bin\verify.dll
0x00007ffad0dc0000 - 0x00007ffad0de9000 	C:\Users\a.areiqat\Desktop\Katalon_Studio_Windows_64-8.0.0\Katalon_Studio_Windows_64-8.0.0\jre\bin\java.dll
0x00007ffad5930000 - 0x00007ffad5946000 	C:\Users\a.areiqat\Desktop\Katalon_Studio_Windows_64-8.0.0\Katalon_Studio_Windows_64-8.0.0\jre\bin\zip.dll
0x00007ffadc500000 - 0x00007ffadcc42000 	C:\WINDOWS\System32\SHELL32.dll
0x00007ffad94f0000 - 0x00007ffad9c80000 	C:\WINDOWS\SYSTEM32\windows.storage.dll
0x00007ffadcdd0000 - 0x00007ffadd125000 	C:\WINDOWS\System32\combase.dll
0x00007ffadafb0000 - 0x00007ffadafdc000 	C:\WINDOWS\SYSTEM32\Wldp.dll
0x00007ffadd240000 - 0x00007ffadd2ee000 	C:\WINDOWS\System32\SHCORE.dll
0x00007ffadc4a0000 - 0x00007ffadc4f5000 	C:\WINDOWS\System32\shlwapi.dll
0x00007ffadb550000 - 0x00007ffadb56f000 	C:\WINDOWS\SYSTEM32\profapi.dll
0x00007ffad3460000 - 0x00007ffad347b000 	C:\Users\a.areiqat\Desktop\Katalon_Studio_Windows_64-8.0.0\Katalon_Studio_Windows_64-8.0.0\jre\bin\net.dll
0x00007ffadad90000 - 0x00007ffadadfa000 	C:\WINDOWS\system32\mswsock.dll
0x00007ffad3380000 - 0x00007ffad3391000 	C:\Users\a.areiqat\Desktop\Katalon_Studio_Windows_64-8.0.0\Katalon_Studio_Windows_64-8.0.0\jre\bin\nio.dll
0x00007ffadaff0000 - 0x00007ffadb008000 	C:\WINDOWS\SYSTEM32\CRYPTSP.dll
0x00007ffada6e0000 - 0x00007ffada714000 	C:\WINDOWS\system32\rsaenh.dll
0x00007ffadb840000 - 0x00007ffadb867000 	C:\WINDOWS\System32\bcrypt.dll
0x00007ffadb510000 - 0x00007ffadb53e000 	C:\WINDOWS\SYSTEM32\USERENV.dll
0x00007ffadb7c0000 - 0x00007ffadb840000 	C:\WINDOWS\System32\bcryptprimitives.dll
0x00007ffadaf10000 - 0x00007ffadaf1c000 	C:\WINDOWS\SYSTEM32\CRYPTBASE.dll
0x00007ffadaa50000 - 0x00007ffadaa8b000 	C:\WINDOWS\SYSTEM32\IPHLPAPI.DLL
0x00007ffadd520000 - 0x00007ffadd528000 	C:\WINDOWS\System32\NSI.dll
0x00007ffad5e50000 - 0x00007ffad5e67000 	C:\WINDOWS\SYSTEM32\dhcpcsvc6.DLL
0x00007ffad5da0000 - 0x00007ffad5dbd000 	C:\WINDOWS\SYSTEM32\dhcpcsvc.DLL
0x00007ffadaaa0000 - 0x00007ffadab6c000 	C:\WINDOWS\SYSTEM32\DNSAPI.dll
0x00007ffad41c0000 - 0x00007ffad41ca000 	C:\Windows\System32\rasadhlp.dll
0x00007ffad63a0000 - 0x00007ffad641f000 	C:\WINDOWS\System32\fwpuclnt.dll
0x00007ffacfd20000 - 0x00007ffacfd44000 	C:\Users\a.areiqat\Desktop\Katalon_Studio_Windows_64-8.0.0\Katalon_Studio_Windows_64-8.0.0\jre\bin\sunec.dll
0x00007ffad8b10000 - 0x00007ffad8b1c000 	C:\Users\a.areiqat\Desktop\Katalon_Studio_Windows_64-8.0.0\Katalon_Studio_Windows_64-8.0.0\jre\bin\sunmscapi.dll
0x00007ffadb950000 - 0x00007ffadbaaf000 	C:\WINDOWS\System32\CRYPT32.dll
0x00007ffadb0f0000 - 0x00007ffadb117000 	C:\WINDOWS\SYSTEM32\ncrypt.dll
0x00007ffadb0b0000 - 0x00007ffadb0eb000 	C:\WINDOWS\SYSTEM32\NTASN1.dll

VM Arguments:
jvm_args: -Dgroovy.home=C:\Users\a.areiqat/.groovy -Djava.system.class.loader=groovy.lang.GroovyClassLoader -Xmx2048m -Dfile.encoding=UTF-8 
java_command: org.codehaus.groovy.tools.GroovyStarter --classpath C:\Users\a.areiqat\Katalon Studio\Excluded Customers\bin\keyword;C:\Users\a.areiqat\Katalon Studio\Excluded Customers\Keywords;C:\Users\a.areiqat\Katalon Studio\Excluded Customers\bin\listener;C:\Users\a.areiqat\Katalon Studio\Excluded Customers\Test Listeners;C:\Users\a.areiqat\Katalon Studio\Excluded Customers\bin\lib;C:\Users\a.areiqat\Katalon Studio\Excluded Customers\Libs;C:\Users\a.areiqat\Katalon Studio\Excluded Customers\bin\groovy;C:\Users\a.areiqat\Katalon Studio\Excluded Customers\Include\scripts\groovy;C:\Users\a.areiqat\Desktop\Katalon_Studio_Windows_64-8.0.0\Katalon_Studio_Windows_64-8.0.0\plugins\com.kms.katalon.core_1.0.0.202105100507.jar;C:\Users\a.areiqat\Desktop\Katalon_Studio_Windows_64-8.0.0\Katalon_Studio_Windows_64-8.0.0\configuration\resources\lib\aalto-xml-1.0.0.jar;C:\Users\a.areiqat\Desktop\Katalon_Studio_Windows_64-8.0.0\Katalon_Studio_Windows_64-8.0.0\configuration\resources\lib\aspectjweaver-1.9.1.jar;C:\Users\a.areiqat\Desktop\Katalon_Studio_Windows_64-8.0.0\Katalon_Studio_Windows_64-8.0.0\configuration\resources\lib\bcpkix-jdk15on-1.64.jar;C:\Users\a.areiqat\Desktop\Katalon_Studio_Windows_64-8.0.0\Katalon_Studio_Windows_64-8.0.0\configuration\resources\lib\bcprov-jdk15on-1.64.jar;C:\Users\a.areiqat\Desktop\Katalon_Studio_Windows_64-8.0.0\Katalon_Studio_Windows_64-8.0.0\configuration\resources\lib\browsermob-core-2.1.5.jar;C:\Users\a.areiqat\Desktop\Katalon_Studio_Windows_64-8.0.0\Katalon_Studio_Windows_64-8.0.0\configuration\resources\lib\cglib-3.2.10.jar;C:\Users\a.areiqat\Desktop\Katalon_Studio_Windows_64-8.0.0\Katalon_Studio_Windows_64-8.0.0\configuration\resources\lib\commons-codec-1.10.jar;C:\Users\a.areiqat\Desktop\Katalon_Studio_Windows_64-8.0.0\Katalon_Studio_Windows_64-8.0.0\configuration\resources\lib\commons-collections4-4.1.jar;C:\Users\a.areiqat\Desktop\Katalon_Studio_Windows_64-8.0.0\Katalon_Studio_Windows_64-8.0.0\configuration\resources\lib\commons-val
java_class_path (initial): C:\Users\a.areiqat\Katalon Studio\Excluded Customers\bin\keyword;C:\Users\a.areiqat\Katalon Studio\Excluded Customers\bin\listener;C:\Users\a.areiqat\Katalon Studio\Excluded Customers\bin\lib;C:\Users\a.areiqat\Katalon Studio\Excluded Customers\bin\groovy;C:\Users\a.areiqat\Katalon Studio\Excluded Customers\bin;C:\Users\a.areiqat\Desktop\Katalon_Studio_Windows_64-8.0.0\Katalon_Studio_Windows_64-8.0.0\plugins\com.kms.katalon.core_1.0.0.202105100507.jar;C:\Users\a.areiqat\Desktop\Katalon_Studio_Windows_64-8.0.0\Katalon_Studio_Windows_64-8.0.0\configuration\resources\lib\aalto-xml-1.0.0.jar;C:\Users\a.areiqat\Desktop\Katalon_Studio_Windows_64-8.0.0\Katalon_Studio_Windows_64-8.0.0\configuration\resources\lib\aspectjweaver-1.9.1.jar;C:\Users\a.areiqat\Desktop\Katalon_Studio_Windows_64-8.0.0\Katalon_Studio_Windows_64-8.0.0\configuration\resources\lib\bcpkix-jdk15on-1.64.jar;C:\Users\a.areiqat\Desktop\Katalon_Studio_Windows_64-8.0.0\Katalon_Studio_Windows_64-8.0.0\configuration\resources\lib\bcprov-jdk15on-1.64.jar;C:\Users\a.areiqat\Desktop\Katalon_Studio_Windows_64-8.0.0\Katalon_Studio_Windows_64-8.0.0\configuration\resources\lib\browsermob-core-2.1.5.jar;C:\Users\a.areiqat\Desktop\Katalon_Studio_Windows_64-8.0.0\Katalon_Studio_Windows_64-8.0.0\configuration\resources\lib\cglib-3.2.10.jar;C:\Users\a.areiqat\Desktop\Katalon_Studio_Windows_64-8.0.0\Katalon_Studio_Windows_64-8.0.0\configuration\resources\lib\commons-codec-1.10.jar;C:\Users\a.areiqat\Desktop\Katalon_Studio_Windows_64-8.0.0\Katalon_Studio_Windows_64-8.0.0\configuration\resources\lib\commons-collections4-4.1.jar;C:\Users\a.areiqat\Desktop\Katalon_Studio_Windows_64-8.0.0\Katalon_Studio_Windows_64-8.0.0\configuration\resources\lib\commons-validator-1.6.jar;C:\Users\a.areiqat\Desktop\Katalon_Studio_Windows_64-8.0.0\Katalon_Studio_Windows_64-8.0.0\configuration\resources\lib\curvesapi-1.04.jar;C:\Users\a.areiqat\Desktop\Katalon_Studio_Windows_64-8.0.0\Katalon_Studio_Windows_64-8.0.0\co
Launcher Type: SUN_STANDARD

Environment Variables:
PATH=C:/Users/a.areiqat/Desktop/Katalon_Studio_Windows_64-8.0.0/Katalon_Studio_Windows_64-8.0.0/jre/bin/server;C:/Users/a.areiqat/Desktop/Katalon_Studio_Windows_64-8.0.0/Katalon_Studio_Windows_64-8.0.0/jre/bin;C:/Users/a.areiqat/Desktop/Katalon_Studio_Windows_64-8.0.0/Katalon_Studio_Windows_64-8.0.0/jre/lib/amd64;C:\Program Files (x86)\Common Files\Oracle\Java\javapath;C:\Program Files (x86)\VMware\VMware Player\bin\;C:\SybaseIQ\shared\Sybase Central 6.1.0\win32;C:\SybaseIQ\IQ-15_4\Bin32;C:\app\client\a.areiqat\product\12.2.0\client_1\bin;C:\app\a.areiqat\product\12.2.0\client_2;C:\Users\a.areiqat\AppData\Local\Temp\I1616494364\shared\Sybase Central 6.1.0\win32;C:\Users\a.areiqat\AppData\Local\Temp\I1616494364\IQ-15_4\Bin32;C:\app\a.areiqat\product\12.2.0\client_1;C:\Windows\system32;C:\Windows;C:\Windows\System32\Wbem;C:\Windows\System32\WindowsPowerShell\v1.0\;C:\Windows\System32\OpenSSH\;C:\Program Files\Git\cmd;C:\Users\a.areiqat\AppData\Local\Microsoft\WindowsApps;C:\Users\a.areiqat\AppData\Local\Programs\Microsoft VS Code\bin;C:\WebDriver\bin;;C:\WebDriver\bin";C:\WINDOWS\system32;C:\WINDOWS;C:\WINDOWS\System32\Wbem;C:\WINDOWS\System32\WindowsPowerShell\v1.0\;C:\WINDOWS\System32\OpenSSH\;C:\Program Files\Docker\Docker\resources\bin;C:\ProgramData\DockerDesktop\version-bin;C:\Users\a.areiqat\AppData\Local\Microsoft\WindowsApps;;C:\Users\a.areiqat\AppData\Local\Programs\Microsoft VS Code\bin;C:\Users\a.areiqat\Desktop\Katalon_Studio_Windows_64-8.0.0\Katalon_Studio_Windows_64-8.0.0;
USERNAME=a.areiqat
OS=Windows_NT
PROCESSOR_IDENTIFIER=Intel64 Family 6 Model 60 Stepping 3, GenuineIntel



---------------  S Y S T E M  ---------------

OS: Windows 10.0 , 64 bit Build 19041 (10.0.19041.928)
HyperV virtualization detected

CPU:total 8 (initial active 8) (4 cores per cpu, 2 threads per core) family 6 model 60 stepping 3, cmov, cx8, fxsr, mmx, sse, sse2, sse3, ssse3, sse4.1, sse4.2, popcnt, avx, avx2, aes, clmul, erms, lzcnt, ht, tsc, tscinvbit, bmi1, bmi2

Memory: 4k page, physical 8294108k(1732580k free), swap 33459932k(5344k free)

vm_info: OpenJDK 64-Bit Server VM (25.282-b08) for windows-amd64 JRE (Zulu 8.52.0.23-CA-win64) (1.8.0_282-b08), built on Jan 12 2021 07:45:49 by "tester" with MS VC++ 10.0 (VS2010)

time: Tue Jun 08 13:54:45 2021
timezone: Jordan Daylight Time
elapsed time: 10.269806 seconds (0d 0h 0m 10s)

