#
# There is insufficient memory for the Java Runtime Environment to continue.
# Native memory allocation (malloc) failed to allocate 1731984 bytes for Chunk::new
# Possible reasons:
#   The system is out of physical RAM or swap space
#   The process is running with CompressedOops enabled, and the Java Heap may be blocking the growth of the native heap
# Possible solutions:
#   Reduce memory load on the system
#   Increase physical memory or swap space
#   Check if swap backing store is full
#   Decrease Java heap size (-Xmx/-Xms)
#   Decrease number of Java threads
#   Decrease Java thread stack sizes (-Xss)
#   Set larger code cache with -XX:ReservedCodeCacheSize=
#   JVM is running with Unscaled Compressed Oops mode in which the Java heap is
#     placed in the first 4GB address space. The Java Heap base address is the
#     maximum limit for the native heap growth. Please use -XX:HeapBaseMinAddress
#     to set the Java Heap base and to place the Java Heap above 4GB virtual address.
# This output file may be truncated or incomplete.
#
#  Out of Memory Error (allocation.cpp:389), pid=6916, tid=0x0000000000004a28
#
# JRE version: OpenJDK Runtime Environment (Zulu 8.52.0.23-CA-win64) (8.0_282-b08) (build 1.8.0_282-b08)
# Java VM: OpenJDK 64-Bit Server VM (25.282-b08 mixed mode windows-amd64 compressed oops)
# Failed to write core dump. Minidumps are not enabled by default on client versions of Windows
#

---------------  T H R E A D  ---------------

Current thread (0x000000001b117800):  JavaThread "C2 CompilerThread2" daemon [_thread_in_native, id=18984, stack(0x000000001bcc0000,0x000000001bdc0000)]

Stack: [0x000000001bcc0000,0x000000001bdc0000]
[error occurred during error reporting (printing stack bounds), id 0xc0000005]

Native frames: (J=compiled Java code, j=interpreted, Vv=VM code, C=native code)


Current CompileTask:
C2:   9839 2735       4       java.net.URLClassLoader$1::run (5 bytes)


---------------  P R O C E S S  ---------------

Java Threads: ( => current thread )
  0x000000001c309800 JavaThread "Okio Watchdog" daemon [_thread_blocked, id=10352, stack(0x00000000223b0000,0x00000000224b0000)]
  0x000000001cbc9800 JavaThread "OkHttp ConnectionPool" daemon [_thread_blocked, id=18608, stack(0x00000000222b0000,0x00000000223b0000)]
  0x000000001cbc8800 JavaThread "ForkJoinPool.commonPool-worker-3" daemon [_thread_blocked, id=23584, stack(0x0000000021fb0000,0x00000000220b0000)]
  0x000000001cbca000 JavaThread "ForkJoinPool.commonPool-worker-2" daemon [_thread_blocked, id=18872, stack(0x0000000021eb0000,0x0000000021fb0000)]
  0x000000001cbc8000 JavaThread "ForkJoinPool.commonPool-worker-1" daemon [_thread_blocked, id=3164, stack(0x0000000021db0000,0x0000000021eb0000)]
  0x000000001cbcc800 JavaThread "Keep-Alive-Timer" daemon [_thread_blocked, id=2320, stack(0x0000000021cb0000,0x0000000021db0000)]
  0x000000001cbcb800 JavaThread "Exec Stream Pumper" daemon [_thread_in_native, id=10524, stack(0x0000000021bb0000,0x0000000021cb0000)]
  0x000000001cbc6000 JavaThread "Exec Stream Pumper" daemon [_thread_in_native, id=21520, stack(0x0000000021680000,0x0000000021780000)]
  0x000000001cbcd800 JavaThread "UrlChecker-2" daemon [_thread_blocked, id=10284, stack(0x00000000217b0000,0x00000000218b0000)]
  0x000000001cbcb000 JavaThread "Exec Default Executor" daemon [_thread_in_native, id=7332, stack(0x0000000021580000,0x0000000021680000)]
  0x000000001b12b000 JavaThread "Service Thread" daemon [_thread_blocked, id=25768, stack(0x000000001bfc0000,0x000000001c0c0000)]
  0x000000001b11d800 JavaThread "C1 CompilerThread3" daemon [_thread_blocked, id=24632, stack(0x000000001bec0000,0x000000001bfc0000)]
=>0x000000001b117800 JavaThread "C2 CompilerThread2" daemon [_thread_in_native, id=18984, stack(0x000000001bcc0000,0x000000001bdc0000)]
  0x000000001b116800 JavaThread "C2 CompilerThread1" daemon [_thread_in_native, id=24004, stack(0x000000001bbc0000,0x000000001bcc0000)]
  0x000000001b113800 JavaThread "C2 CompilerThread0" daemon [_thread_blocked, id=224, stack(0x000000001bac0000,0x000000001bbc0000)]
  0x000000001ad89800 JavaThread "Attach Listener" daemon [_thread_blocked, id=23936, stack(0x000000001b9c0000,0x000000001bac0000)]
  0x000000001b109000 JavaThread "Signal Dispatcher" daemon [_thread_blocked, id=22836, stack(0x000000001b8c0000,0x000000001b9c0000)]
  0x000000001a9e8800 JavaThread "Finalizer" daemon [_thread_blocked, id=23460, stack(0x000000001aec0000,0x000000001afc0000)]
  0x000000001a9e2800 JavaThread "Reference Handler" daemon [_thread_blocked, id=11364, stack(0x000000001adc0000,0x000000001aec0000)]
  0x0000000003a88000 JavaThread "Forwarding get on session 7194bf7360d1be6ebc1e33e321facfd2 to remote" [_thread_in_native, id=18528, stack(0x0000000003970000,0x0000000003a70000)]

Other Threads:
  0x0000000018be4000 VMThread [stack: 0x000000001a8c0000,0x000000001a9c0000] [id=26020]
  0x000000001b12e000 WatcherThread [stack: 0x000000001c0c0000,0x000000001c1c0000] [id=1228]

VM state:not at safepoint (normal execution)

VM Mutex/Monitor currently owned by a thread: None

heap address: 0x0000000080000000, size: 2048 MB, Compressed Oops mode: 32-bit
Narrow klass base: 0x0000000000000000, Narrow klass shift: 3
Compressed class space size: 1073741824 Address: 0x0000000100000000

Heap:
 PSYoungGen      total 97280K, used 47780K [0x00000000d5580000, 0x00000000dc180000, 0x0000000100000000)
  eden space 89600K, 45% used [0x00000000d5580000,0x00000000d7cecdc8,0x00000000dad00000)
  from space 7680K, 96% used [0x00000000db500000,0x00000000dbc3c3c0,0x00000000dbc80000)
  to   space 5120K, 0% used [0x00000000dbc80000,0x00000000dbc80000,0x00000000dc180000)
 ParOldGen       total 70656K, used 12963K [0x0000000080000000, 0x0000000084500000, 0x00000000d5580000)
  object space 70656K, 18% used [0x0000000080000000,0x0000000080ca8ec8,0x0000000084500000)
 Metaspace       used 31182K, capacity 32068K, committed 32384K, reserved 1077248K
  class space    used 3860K, capacity 4127K, committed 4224K, reserved 1048576K

Card table byte_map: [0x0000000012f30000,0x0000000013340000] byte_map_base: 0x0000000012b30000

Marking Bits: (ParMarkBitMap*) 0x000000005f161f00
 Begin Bits: [0x0000000013df0000, 0x0000000015df0000)
 End Bits:   [0x0000000015df0000, 0x0000000017df0000)

Polling page: 0x0000000001bc0000

CodeCache: size=245760Kb used=11300Kb max_used=11314Kb free=234459Kb
 bounds [0x0000000003b70000, 0x0000000004690000, 0x0000000012b70000]
 total_blobs=3445 nmethods=2750 adapters=606
 compilation: enabled

Compilation events (10 events):
Event: 9.544 Thread 0x000000001b11d800 nmethod 2811 0x000000000466f8d0 code [0x000000000466fa80, 0x0000000004670078]
Event: 9.544 Thread 0x000000001b11d800 2812       3       java.util.stream.ReferencePipeline$StatelessOp::<init> (29 bytes)
Event: 9.544 Thread 0x000000001b11d800 nmethod 2812 0x0000000004678110 code [0x0000000004678280, 0x0000000004678488]
Event: 9.544 Thread 0x000000001b11d800 2813       3       java.util.ArrayList::remove (69 bytes)
Event: 9.544 Thread 0x000000001b11d800 nmethod 2813 0x0000000004678590 code [0x0000000004678740, 0x0000000004678d48]
Event: 9.576 Thread 0x000000001b113800 nmethod 2802 0x000000000467dc90 code [0x000000000467df20, 0x000000000467fe80]
Event: 9.576 Thread 0x000000001b113800 2803       4       java.util.regex.Pattern::append (39 bytes)
Event: 9.579 Thread 0x000000001b113800 nmethod 2803 0x000000000467a990 code [0x000000000467aae0, 0x000000000467ad18]
Event: 9.579 Thread 0x000000001b113800 2804       4       java.lang.AbstractStringBuilder::append (62 bytes)
Event: 9.606 Thread 0x000000001b113800 nmethod 2804 0x0000000004681bd0 code [0x0000000004681d40, 0x0000000004682978]

GC Heap History (10 events):
Event: 3.857 GC heap before
{Heap before GC invocations=8 (full 0):
 PSYoungGen      total 39936K, used 35900K [0x00000000d5580000, 0x00000000da380000, 0x0000000100000000)
  eden space 31744K, 100% used [0x00000000d5580000,0x00000000d7480000,0x00000000d7480000)
  from space 8192K, 50% used [0x00000000d7480000,0x00000000d788f248,0x00000000d7c80000)
  to   space 8192K, 0% used [0x00000000d9b80000,0x00000000d9b80000,0x00000000da380000)
 ParOldGen       total 87552K, used 5611K [0x0000000080000000, 0x0000000085580000, 0x00000000d5580000)
  object space 87552K, 6% used [0x0000000080000000,0x000000008057ac28,0x0000000085580000)
 Metaspace       used 20071K, capacity 20336K, committed 20608K, reserved 1067008K
  class space    used 2236K, capacity 2328K, committed 2432K, reserved 1048576K
Event: 3.860 GC heap after
Heap after GC invocations=8 (full 0):
 PSYoungGen      total 71680K, used 3828K [0x00000000d5580000, 0x00000000da380000, 0x0000000100000000)
  eden space 63488K, 0% used [0x00000000d5580000,0x00000000d5580000,0x00000000d9380000)
  from space 8192K, 46% used [0x00000000d9b80000,0x00000000d9f3d350,0x00000000da380000)
  to   space 8192K, 0% used [0x00000000d9380000,0x00000000d9380000,0x00000000d9b80000)
 ParOldGen       total 87552K, used 6263K [0x0000000080000000, 0x0000000085580000, 0x00000000d5580000)
  object space 87552K, 7% used [0x0000000080000000,0x000000008061dc80,0x0000000085580000)
 Metaspace       used 20071K, capacity 20336K, committed 20608K, reserved 1067008K
  class space    used 2236K, capacity 2328K, committed 2432K, reserved 1048576K
}
Event: 4.443 GC heap before
{Heap before GC invocations=9 (full 0):
 PSYoungGen      total 71680K, used 60776K [0x00000000d5580000, 0x00000000da380000, 0x0000000100000000)
  eden space 63488K, 89% used [0x00000000d5580000,0x00000000d8d1ce90,0x00000000d9380000)
  from space 8192K, 46% used [0x00000000d9b80000,0x00000000d9f3d350,0x00000000da380000)
  to   space 8192K, 0% used [0x00000000d9380000,0x00000000d9380000,0x00000000d9b80000)
 ParOldGen       total 87552K, used 6263K [0x0000000080000000, 0x0000000085580000, 0x00000000d5580000)
  object space 87552K, 7% used [0x0000000080000000,0x000000008061dc80,0x0000000085580000)
 Metaspace       used 20853K, capacity 21146K, committed 21248K, reserved 1069056K
  class space    used 2349K, capacity 2493K, committed 2560K, reserved 1048576K
Event: 4.450 GC heap after
Heap after GC invocations=9 (full 0):
 PSYoungGen      total 71680K, used 6626K [0x00000000d5580000, 0x00000000dc900000, 0x0000000100000000)
  eden space 63488K, 0% used [0x00000000d5580000,0x00000000d5580000,0x00000000d9380000)
  from space 8192K, 80% used [0x00000000d9380000,0x00000000d99f8860,0x00000000d9b80000)
  to   space 8192K, 0% used [0x00000000dc100000,0x00000000dc100000,0x00000000dc900000)
 ParOldGen       total 87552K, used 8026K [0x0000000080000000, 0x0000000085580000, 0x00000000d5580000)
  object space 87552K, 9% used [0x0000000080000000,0x00000000807d6ad0,0x0000000085580000)
 Metaspace       used 20853K, capacity 21146K, committed 21248K, reserved 1069056K
  class space    used 2349K, capacity 2493K, committed 2560K, reserved 1048576K
}
Event: 4.450 GC heap before
{Heap before GC invocations=10 (full 1):
 PSYoungGen      total 71680K, used 6626K [0x00000000d5580000, 0x00000000dc900000, 0x0000000100000000)
  eden space 63488K, 0% used [0x00000000d5580000,0x00000000d5580000,0x00000000d9380000)
  from space 8192K, 80% used [0x00000000d9380000,0x00000000d99f8860,0x00000000d9b80000)
  to   space 8192K, 0% used [0x00000000dc100000,0x00000000dc100000,0x00000000dc900000)
 ParOldGen       total 87552K, used 8026K [0x0000000080000000, 0x0000000085580000, 0x00000000d5580000)
  object space 87552K, 9% used [0x0000000080000000,0x00000000807d6ad0,0x0000000085580000)
 Metaspace       used 20853K, capacity 21146K, committed 21248K, reserved 1069056K
  class space    used 2349K, capacity 2493K, committed 2560K, reserved 1048576K
Event: 4.533 GC heap after
Heap after GC invocations=10 (full 1):
 PSYoungGen      total 71680K, used 0K [0x00000000d5580000, 0x00000000dc900000, 0x0000000100000000)
  eden space 63488K, 0% used [0x00000000d5580000,0x00000000d5580000,0x00000000d9380000)
  from space 8192K, 0% used [0x00000000d9380000,0x00000000d9380000,0x00000000d9b80000)
  to   space 8192K, 0% used [0x00000000dc100000,0x00000000dc100000,0x00000000dc900000)
 ParOldGen       total 70656K, used 12947K [0x0000000080000000, 0x0000000084500000, 0x00000000d5580000)
  object space 70656K, 18% used [0x0000000080000000,0x0000000080ca4ec8,0x0000000084500000)
 Metaspace       used 20853K, capacity 21146K, committed 21248K, reserved 1069056K
  class space    used 2349K, capacity 2493K, committed 2560K, reserved 1048576K
}
Event: 6.425 GC heap before
{Heap before GC invocations=11 (full 1):
 PSYoungGen      total 71680K, used 63488K [0x00000000d5580000, 0x00000000dc900000, 0x0000000100000000)
  eden space 63488K, 100% used [0x00000000d5580000,0x00000000d9380000,0x00000000d9380000)
  from space 8192K, 0% used [0x00000000d9380000,0x00000000d9380000,0x00000000d9b80000)
  to   space 8192K, 0% used [0x00000000dc100000,0x00000000dc100000,0x00000000dc900000)
 ParOldGen       total 70656K, used 12947K [0x0000000080000000, 0x0000000084500000, 0x00000000d5580000)
  object space 70656K, 18% used [0x0000000080000000,0x0000000080ca4ec8,0x0000000084500000)
 Metaspace       used 23332K, capacity 23718K, committed 23936K, reserved 1071104K
  class space    used 2715K, capacity 2880K, committed 2944K, reserved 1048576K
Event: 6.429 GC heap after
Heap after GC invocations=11 (full 1):
 PSYoungGen      total 79872K, used 3645K [0x00000000d5580000, 0x00000000dc500000, 0x0000000100000000)
  eden space 75776K, 0% used [0x00000000d5580000,0x00000000d5580000,0x00000000d9f80000)
  from space 4096K, 89% used [0x00000000dc100000,0x00000000dc48f5f0,0x00000000dc500000)
  to   space 8192K, 0% used [0x00000000db500000,0x00000000db500000,0x00000000dbd00000)
 ParOldGen       total 70656K, used 12955K [0x0000000080000000, 0x0000000084500000, 0x00000000d5580000)
  object space 70656K, 18% used [0x0000000080000000,0x0000000080ca6ec8,0x0000000084500000)
 Metaspace       used 23332K, capacity 23718K, committed 23936K, reserved 1071104K
  class space    used 2715K, capacity 2880K, committed 2944K, reserved 1048576K
}
Event: 7.530 GC heap before
{Heap before GC invocations=12 (full 1):
 PSYoungGen      total 79872K, used 79421K [0x00000000d5580000, 0x00000000dc500000, 0x0000000100000000)
  eden space 75776K, 100% used [0x00000000d5580000,0x00000000d9f80000,0x00000000d9f80000)
  from space 4096K, 89% used [0x00000000dc100000,0x00000000dc48f5f0,0x00000000dc500000)
  to   space 8192K, 0% used [0x00000000db500000,0x00000000db500000,0x00000000dbd00000)
 ParOldGen       total 70656K, used 12955K [0x0000000080000000, 0x0000000084500000, 0x00000000d5580000)
  object space 70656K, 18% used [0x0000000080000000,0x0000000080ca6ec8,0x0000000084500000)
 Metaspace       used 27599K, capacity 28114K, committed 28160K, reserved 1073152K
  class space    used 3334K, capacity 3545K, committed 3584K, reserved 1048576K
Event: 7.537 GC heap after
Heap after GC invocations=12 (full 1):
 PSYoungGen      total 97280K, used 7408K [0x00000000d5580000, 0x00000000dc180000, 0x0000000100000000)
  eden space 89600K, 0% used [0x00000000d5580000,0x00000000d5580000,0x00000000dad00000)
  from space 7680K, 96% used [0x00000000db500000,0x00000000dbc3c3c0,0x00000000dbc80000)
  to   space 5120K, 0% used [0x00000000dbc80000,0x00000000dbc80000,0x00000000dc180000)
 ParOldGen       total 70656K, used 12963K [0x0000000080000000, 0x0000000084500000, 0x00000000d5580000)
  object space 70656K, 18% used [0x0000000080000000,0x0000000080ca8ec8,0x0000000084500000)
 Metaspace       used 27599K, capacity 28114K, committed 28160K, reserved 1073152K
  class space    used 3334K, capacity 3545K, committed 3584K, reserved 1048576K
}

Deoptimization events (10 events):
Event: 7.515 Thread 0x0000000003a88000 Uncommon trap: reason=unstable_if action=reinterpret pc=0x0000000003e082b8 method=sun.net.util.IPAddressUtil.scan(Ljava/lang/String;JJ[C)I @ 14
Event: 8.509 Thread 0x0000000003a88000 Uncommon trap: reason=class_check action=maybe_recompile pc=0x0000000004439bd4 method=java.util.HashSet.contains(Ljava/lang/Object;)Z @ 5
Event: 8.509 Thread 0x0000000003a88000 Uncommon trap: reason=class_check action=maybe_recompile pc=0x0000000004439bd4 method=java.util.HashSet.contains(Ljava/lang/Object;)Z @ 5
Event: 9.264 Thread 0x0000000003a88000 Uncommon trap: reason=class_check action=maybe_recompile pc=0x0000000003daa944 method=org.openqa.selenium.json.Input.init()V @ 18
Event: 9.264 Thread 0x0000000003a88000 Uncommon trap: reason=class_check action=maybe_recompile pc=0x0000000003daa944 method=org.openqa.selenium.json.Input.init()V @ 18
Event: 9.264 Thread 0x0000000003a88000 Uncommon trap: reason=class_check action=maybe_recompile pc=0x0000000003daa944 method=org.openqa.selenium.json.Input.init()V @ 18
Event: 9.264 Thread 0x0000000003a88000 Uncommon trap: reason=class_check action=maybe_recompile pc=0x0000000003daa944 method=org.openqa.selenium.json.Input.init()V @ 18
Event: 9.356 Thread 0x0000000003a88000 Uncommon trap: reason=bimorphic action=maybe_recompile pc=0x00000000040a377c method=java.util.HashMap.putVal(ILjava/lang/Object;Ljava/lang/Object;ZZ)Ljava/lang/Object; @ 203
Event: 9.356 Thread 0x0000000003a88000 Uncommon trap: reason=bimorphic action=maybe_recompile pc=0x00000000040a377c method=java.util.HashMap.putVal(ILjava/lang/Object;Ljava/lang/Object;ZZ)Ljava/lang/Object; @ 203
Event: 9.539 Thread 0x0000000003a88000 Uncommon trap: reason=bimorphic action=maybe_recompile pc=0x00000000043c0780 method=java.net.URL.<init>(Ljava/net/URL;Ljava/lang/String;Ljava/net/URLStreamHandler;)V @ 504

Classes redefined (0 events):
No events

Internal exceptions (10 events):
Event: 8.212 Thread 0x0000000003a88000 Exception <a 'java/lang/NoSuchMethodError': java.lang.Object.lambda$chars$0()Ljava/util/Spliterator$OfInt;> (0x00000000d5d35818) thrown at [C:\jenkins\workspace\zulu8-silver-build-win64\zulu-src\hotspot\src\share\vm\interpreter\linkResolver.cpp, line 620]
Event: 9.277 Thread 0x0000000003a88000 Exception <a 'java/lang/NoSuchMethodError': java.lang.Object.lambda$getResponseFunction$0(Lorg/openqa/selenium/remote/InitialHandshakeResponse;)Lorg/openqa/selenium/remote/ProtocolHandshake$Result;> (0x00000000d700bcb8) thrown at [C:\jenkins\workspace\zul
Event: 9.412 Thread 0x0000000003a88000 Exception <a 'java/net/SocketTimeoutException': Read timed out> (0x00000000d74a4780) thrown at [C:\jenkins\workspace\zulu8-silver-build-win64\zulu-src\hotspot\src\share\vm\prims\jni.cpp, line 738]
Event: 9.428 Thread 0x0000000003a88000 Exception <a 'java/net/SocketTimeoutException': Read timed out> (0x00000000d74c0270) thrown at [C:\jenkins\workspace\zulu8-silver-build-win64\zulu-src\hotspot\src\share\vm\prims\jni.cpp, line 738]
Event: 9.445 Thread 0x0000000003a88000 Exception <a 'java/net/SocketTimeoutException': Read timed out> (0x00000000d754a620) thrown at [C:\jenkins\workspace\zulu8-silver-build-win64\zulu-src\hotspot\src\share\vm\prims\jni.cpp, line 738]
Event: 9.460 Thread 0x0000000003a88000 Exception <a 'java/net/SocketTimeoutException': Read timed out> (0x00000000d7580ce0) thrown at [C:\jenkins\workspace\zulu8-silver-build-win64\zulu-src\hotspot\src\share\vm\prims\jni.cpp, line 738]
Event: 9.475 Thread 0x0000000003a88000 Exception <a 'java/net/SocketTimeoutException': Read timed out> (0x00000000d7598498) thrown at [C:\jenkins\workspace\zulu8-silver-build-win64\zulu-src\hotspot\src\share\vm\prims\jni.cpp, line 738]
Event: 9.519 Thread 0x0000000003a88000 Exception <a 'java/lang/ClassNotFoundException': com/kms/katalon/core/webui/keyword/builtin/NavigateToUrlKeywordBeanInfo> (0x00000000d7928a50) thrown at [C:\jenkins\workspace\zulu8-silver-build-win64\zulu-src\hotspot\src\share\vm\classfile\systemDictionar
Event: 9.527 Thread 0x0000000003a88000 Exception <a 'java/lang/ClassNotFoundException': com/kms/katalon/core/webui/keyword/builtin/NavigateToUrlKeywordCustomizer> (0x00000000d7a10380) thrown at [C:\jenkins\workspace\zulu8-silver-build-win64\zulu-src\hotspot\src\share\vm\classfile\systemDiction
Event: 9.554 Thread 0x0000000003a88000 Exception <a 'java/net/SocketTimeoutException': Read timed out> (0x00000000d7b909f8) thrown at [C:\jenkins\workspace\zulu8-silver-build-win64\zulu-src\hotspot\src\share\vm\prims\jni.cpp, line 738]

Events (10 events):
Event: 9.521 loading class com/kms/katalon/core/webui/keyword/builtin/NavigateToUrlKeywordCustomizer done
Event: 9.527 loading class com/kms/katalon/core/webui/keyword/builtin/NavigateToUrlKeywordCustomizer
Event: 9.527 loading class com/kms/katalon/core/webui/keyword/builtin/NavigateToUrlKeywordCustomizer done
Event: 9.535 loading class groovy/runtime/metaclass/com/kms/katalon/core/webui/keyword/builtin/NavigateToUrlKeyword$_navigateToUrl_closure1MetaClass
Event: 9.535 loading class groovy/runtime/metaclass/com/kms/katalon/core/webui/keyword/builtin/NavigateToUrlKeyword$_navigateToUrl_closure1MetaClass done
Event: 9.539 loading class java/nio/file/InvalidPathException
Event: 9.539 loading class java/nio/file/InvalidPathException done
Event: 9.539 Thread 0x0000000003a88000 Uncommon trap: trap_request=0xffffffc6 fr.pc=0x00000000043c0780
Event: 9.539 Thread 0x0000000003a88000 DEOPT PACKING pc=0x00000000043c0780 sp=0x0000000003a6b490
Event: 9.539 Thread 0x0000000003a88000 DEOPT UNPACKING pc=0x0000000003bb567b sp=0x0000000003a6b458 mode 2


Dynamic libraries:
0x00007ff67a340000 - 0x00007ff67a375000 	C:\Users\a.areiqat\Desktop\Katalon_Studio_Windows_64-8.0.0\Katalon_Studio_Windows_64-8.0.0\jre\bin\javaw.exe
0x00007ffadded0000 - 0x00007ffade0c5000 	C:\WINDOWS\SYSTEM32\ntdll.dll
0x00007ffadd460000 - 0x00007ffadd51d000 	C:\WINDOWS\System32\KERNEL32.DLL
0x00007ffadbc60000 - 0x00007ffadbf28000 	C:\WINDOWS\System32\KERNELBASE.dll
0x00007ffab3190000 - 0x00007ffab3281000 	C:\Program Files\Bitdefender\Endpoint Security\atcuf\dlls_265326253211586540\atcuf64.dll
0x00007ffadd930000 - 0x00007ffadd9dc000 	C:\WINDOWS\System32\ADVAPI32.dll
0x00007ffaddc60000 - 0x00007ffaddcfe000 	C:\WINDOWS\System32\msvcrt.dll
0x00007ffadd3c0000 - 0x00007ffadd45b000 	C:\WINDOWS\System32\sechost.dll
0x00007ffadcc80000 - 0x00007ffadcdab000 	C:\WINDOWS\System32\RPCRT4.dll
0x00007ffadd9e0000 - 0x00007ffaddb80000 	C:\WINDOWS\System32\USER32.dll
0x00007ffadb920000 - 0x00007ffadb942000 	C:\WINDOWS\System32\win32u.dll
0x00007ffadcc50000 - 0x00007ffadcc7a000 	C:\WINDOWS\System32\GDI32.dll
0x00007ffadbb50000 - 0x00007ffadbc5b000 	C:\WINDOWS\System32\gdi32full.dll
0x00007ffadbab0000 - 0x00007ffadbb4d000 	C:\WINDOWS\System32\msvcp_win.dll
0x00007ffadb610000 - 0x00007ffadb710000 	C:\WINDOWS\System32\ucrtbase.dll
0x00007ffac8bb0000 - 0x00007ffac8e4a000 	C:\WINDOWS\WinSxS\amd64_microsoft.windows.common-controls_6595b64144ccf1df_6.0.19041.844_none_ca00b6081b84eb1d\COMCTL32.dll
0x00007ffadd760000 - 0x00007ffadd790000 	C:\WINDOWS\System32\IMM32.DLL
0x000000005d6d0000 - 0x000000005d7a2000 	C:\Users\a.areiqat\Desktop\Katalon_Studio_Windows_64-8.0.0\Katalon_Studio_Windows_64-8.0.0\jre\bin\msvcr100.dll
0x000000005e920000 - 0x000000005f1e5000 	C:\Users\a.areiqat\Desktop\Katalon_Studio_Windows_64-8.0.0\Katalon_Studio_Windows_64-8.0.0\jre\bin\server\jvm.dll
0x00007ffadd790000 - 0x00007ffadd798000 	C:\WINDOWS\System32\PSAPI.DLL
0x00007ffad5b90000 - 0x00007ffad5b99000 	C:\WINDOWS\SYSTEM32\WSOCK32.dll
0x00007ffadde20000 - 0x00007ffadde8b000 	C:\WINDOWS\System32\WS2_32.dll
0x00007ffaca3a0000 - 0x00007ffaca3c7000 	C:\WINDOWS\SYSTEM32\WINMM.dll
0x00007ffac9430000 - 0x00007ffac943a000 	C:\WINDOWS\SYSTEM32\VERSION.dll
0x00007ffad8be0000 - 0x00007ffad8bef000 	C:\Users\a.areiqat\Desktop\Katalon_Studio_Windows_64-8.0.0\Katalon_Studio_Windows_64-8.0.0\jre\bin\verify.dll
0x00007ffad0dc0000 - 0x00007ffad0de9000 	C:\Users\a.areiqat\Desktop\Katalon_Studio_Windows_64-8.0.0\Katalon_Studio_Windows_64-8.0.0\jre\bin\java.dll
0x00007ffad5930000 - 0x00007ffad5946000 	C:\Users\a.areiqat\Desktop\Katalon_Studio_Windows_64-8.0.0\Katalon_Studio_Windows_64-8.0.0\jre\bin\zip.dll
0x00007ffadc500000 - 0x00007ffadcc42000 	C:\WINDOWS\System32\SHELL32.dll
0x00007ffad94f0000 - 0x00007ffad9c80000 	C:\WINDOWS\SYSTEM32\windows.storage.dll
0x00007ffadcdd0000 - 0x00007ffadd125000 	C:\WINDOWS\System32\combase.dll
0x00007ffadafb0000 - 0x00007ffadafdc000 	C:\WINDOWS\SYSTEM32\Wldp.dll
0x00007ffadd240000 - 0x00007ffadd2ee000 	C:\WINDOWS\System32\SHCORE.dll
0x00007ffadc4a0000 - 0x00007ffadc4f5000 	C:\WINDOWS\System32\shlwapi.dll
0x00007ffadb550000 - 0x00007ffadb56f000 	C:\WINDOWS\SYSTEM32\profapi.dll
0x00007ffad3460000 - 0x00007ffad347b000 	C:\Users\a.areiqat\Desktop\Katalon_Studio_Windows_64-8.0.0\Katalon_Studio_Windows_64-8.0.0\jre\bin\net.dll
0x00007ffadad90000 - 0x00007ffadadfa000 	C:\WINDOWS\system32\mswsock.dll
0x00007ffad3380000 - 0x00007ffad3391000 	C:\Users\a.areiqat\Desktop\Katalon_Studio_Windows_64-8.0.0\Katalon_Studio_Windows_64-8.0.0\jre\bin\nio.dll
0x00007ffadaff0000 - 0x00007ffadb008000 	C:\WINDOWS\SYSTEM32\CRYPTSP.dll
0x00007ffada6e0000 - 0x00007ffada714000 	C:\WINDOWS\system32\rsaenh.dll
0x00007ffadb840000 - 0x00007ffadb867000 	C:\WINDOWS\System32\bcrypt.dll
0x00007ffadb510000 - 0x00007ffadb53e000 	C:\WINDOWS\SYSTEM32\USERENV.dll
0x00007ffadb7c0000 - 0x00007ffadb840000 	C:\WINDOWS\System32\bcryptprimitives.dll
0x00007ffadaf10000 - 0x00007ffadaf1c000 	C:\WINDOWS\SYSTEM32\CRYPTBASE.dll
0x00007ffadaa50000 - 0x00007ffadaa8b000 	C:\WINDOWS\SYSTEM32\IPHLPAPI.DLL
0x00007ffadd520000 - 0x00007ffadd528000 	C:\WINDOWS\System32\NSI.dll
0x00007ffad5e50000 - 0x00007ffad5e67000 	C:\WINDOWS\SYSTEM32\dhcpcsvc6.DLL
0x00007ffad5da0000 - 0x00007ffad5dbd000 	C:\WINDOWS\SYSTEM32\dhcpcsvc.DLL
0x00007ffadaaa0000 - 0x00007ffadab6c000 	C:\WINDOWS\SYSTEM32\DNSAPI.dll
0x00007ffad41c0000 - 0x00007ffad41ca000 	C:\Windows\System32\rasadhlp.dll
0x00007ffad63a0000 - 0x00007ffad641f000 	C:\WINDOWS\System32\fwpuclnt.dll
0x00007ffacfd20000 - 0x00007ffacfd44000 	C:\Users\a.areiqat\Desktop\Katalon_Studio_Windows_64-8.0.0\Katalon_Studio_Windows_64-8.0.0\jre\bin\sunec.dll
0x00007ffad8b10000 - 0x00007ffad8b1c000 	C:\Users\a.areiqat\Desktop\Katalon_Studio_Windows_64-8.0.0\Katalon_Studio_Windows_64-8.0.0\jre\bin\sunmscapi.dll
0x00007ffadb950000 - 0x00007ffadbaaf000 	C:\WINDOWS\System32\CRYPT32.dll
0x00007ffadb0f0000 - 0x00007ffadb117000 	C:\WINDOWS\SYSTEM32\ncrypt.dll
0x00007ffadb0b0000 - 0x00007ffadb0eb000 	C:\WINDOWS\SYSTEM32\NTASN1.dll
0x00007ffac89c0000 - 0x00007ffac89d7000 	C:\WINDOWS\system32\napinsp.dll
0x00007ffac7c10000 - 0x00007ffac7c2b000 	C:\WINDOWS\system32\pnrpnsp.dll
0x00007ffad6500000 - 0x00007ffad6515000 	C:\WINDOWS\system32\wshbth.dll
0x00007ffad8ad0000 - 0x00007ffad8aed000 	C:\WINDOWS\system32\NLAapi.dll
0x00007ffac7e80000 - 0x00007ffac7e92000 	C:\WINDOWS\System32\winrnr.dll

VM Arguments:
jvm_args: -Dgroovy.home=C:\Users\a.areiqat/.groovy -Djava.system.class.loader=groovy.lang.GroovyClassLoader -Xmx2048m -Dfile.encoding=UTF-8 
java_command: org.codehaus.groovy.tools.GroovyStarter --classpath C:\Users\a.areiqat\Katalon Studio\Excluded Customers\bin\keyword;C:\Users\a.areiqat\Katalon Studio\Excluded Customers\Keywords;C:\Users\a.areiqat\Katalon Studio\Excluded Customers\bin\listener;C:\Users\a.areiqat\Katalon Studio\Excluded Customers\Test Listeners;C:\Users\a.areiqat\Katalon Studio\Excluded Customers\bin\lib;C:\Users\a.areiqat\Katalon Studio\Excluded Customers\Libs;C:\Users\a.areiqat\Katalon Studio\Excluded Customers\bin\groovy;C:\Users\a.areiqat\Katalon Studio\Excluded Customers\Include\scripts\groovy;C:\Users\a.areiqat\Desktop\Katalon_Studio_Windows_64-8.0.0\Katalon_Studio_Windows_64-8.0.0\plugins\com.kms.katalon.core_1.0.0.202105100507.jar;C:\Users\a.areiqat\Desktop\Katalon_Studio_Windows_64-8.0.0\Katalon_Studio_Windows_64-8.0.0\configuration\resources\lib\aalto-xml-1.0.0.jar;C:\Users\a.areiqat\Desktop\Katalon_Studio_Windows_64-8.0.0\Katalon_Studio_Windows_64-8.0.0\configuration\resources\lib\aspectjweaver-1.9.1.jar;C:\Users\a.areiqat\Desktop\Katalon_Studio_Windows_64-8.0.0\Katalon_Studio_Windows_64-8.0.0\configuration\resources\lib\bcpkix-jdk15on-1.64.jar;C:\Users\a.areiqat\Desktop\Katalon_Studio_Windows_64-8.0.0\Katalon_Studio_Windows_64-8.0.0\configuration\resources\lib\bcprov-jdk15on-1.64.jar;C:\Users\a.areiqat\Desktop\Katalon_Studio_Windows_64-8.0.0\Katalon_Studio_Windows_64-8.0.0\configuration\resources\lib\browsermob-core-2.1.5.jar;C:\Users\a.areiqat\Desktop\Katalon_Studio_Windows_64-8.0.0\Katalon_Studio_Windows_64-8.0.0\configuration\resources\lib\cglib-3.2.10.jar;C:\Users\a.areiqat\Desktop\Katalon_Studio_Windows_64-8.0.0\Katalon_Studio_Windows_64-8.0.0\configuration\resources\lib\commons-codec-1.10.jar;C:\Users\a.areiqat\Desktop\Katalon_Studio_Windows_64-8.0.0\Katalon_Studio_Windows_64-8.0.0\configuration\resources\lib\commons-collections4-4.1.jar;C:\Users\a.areiqat\Desktop\Katalon_Studio_Windows_64-8.0.0\Katalon_Studio_Windows_64-8.0.0\configuration\resources\lib\commons-val
java_class_path (initial): C:\Users\a.areiqat\Katalon Studio\Excluded Customers\bin\keyword;C:\Users\a.areiqat\Katalon Studio\Excluded Customers\bin\listener;C:\Users\a.areiqat\Katalon Studio\Excluded Customers\bin\lib;C:\Users\a.areiqat\Katalon Studio\Excluded Customers\bin\groovy;C:\Users\a.areiqat\Katalon Studio\Excluded Customers\bin;C:\Users\a.areiqat\Desktop\Katalon_Studio_Windows_64-8.0.0\Katalon_Studio_Windows_64-8.0.0\plugins\com.kms.katalon.core_1.0.0.202105100507.jar;C:\Users\a.areiqat\Desktop\Katalon_Studio_Windows_64-8.0.0\Katalon_Studio_Windows_64-8.0.0\configuration\resources\lib\aalto-xml-1.0.0.jar;C:\Users\a.areiqat\Desktop\Katalon_Studio_Windows_64-8.0.0\Katalon_Studio_Windows_64-8.0.0\configuration\resources\lib\aspectjweaver-1.9.1.jar;C:\Users\a.areiqat\Desktop\Katalon_Studio_Windows_64-8.0.0\Katalon_Studio_Windows_64-8.0.0\configuration\resources\lib\bcpkix-jdk15on-1.64.jar;C:\Users\a.areiqat\Desktop\Katalon_Studio_Windows_64-8.0.0\Katalon_Studio_Windows_64-8.0.0\configuration\resources\lib\bcprov-jdk15on-1.64.jar;C:\Users\a.areiqat\Desktop\Katalon_Studio_Windows_64-8.0.0\Katalon_Studio_Windows_64-8.0.0\configuration\resources\lib\browsermob-core-2.1.5.jar;C:\Users\a.areiqat\Desktop\Katalon_Studio_Windows_64-8.0.0\Katalon_Studio_Windows_64-8.0.0\configuration\resources\lib\cglib-3.2.10.jar;C:\Users\a.areiqat\Desktop\Katalon_Studio_Windows_64-8.0.0\Katalon_Studio_Windows_64-8.0.0\configuration\resources\lib\commons-codec-1.10.jar;C:\Users\a.areiqat\Desktop\Katalon_Studio_Windows_64-8.0.0\Katalon_Studio_Windows_64-8.0.0\configuration\resources\lib\commons-collections4-4.1.jar;C:\Users\a.areiqat\Desktop\Katalon_Studio_Windows_64-8.0.0\Katalon_Studio_Windows_64-8.0.0\configuration\resources\lib\commons-validator-1.6.jar;C:\Users\a.areiqat\Desktop\Katalon_Studio_Windows_64-8.0.0\Katalon_Studio_Windows_64-8.0.0\configuration\resources\lib\curvesapi-1.04.jar;C:\Users\a.areiqat\Desktop\Katalon_Studio_Windows_64-8.0.0\Katalon_Studio_Windows_64-8.0.0\co
Launcher Type: SUN_STANDARD

Environment Variables:
PATH=C:/Users/a.areiqat/Desktop/Katalon_Studio_Windows_64-8.0.0/Katalon_Studio_Windows_64-8.0.0/jre/bin/server;C:/Users/a.areiqat/Desktop/Katalon_Studio_Windows_64-8.0.0/Katalon_Studio_Windows_64-8.0.0/jre/bin;C:/Users/a.areiqat/Desktop/Katalon_Studio_Windows_64-8.0.0/Katalon_Studio_Windows_64-8.0.0/jre/lib/amd64;C:\Program Files (x86)\Common Files\Oracle\Java\javapath;C:\Program Files (x86)\VMware\VMware Player\bin\;C:\SybaseIQ\shared\Sybase Central 6.1.0\win32;C:\SybaseIQ\IQ-15_4\Bin32;C:\app\client\a.areiqat\product\12.2.0\client_1\bin;C:\app\a.areiqat\product\12.2.0\client_2;C:\Users\a.areiqat\AppData\Local\Temp\I1616494364\shared\Sybase Central 6.1.0\win32;C:\Users\a.areiqat\AppData\Local\Temp\I1616494364\IQ-15_4\Bin32;C:\app\a.areiqat\product\12.2.0\client_1;C:\Windows\system32;C:\Windows;C:\Windows\System32\Wbem;C:\Windows\System32\WindowsPowerShell\v1.0\;C:\Windows\System32\OpenSSH\;C:\Program Files\Git\cmd;C:\Users\a.areiqat\AppData\Local\Microsoft\WindowsApps;C:\Users\a.areiqat\AppData\Local\Programs\Microsoft VS Code\bin;C:\WebDriver\bin;;C:\WebDriver\bin";C:\WINDOWS\system32;C:\WINDOWS;C:\WINDOWS\System32\Wbem;C:\WINDOWS\System32\WindowsPowerShell\v1.0\;C:\WINDOWS\System32\OpenSSH\;C:\Program Files\Docker\Docker\resources\bin;C:\ProgramData\DockerDesktop\version-bin;C:\Users\a.areiqat\AppData\Local\Microsoft\WindowsApps;;C:\Users\a.areiqat\AppData\Local\Programs\Microsoft VS Code\bin;C:\Users\a.areiqat\Desktop\Katalon_Studio_Windows_64-8.0.0\Katalon_Studio_Windows_64-8.0.0;
USERNAME=a.areiqat
OS=Windows_NT
PROCESSOR_IDENTIFIER=Intel64 Family 6 Model 60 Stepping 3, GenuineIntel



---------------  S Y S T E M  ---------------

OS: Windows 10.0 , 64 bit Build 19041 (10.0.19041.928)
HyperV virtualization detected

CPU:total 8 (initial active 8) (4 cores per cpu, 2 threads per core) family 6 model 60 stepping 3, cmov, cx8, fxsr, mmx, sse, sse2, sse3, ssse3, sse4.1, sse4.2, popcnt, avx, avx2, aes, clmul, erms, lzcnt, ht, tsc, tscinvbit, bmi1, bmi2

Memory: 4k page, physical 8294108k(1589112k free), swap 33459932k(6580k free)

vm_info: OpenJDK 64-Bit Server VM (25.282-b08) for windows-amd64 JRE (Zulu 8.52.0.23-CA-win64) (1.8.0_282-b08), built on Jan 12 2021 07:45:49 by "tester" with MS VC++ 10.0 (VS2010)

time: Tue Jun 08 13:53:12 2021
timezone: Jordan Daylight Time
elapsed time: 9.856613 seconds (0d 0h 0m 9s)

