#
# There is insufficient memory for the Java Runtime Environment to continue.
# Native memory allocation (malloc) failed to allocate 1035232 bytes for Chunk::new
# Possible reasons:
#   The system is out of physical RAM or swap space
#   The process is running with CompressedOops enabled, and the Java Heap may be blocking the growth of the native heap
# Possible solutions:
#   Reduce memory load on the system
#   Increase physical memory or swap space
#   Check if swap backing store is full
#   Decrease Java heap size (-Xmx/-Xms)
#   Decrease number of Java threads
#   Decrease Java thread stack sizes (-Xss)
#   Set larger code cache with -XX:ReservedCodeCacheSize=
#   JVM is running with Unscaled Compressed Oops mode in which the Java heap is
#     placed in the first 4GB address space. The Java Heap base address is the
#     maximum limit for the native heap growth. Please use -XX:HeapBaseMinAddress
#     to set the Java Heap base and to place the Java Heap above 4GB virtual address.
# This output file may be truncated or incomplete.
#
#  Out of Memory Error (allocation.cpp:389), pid=20992, tid=0x0000000000006398
#
# JRE version: OpenJDK Runtime Environment (Zulu 8.52.0.23-CA-win64) (8.0_282-b08) (build 1.8.0_282-b08)
# Java VM: OpenJDK 64-Bit Server VM (25.282-b08 mixed mode windows-amd64 compressed oops)
# Failed to write core dump. Minidumps are not enabled by default on client versions of Windows
#

---------------  T H R E A D  ---------------

Current thread (0x000000001ab71000):  JavaThread "C2 CompilerThread1" daemon [_thread_in_native, id=25496, stack(0x000000001b570000,0x000000001b670000)]

Stack: [0x000000001b570000,0x000000001b670000]
[error occurred during error reporting (printing stack bounds), id 0xc0000005]

Native frames: (J=compiled Java code, j=interpreted, Vv=VM code, C=native code)


Current CompileTask:
C2:  10238 2964       4       groovy.lang.MetaClassImpl$1MOPIter::methodNameAction (479 bytes)


---------------  P R O C E S S  ---------------

Java Threads: ( => current thread )
  0x000000001d913800 JavaThread "Okio Watchdog" daemon [_thread_blocked, id=13612, stack(0x0000000023bd0000,0x0000000023cd0000)]
  0x000000001d910800 JavaThread "OkHttp ConnectionPool" daemon [_thread_blocked, id=26196, stack(0x0000000023ad0000,0x0000000023bd0000)]
  0x000000001d90f800 JavaThread "ForkJoinPool.commonPool-worker-3" daemon [_thread_blocked, id=23372, stack(0x00000000234a0000,0x00000000235a0000)]
  0x000000001d912800 JavaThread "ForkJoinPool.commonPool-worker-2" daemon [_thread_blocked, id=14760, stack(0x00000000233a0000,0x00000000234a0000)]
  0x000000001b0e9800 JavaThread "ForkJoinPool.commonPool-worker-1" daemon [_thread_blocked, id=9616, stack(0x00000000232a0000,0x00000000233a0000)]
  0x000000001b0e7000 JavaThread "Keep-Alive-Timer" daemon [_thread_blocked, id=22092, stack(0x0000000022e90000,0x0000000022f90000)]
  0x000000001b0e6800 JavaThread "Exec Stream Pumper" daemon [_thread_in_native, id=3164, stack(0x00000000231a0000,0x00000000232a0000)]
  0x000000001b0ea800 JavaThread "Exec Stream Pumper" daemon [_thread_in_native, id=22032, stack(0x0000000020d60000,0x0000000020e60000)]
  0x000000001b0e8800 JavaThread "UrlChecker-2" daemon [_thread_blocked, id=25712, stack(0x00000000236d0000,0x00000000237d0000)]
  0x000000001b0e8000 JavaThread "Exec Default Executor" daemon [_thread_in_native, id=23388, stack(0x00000000235d0000,0x00000000236d0000)]
  0x000000001b0ed800 JavaThread "qtp2036775591-25" [_thread_blocked, id=17520, stack(0x000000001fa90000,0x000000001fb90000)]
  0x000000001b0ec000 JavaThread "qtp2036775591-24-acceptor-0@373d414c-ServerConnector@3302d373{HTTP/1.1,[http/1.1]}{0.0.0.0:50001}" [_thread_in_native, id=24524, stack(0x000000001f890000,0x000000001f990000)]
  0x000000001b0ec800 JavaThread "qtp2036775591-23" [_thread_in_native, id=2680, stack(0x000000001f990000,0x000000001fa90000)]
  0x000000001cd36800 JavaThread "org.eclipse.jetty.server.session.HashSessionManager@426b6a74Timer" daemon [_thread_blocked, id=11256, stack(0x000000001f250000,0x000000001f350000)]
  0x000000001cd36000 JavaThread "qtp2036775591-20" [_thread_in_native, id=11488, stack(0x000000001f150000,0x000000001f250000)]
  0x000000001ca40000 JavaThread "qtp2036775591-19" [_thread_in_native, id=24204, stack(0x000000001f050000,0x000000001f150000)]
  0x000000001ca3f000 JavaThread "qtp2036775591-18" [_thread_in_native, id=15016, stack(0x000000001ef50000,0x000000001f050000)]
  0x000000001c980800 JavaThread "qtp2036775591-17" [_thread_in_native, id=17552, stack(0x000000001ee50000,0x000000001ef50000)]
  0x000000001cd78000 JavaThread "qtp2036775591-16" [_thread_in_native, id=22532, stack(0x000000001ed50000,0x000000001ee50000)]
  0x000000001d10d800 JavaThread "qtp2036775591-15-acceptor-0@26e6abf1-ServerConnector@2821515d{HTTP/1.1,[http/1.1]}{0.0.0.0:12954}" [_thread_in_native, id=23924, stack(0x000000001ec50000,0x000000001ed50000)]
  0x000000001c6f2000 JavaThread "qtp2036775591-14" [_thread_in_native, id=25944, stack(0x000000001eb50000,0x000000001ec50000)]
  0x000000001c6f0000 JavaThread "qtp2036775591-13" [_thread_in_native, id=25040, stack(0x000000001ea50000,0x000000001eb50000)]
  0x000000001ab91800 JavaThread "Service Thread" daemon [_thread_blocked, id=10140, stack(0x000000001b970000,0x000000001ba70000)]
  0x000000001ab76800 JavaThread "C1 CompilerThread3" daemon [_thread_blocked, id=26288, stack(0x000000001b770000,0x000000001b870000)]
  0x000000001ab71800 JavaThread "C2 CompilerThread2" daemon [_thread_in_native, id=22628, stack(0x000000001b670000,0x000000001b770000)]
=>0x000000001ab71000 JavaThread "C2 CompilerThread1" daemon [_thread_in_native, id=25496, stack(0x000000001b570000,0x000000001b670000)]
  0x000000001ab6e000 JavaThread "C2 CompilerThread0" daemon [_thread_in_native, id=25404, stack(0x000000001b470000,0x000000001b570000)]
  0x000000001ab5f800 JavaThread "Attach Listener" daemon [_thread_blocked, id=14804, stack(0x000000001b370000,0x000000001b470000)]
  0x000000001ab5e800 JavaThread "Signal Dispatcher" daemon [_thread_blocked, id=940, stack(0x000000001b270000,0x000000001b370000)]
  0x000000001a397800 JavaThread "Finalizer" daemon [_thread_blocked, id=23116, stack(0x000000001a870000,0x000000001a970000)]
  0x000000001a390800 JavaThread "Reference Handler" daemon [_thread_blocked, id=8032, stack(0x000000001a770000,0x000000001a870000)]
  0x0000000003438000 JavaThread "main" [_thread_in_native, id=22972, stack(0x0000000003320000,0x0000000003420000)]

Other Threads:
  0x0000000018594000 VMThread [stack: 0x000000001a270000,0x000000001a370000] [id=3428]
  0x000000001ab94800 WatcherThread [stack: 0x000000001ba70000,0x000000001bb70000] [id=25484]

VM state:not at safepoint (normal execution)

VM Mutex/Monitor currently owned by a thread: None

heap address: 0x0000000080000000, size: 2048 MB, Compressed Oops mode: 32-bit
Narrow klass base: 0x0000000000000000, Narrow klass shift: 3
Compressed class space size: 1073741824 Address: 0x0000000100000000

Heap:
 PSYoungGen      total 71680K, used 30114K [0x00000000d5580000, 0x00000000da700000, 0x0000000100000000)
  eden space 61952K, 32% used [0x00000000d5580000,0x00000000d6969590,0x00000000d9200000)
  from space 9728K, 99% used [0x00000000d9200000,0x00000000d9b7f4a8,0x00000000d9b80000)
  to   space 8192K, 0% used [0x00000000d9b80000,0x00000000d9b80000,0x00000000da380000)
 ParOldGen       total 62464K, used 13936K [0x0000000080000000, 0x0000000083d00000, 0x00000000d5580000)
  object space 62464K, 22% used [0x0000000080000000,0x0000000080d9c210,0x0000000083d00000)
 Metaspace       used 32783K, capacity 33690K, committed 33920K, reserved 1079296K
  class space    used 3974K, capacity 4219K, committed 4224K, reserved 1048576K

Card table byte_map: [0x00000000128e0000,0x0000000012cf0000] byte_map_base: 0x00000000124e0000

Marking Bits: (ParMarkBitMap*) 0x000000005f161f00
 Begin Bits: [0x00000000137a0000, 0x00000000157a0000)
 End Bits:   [0x00000000157a0000, 0x00000000177a0000)

Polling page: 0x0000000000f80000

CodeCache: size=245760Kb used=10510Kb max_used=11752Kb free=235249Kb
 bounds [0x0000000003520000, 0x00000000040b0000, 0x0000000012520000]
 total_blobs=3369 nmethods=2665 adapters=614
 compilation: enabled

Compilation events (10 events):
Event: 10.192 Thread 0x000000001ab76800 3013       3       sun.misc.URLClassPath$JarLoader::getJarFile (81 bytes)
Event: 10.193 Thread 0x000000001ab76800 nmethod 3013 0x00000000037eaad0 code [0x00000000037ead60, 0x00000000037ebcf8]
Event: 10.193 Thread 0x000000001ab76800 3014       3       sun.misc.FileURLMapper::<init> (10 bytes)
Event: 10.194 Thread 0x000000001ab76800 nmethod 3014 0x00000000036e6e10 code [0x00000000036e6f60, 0x00000000036e7130]
Event: 10.194 Thread 0x000000001ab76800 3015       3       sun.misc.FileURLMapper::exists (19 bytes)
Event: 10.194 Thread 0x000000001ab76800 nmethod 3015 0x0000000003758990 code [0x0000000003758b20, 0x0000000003758e08]
Event: 10.206 Thread 0x000000001ab76800 3016       3       java.util.LinkedList::listIterator (15 bytes)
Event: 10.206 Thread 0x000000001ab76800 nmethod 3016 0x0000000003c34890 code [0x0000000003c34a40, 0x0000000003c34ec8]
Event: 10.207 Thread 0x000000001ab76800 3017       3       java.util.LinkedList$ListItr::<init> (47 bytes)
Event: 10.207 Thread 0x000000001ab76800 nmethod 3017 0x00000000037d5650 code [0x00000000037d57c0, 0x00000000037d5ae8]

GC Heap History (10 events):
Event: 6.017 GC heap before
{Heap before GC invocations=12 (full 1):
 PSYoungGen      total 41984K, used 41927K [0x00000000d5580000, 0x00000000d9000000, 0x0000000100000000)
  eden space 39424K, 100% used [0x00000000d5580000,0x00000000d7c00000,0x00000000d7c00000)
  from space 2560K, 97% used [0x00000000d8d80000,0x00000000d8ff1ea0,0x00000000d9000000)
  to   space 8192K, 0% used [0x00000000d8000000,0x00000000d8000000,0x00000000d8800000)
 ParOldGen       total 62464K, used 9203K [0x0000000080000000, 0x0000000083d00000, 0x00000000d5580000)
  object space 62464K, 14% used [0x0000000080000000,0x00000000808fcc28,0x0000000083d00000)
 Metaspace       used 25254K, capacity 25672K, committed 25984K, reserved 1073152K
  class space    used 2890K, capacity 3073K, committed 3200K, reserved 1048576K
Event: 6.022 GC heap after
Heap after GC invocations=12 (full 1):
 PSYoungGen      total 51712K, used 4792K [0x00000000d5580000, 0x00000000d9600000, 0x0000000100000000)
  eden space 43520K, 0% used [0x00000000d5580000,0x00000000d5580000,0x00000000d8000000)
  from space 8192K, 58% used [0x00000000d8000000,0x00000000d84ae360,0x00000000d8800000)
  to   space 8192K, 0% used [0x00000000d8e00000,0x00000000d8e00000,0x00000000d9600000)
 ParOldGen       total 62464K, used 9211K [0x0000000080000000, 0x0000000083d00000, 0x00000000d5580000)
  object space 62464K, 14% used [0x0000000080000000,0x00000000808fec28,0x0000000083d00000)
 Metaspace       used 25254K, capacity 25672K, committed 25984K, reserved 1073152K
  class space    used 2890K, capacity 3073K, committed 3200K, reserved 1048576K
}
Event: 6.345 GC heap before
{Heap before GC invocations=13 (full 1):
 PSYoungGen      total 51712K, used 48312K [0x00000000d5580000, 0x00000000d9600000, 0x0000000100000000)
  eden space 43520K, 100% used [0x00000000d5580000,0x00000000d8000000,0x00000000d8000000)
  from space 8192K, 58% used [0x00000000d8000000,0x00000000d84ae360,0x00000000d8800000)
  to   space 8192K, 0% used [0x00000000d8e00000,0x00000000d8e00000,0x00000000d9600000)
 ParOldGen       total 62464K, used 9211K [0x0000000080000000, 0x0000000083d00000, 0x00000000d5580000)
  object space 62464K, 14% used [0x0000000080000000,0x00000000808fec28,0x0000000083d00000)
 Metaspace       used 25466K, capacity 25864K, committed 26240K, reserved 1073152K
  class space    used 2896K, capacity 3073K, committed 3200K, reserved 1048576K
Event: 6.348 GC heap after
Heap after GC invocations=13 (full 1):
 PSYoungGen      total 58368K, used 4066K [0x00000000d5580000, 0x00000000d9980000, 0x0000000100000000)
  eden space 50176K, 0% used [0x00000000d5580000,0x00000000d5580000,0x00000000d8680000)
  from space 8192K, 49% used [0x00000000d8e00000,0x00000000d91f8ab0,0x00000000d9600000)
  to   space 7680K, 0% used [0x00000000d8680000,0x00000000d8680000,0x00000000d8e00000)
 ParOldGen       total 62464K, used 9219K [0x0000000080000000, 0x0000000083d00000, 0x00000000d5580000)
  object space 62464K, 14% used [0x0000000080000000,0x0000000080900c28,0x0000000083d00000)
 Metaspace       used 25466K, capacity 25864K, committed 26240K, reserved 1073152K
  class space    used 2896K, capacity 3073K, committed 3200K, reserved 1048576K
}
Event: 6.707 GC heap before
{Heap before GC invocations=14 (full 1):
 PSYoungGen      total 58368K, used 54242K [0x00000000d5580000, 0x00000000d9980000, 0x0000000100000000)
  eden space 50176K, 100% used [0x00000000d5580000,0x00000000d8680000,0x00000000d8680000)
  from space 8192K, 49% used [0x00000000d8e00000,0x00000000d91f8ab0,0x00000000d9600000)
  to   space 7680K, 0% used [0x00000000d8680000,0x00000000d8680000,0x00000000d8e00000)
 ParOldGen       total 62464K, used 9219K [0x0000000080000000, 0x0000000083d00000, 0x00000000d5580000)
  object space 62464K, 14% used [0x0000000080000000,0x0000000080900c28,0x0000000083d00000)
 Metaspace       used 25694K, capacity 26134K, committed 26496K, reserved 1073152K
  class space    used 2912K, capacity 3075K, committed 3200K, reserved 1048576K
Event: 6.712 GC heap after
Heap after GC invocations=14 (full 1):
 PSYoungGen      total 57856K, used 6755K [0x00000000d5580000, 0x00000000da380000, 0x0000000100000000)
  eden space 50176K, 0% used [0x00000000d5580000,0x00000000d5580000,0x00000000d8680000)
  from space 7680K, 87% used [0x00000000d8680000,0x00000000d8d18e50,0x00000000d8e00000)
  to   space 8192K, 0% used [0x00000000d9b80000,0x00000000d9b80000,0x00000000da380000)
 ParOldGen       total 62464K, used 9219K [0x0000000080000000, 0x0000000083d00000, 0x00000000d5580000)
  object space 62464K, 14% used [0x0000000080000000,0x0000000080900c28,0x0000000083d00000)
 Metaspace       used 25694K, capacity 26134K, committed 26496K, reserved 1073152K
  class space    used 2912K, capacity 3075K, committed 3200K, reserved 1048576K
}
Event: 7.244 GC heap before
{Heap before GC invocations=15 (full 1):
 PSYoungGen      total 57856K, used 56931K [0x00000000d5580000, 0x00000000da380000, 0x0000000100000000)
  eden space 50176K, 100% used [0x00000000d5580000,0x00000000d8680000,0x00000000d8680000)
  from space 7680K, 87% used [0x00000000d8680000,0x00000000d8d18e50,0x00000000d8e00000)
  to   space 8192K, 0% used [0x00000000d9b80000,0x00000000d9b80000,0x00000000da380000)
 ParOldGen       total 62464K, used 9219K [0x0000000080000000, 0x0000000083d00000, 0x00000000d5580000)
  object space 62464K, 14% used [0x0000000080000000,0x0000000080900c28,0x0000000083d00000)
 Metaspace       used 27253K, capacity 27636K, committed 28032K, reserved 1073152K
  class space    used 3175K, capacity 3340K, committed 3456K, reserved 1048576K
Event: 7.251 GC heap after
Heap after GC invocations=15 (full 1):
 PSYoungGen      total 70144K, used 8179K [0x00000000d5580000, 0x00000000da700000, 0x0000000100000000)
  eden space 61952K, 0% used [0x00000000d5580000,0x00000000d5580000,0x00000000d9200000)
  from space 8192K, 99% used [0x00000000d9b80000,0x00000000da37ce40,0x00000000da380000)
  to   space 9728K, 0% used [0x00000000d9200000,0x00000000d9200000,0x00000000d9b80000)
 ParOldGen       total 62464K, used 10518K [0x0000000080000000, 0x0000000083d00000, 0x00000000d5580000)
  object space 62464K, 16% used [0x0000000080000000,0x0000000080a458c8,0x0000000083d00000)
 Metaspace       used 27253K, capacity 27636K, committed 28032K, reserved 1073152K
  class space    used 3175K, capacity 3340K, committed 3456K, reserved 1048576K
}
Event: 9.782 GC heap before
{Heap before GC invocations=16 (full 1):
 PSYoungGen      total 70144K, used 70131K [0x00000000d5580000, 0x00000000da700000, 0x0000000100000000)
  eden space 61952K, 100% used [0x00000000d5580000,0x00000000d9200000,0x00000000d9200000)
  from space 8192K, 99% used [0x00000000d9b80000,0x00000000da37ce40,0x00000000da380000)
  to   space 9728K, 0% used [0x00000000d9200000,0x00000000d9200000,0x00000000d9b80000)
 ParOldGen       total 62464K, used 10518K [0x0000000080000000, 0x0000000083d00000, 0x00000000d5580000)
  object space 62464K, 16% used [0x0000000080000000,0x0000000080a458c8,0x0000000083d00000)
 Metaspace       used 32708K, capacity 33554K, committed 33664K, reserved 1079296K
  class space    used 3964K, capacity 4215K, committed 4224K, reserved 1048576K
Event: 9.794 GC heap after
Heap after GC invocations=16 (full 1):
 PSYoungGen      total 71680K, used 9725K [0x00000000d5580000, 0x00000000da700000, 0x0000000100000000)
  eden space 61952K, 0% used [0x00000000d5580000,0x00000000d5580000,0x00000000d9200000)
  from space 9728K, 99% used [0x00000000d9200000,0x00000000d9b7f4a8,0x00000000d9b80000)
  to   space 8192K, 0% used [0x00000000d9b80000,0x00000000d9b80000,0x00000000da380000)
 ParOldGen       total 62464K, used 13936K [0x0000000080000000, 0x0000000083d00000, 0x00000000d5580000)
  object space 62464K, 22% used [0x0000000080000000,0x0000000080d9c210,0x0000000083d00000)
 Metaspace       used 32708K, capacity 33554K, committed 33664K, reserved 1079296K
  class space    used 3964K, capacity 4215K, committed 4224K, reserved 1048576K
}

Deoptimization events (10 events):
Event: 9.528 Thread 0x0000000003438000 Uncommon trap: reason=class_check action=maybe_recompile pc=0x0000000004023244 method=org.openqa.selenium.json.Input.init()V @ 18
Event: 9.528 Thread 0x0000000003438000 Uncommon trap: reason=class_check action=maybe_recompile pc=0x0000000004023244 method=org.openqa.selenium.json.Input.init()V @ 18
Event: 9.529 Thread 0x0000000003438000 Uncommon trap: reason=class_check action=maybe_recompile pc=0x0000000004023244 method=org.openqa.selenium.json.Input.init()V @ 18
Event: 9.529 Thread 0x0000000003438000 Uncommon trap: reason=class_check action=maybe_recompile pc=0x0000000004023244 method=org.openqa.selenium.json.Input.init()V @ 18
Event: 9.605 Thread 0x0000000003438000 Uncommon trap: reason=unstable_if action=reinterpret pc=0x00000000038c74bc method=java.util.HashMap.getNode(ILjava/lang/Object;)Ljava/util/HashMap$Node; @ 129
Event: 9.605 Thread 0x0000000003438000 Uncommon trap: reason=bimorphic action=maybe_recompile pc=0x0000000003a57360 method=java.util.HashMap.putVal(ILjava/lang/Object;Ljava/lang/Object;ZZ)Ljava/lang/Object; @ 203
Event: 9.605 Thread 0x0000000003438000 Uncommon trap: reason=unstable_if action=reinterpret pc=0x00000000038c9300 method=java.util.HashMap.getNode(ILjava/lang/Object;)Ljava/util/HashMap$Node; @ 129
Event: 9.605 Thread 0x0000000003438000 Uncommon trap: reason=bimorphic action=maybe_recompile pc=0x0000000003a57360 method=java.util.HashMap.putVal(ILjava/lang/Object;Ljava/lang/Object;ZZ)Ljava/lang/Object; @ 203
Event: 9.619 Thread 0x0000000003438000 Uncommon trap: reason=bimorphic action=maybe_recompile pc=0x0000000003a57360 method=java.util.HashMap.putVal(ILjava/lang/Object;Ljava/lang/Object;ZZ)Ljava/lang/Object; @ 203
Event: 9.620 Thread 0x0000000003438000 Uncommon trap: reason=bimorphic action=maybe_recompile pc=0x0000000003a57360 method=java.util.HashMap.putVal(ILjava/lang/Object;Ljava/lang/Object;ZZ)Ljava/lang/Object; @ 203

Classes redefined (0 events):
No events

Internal exceptions (10 events):
Event: 10.155 Thread 0x0000000003438000 Exception <a 'java/security/PrivilegedActionException'> (0x00000000d627c660) thrown at [C:\jenkins\workspace\zulu8-silver-build-win64\zulu-src\hotspot\src\share\vm\prims\jvm.cpp, line 1529]
Event: 10.155 Thread 0x0000000003438000 Exception <a 'java/security/PrivilegedActionException'> (0x00000000d627cc40) thrown at [C:\jenkins\workspace\zulu8-silver-build-win64\zulu-src\hotspot\src\share\vm\prims\jvm.cpp, line 1529]
Event: 10.188 Thread 0x0000000003438000 Exception <a 'java/security/PrivilegedActionException'> (0x00000000d648a320) thrown at [C:\jenkins\workspace\zulu8-silver-build-win64\zulu-src\hotspot\src\share\vm\prims\jvm.cpp, line 1529]
Event: 10.188 Thread 0x0000000003438000 Exception <a 'java/security/PrivilegedActionException'> (0x00000000d648a900) thrown at [C:\jenkins\workspace\zulu8-silver-build-win64\zulu-src\hotspot\src\share\vm\prims\jvm.cpp, line 1529]
Event: 10.190 Thread 0x0000000003438000 Exception <a 'java/security/PrivilegedActionException'> (0x00000000d649d0d0) thrown at [C:\jenkins\workspace\zulu8-silver-build-win64\zulu-src\hotspot\src\share\vm\prims\jvm.cpp, line 1529]
Event: 10.190 Thread 0x0000000003438000 Exception <a 'java/security/PrivilegedActionException'> (0x00000000d649d6b0) thrown at [C:\jenkins\workspace\zulu8-silver-build-win64\zulu-src\hotspot\src\share\vm\prims\jvm.cpp, line 1529]
Event: 10.220 Thread 0x0000000003438000 Exception <a 'java/security/PrivilegedActionException'> (0x00000000d669d188) thrown at [C:\jenkins\workspace\zulu8-silver-build-win64\zulu-src\hotspot\src\share\vm\prims\jvm.cpp, line 1529]
Event: 10.220 Thread 0x0000000003438000 Exception <a 'java/security/PrivilegedActionException'> (0x00000000d669d768) thrown at [C:\jenkins\workspace\zulu8-silver-build-win64\zulu-src\hotspot\src\share\vm\prims\jvm.cpp, line 1529]
Event: 10.221 Thread 0x0000000003438000 Exception <a 'java/security/PrivilegedActionException'> (0x00000000d66aff38) thrown at [C:\jenkins\workspace\zulu8-silver-build-win64\zulu-src\hotspot\src\share\vm\prims\jvm.cpp, line 1529]
Event: 10.221 Thread 0x0000000003438000 Exception <a 'java/security/PrivilegedActionException'> (0x00000000d66b0518) thrown at [C:\jenkins\workspace\zulu8-silver-build-win64\zulu-src\hotspot\src\share\vm\prims\jvm.cpp, line 1529]

Events (10 events):
Event: 10.229 loading class groovy/lang/GroovyObject$com$kms$katalon$core$testobject$ObjectRepository
Event: 10.229 loading class groovy/lang/GroovyObject$com$kms$katalon$core$testobject$ObjectRepository done
Event: 10.230 loading class java/lang/com$kms$katalon$core$testobject$ObjectRepository
Event: 10.230 loading class java/lang/com$kms$katalon$core$testobject$ObjectRepository done
Event: 10.232 loading class java/io/com$kms$katalon$core$testobject$ObjectRepository
Event: 10.232 loading class java/io/com$kms$katalon$core$testobject$ObjectRepository done
Event: 10.234 loading class java/net/com$kms$katalon$core$testobject$ObjectRepository
Event: 10.234 loading class java/net/com$kms$katalon$core$testobject$ObjectRepository done
Event: 10.235 loading class java/util/com$kms$katalon$core$testobject$ObjectRepository
Event: 10.235 loading class java/util/com$kms$katalon$core$testobject$ObjectRepository done


Dynamic libraries:
0x00007ff67a340000 - 0x00007ff67a375000 	C:\Users\a.areiqat\Desktop\Katalon_Studio_Windows_64-8.0.0\Katalon_Studio_Windows_64-8.0.0\jre\bin\javaw.exe
0x00007ffadded0000 - 0x00007ffade0c5000 	C:\WINDOWS\SYSTEM32\ntdll.dll
0x00007ffadd460000 - 0x00007ffadd51d000 	C:\WINDOWS\System32\KERNEL32.DLL
0x00007ffadbc60000 - 0x00007ffadbf28000 	C:\WINDOWS\System32\KERNELBASE.dll
0x00007ffab3190000 - 0x00007ffab3281000 	C:\Program Files\Bitdefender\Endpoint Security\atcuf\dlls_265326253211586540\atcuf64.dll
0x00007ffadd930000 - 0x00007ffadd9dc000 	C:\WINDOWS\System32\ADVAPI32.dll
0x00007ffaddc60000 - 0x00007ffaddcfe000 	C:\WINDOWS\System32\msvcrt.dll
0x00007ffadd3c0000 - 0x00007ffadd45b000 	C:\WINDOWS\System32\sechost.dll
0x00007ffadcc80000 - 0x00007ffadcdab000 	C:\WINDOWS\System32\RPCRT4.dll
0x00007ffadd9e0000 - 0x00007ffaddb80000 	C:\WINDOWS\System32\USER32.dll
0x00007ffadb920000 - 0x00007ffadb942000 	C:\WINDOWS\System32\win32u.dll
0x00007ffadcc50000 - 0x00007ffadcc7a000 	C:\WINDOWS\System32\GDI32.dll
0x00007ffadbb50000 - 0x00007ffadbc5b000 	C:\WINDOWS\System32\gdi32full.dll
0x00007ffadbab0000 - 0x00007ffadbb4d000 	C:\WINDOWS\System32\msvcp_win.dll
0x00007ffadb610000 - 0x00007ffadb710000 	C:\WINDOWS\System32\ucrtbase.dll
0x00007ffac8bb0000 - 0x00007ffac8e4a000 	C:\WINDOWS\WinSxS\amd64_microsoft.windows.common-controls_6595b64144ccf1df_6.0.19041.844_none_ca00b6081b84eb1d\COMCTL32.dll
0x00007ffadd760000 - 0x00007ffadd790000 	C:\WINDOWS\System32\IMM32.DLL
0x000000005d6d0000 - 0x000000005d7a2000 	C:\Users\a.areiqat\Desktop\Katalon_Studio_Windows_64-8.0.0\Katalon_Studio_Windows_64-8.0.0\jre\bin\msvcr100.dll
0x000000005e920000 - 0x000000005f1e5000 	C:\Users\a.areiqat\Desktop\Katalon_Studio_Windows_64-8.0.0\Katalon_Studio_Windows_64-8.0.0\jre\bin\server\jvm.dll
0x00007ffadd790000 - 0x00007ffadd798000 	C:\WINDOWS\System32\PSAPI.DLL
0x00007ffad5b90000 - 0x00007ffad5b99000 	C:\WINDOWS\SYSTEM32\WSOCK32.dll
0x00007ffadde20000 - 0x00007ffadde8b000 	C:\WINDOWS\System32\WS2_32.dll
0x00007ffaca3a0000 - 0x00007ffaca3c7000 	C:\WINDOWS\SYSTEM32\WINMM.dll
0x00007ffac9430000 - 0x00007ffac943a000 	C:\WINDOWS\SYSTEM32\VERSION.dll
0x00007ffad8b30000 - 0x00007ffad8b3f000 	C:\Users\a.areiqat\Desktop\Katalon_Studio_Windows_64-8.0.0\Katalon_Studio_Windows_64-8.0.0\jre\bin\verify.dll
0x00007ffac62e0000 - 0x00007ffac6309000 	C:\Users\a.areiqat\Desktop\Katalon_Studio_Windows_64-8.0.0\Katalon_Studio_Windows_64-8.0.0\jre\bin\java.dll
0x00007ffabe270000 - 0x00007ffabe286000 	C:\Users\a.areiqat\Desktop\Katalon_Studio_Windows_64-8.0.0\Katalon_Studio_Windows_64-8.0.0\jre\bin\zip.dll
0x00007ffadc500000 - 0x00007ffadcc42000 	C:\WINDOWS\System32\SHELL32.dll
0x00007ffad94f0000 - 0x00007ffad9c80000 	C:\WINDOWS\SYSTEM32\windows.storage.dll
0x00007ffadcdd0000 - 0x00007ffadd125000 	C:\WINDOWS\System32\combase.dll
0x00007ffadafb0000 - 0x00007ffadafdc000 	C:\WINDOWS\SYSTEM32\Wldp.dll
0x00007ffadd240000 - 0x00007ffadd2ee000 	C:\WINDOWS\System32\SHCORE.dll
0x00007ffadc4a0000 - 0x00007ffadc4f5000 	C:\WINDOWS\System32\shlwapi.dll
0x00007ffadb550000 - 0x00007ffadb56f000 	C:\WINDOWS\SYSTEM32\profapi.dll
0x00007ffabd6c0000 - 0x00007ffabd6db000 	C:\Users\a.areiqat\Desktop\Katalon_Studio_Windows_64-8.0.0\Katalon_Studio_Windows_64-8.0.0\jre\bin\net.dll
0x00007ffadad90000 - 0x00007ffadadfa000 	C:\WINDOWS\system32\mswsock.dll
0x00007ffabd5e0000 - 0x00007ffabd5f1000 	C:\Users\a.areiqat\Desktop\Katalon_Studio_Windows_64-8.0.0\Katalon_Studio_Windows_64-8.0.0\jre\bin\nio.dll
0x00007ffac7330000 - 0x00007ffac733d000 	C:\Users\a.areiqat\Desktop\Katalon_Studio_Windows_64-8.0.0\Katalon_Studio_Windows_64-8.0.0\jre\bin\management.dll
0x00007ffabd580000 - 0x00007ffabd5a4000 	C:\Users\a.areiqat\Desktop\Katalon_Studio_Windows_64-8.0.0\Katalon_Studio_Windows_64-8.0.0\jre\bin\sunec.dll
0x00007ffadaff0000 - 0x00007ffadb008000 	C:\WINDOWS\SYSTEM32\CRYPTSP.dll
0x00007ffada6e0000 - 0x00007ffada714000 	C:\WINDOWS\system32\rsaenh.dll
0x00007ffadb840000 - 0x00007ffadb867000 	C:\WINDOWS\System32\bcrypt.dll
0x00007ffadb510000 - 0x00007ffadb53e000 	C:\WINDOWS\SYSTEM32\USERENV.dll
0x00007ffadb7c0000 - 0x00007ffadb840000 	C:\WINDOWS\System32\bcryptprimitives.dll
0x00007ffadaf10000 - 0x00007ffadaf1c000 	C:\WINDOWS\SYSTEM32\CRYPTBASE.dll
0x00007ffadaa50000 - 0x00007ffadaa8b000 	C:\WINDOWS\SYSTEM32\IPHLPAPI.DLL
0x00007ffadd520000 - 0x00007ffadd528000 	C:\WINDOWS\System32\NSI.dll
0x00007ffad5e50000 - 0x00007ffad5e67000 	C:\WINDOWS\SYSTEM32\dhcpcsvc6.DLL
0x00007ffad5da0000 - 0x00007ffad5dbd000 	C:\WINDOWS\SYSTEM32\dhcpcsvc.DLL
0x00007ffadaaa0000 - 0x00007ffadab6c000 	C:\WINDOWS\SYSTEM32\DNSAPI.dll
0x00007ffad41c0000 - 0x00007ffad41ca000 	C:\Windows\System32\rasadhlp.dll
0x00007ffad63a0000 - 0x00007ffad641f000 	C:\WINDOWS\System32\fwpuclnt.dll
0x00007ffad3db0000 - 0x00007ffad3dbc000 	C:\Users\a.areiqat\Desktop\Katalon_Studio_Windows_64-8.0.0\Katalon_Studio_Windows_64-8.0.0\jre\bin\sunmscapi.dll
0x00007ffadb950000 - 0x00007ffadbaaf000 	C:\WINDOWS\System32\CRYPT32.dll
0x00007ffadb0f0000 - 0x00007ffadb117000 	C:\WINDOWS\SYSTEM32\ncrypt.dll
0x00007ffadb0b0000 - 0x00007ffadb0eb000 	C:\WINDOWS\SYSTEM32\NTASN1.dll
0x00007ffac89c0000 - 0x00007ffac89d7000 	C:\WINDOWS\system32\napinsp.dll
0x00007ffac7c10000 - 0x00007ffac7c2b000 	C:\WINDOWS\system32\pnrpnsp.dll
0x00007ffad6500000 - 0x00007ffad6515000 	C:\WINDOWS\system32\wshbth.dll
0x00007ffad8ad0000 - 0x00007ffad8aed000 	C:\WINDOWS\system32\NLAapi.dll
0x00007ffac7e80000 - 0x00007ffac7e92000 	C:\WINDOWS\System32\winrnr.dll

VM Arguments:
jvm_args: -Dgroovy.home=C:\Users\a.areiqat/.groovy -Djava.system.class.loader=groovy.lang.GroovyClassLoader -Xmx2048m -Dfile.encoding=UTF-8 
java_command: org.codehaus.groovy.tools.GroovyStarter --classpath C:\Users\a.areiqat\Katalon Studio\Excluded Customers\bin\keyword;C:\Users\a.areiqat\Katalon Studio\Excluded Customers\Keywords;C:\Users\a.areiqat\Katalon Studio\Excluded Customers\bin\listener;C:\Users\a.areiqat\Katalon Studio\Excluded Customers\Test Listeners;C:\Users\a.areiqat\Katalon Studio\Excluded Customers\bin\lib;C:\Users\a.areiqat\Katalon Studio\Excluded Customers\Libs;C:\Users\a.areiqat\Katalon Studio\Excluded Customers\bin\groovy;C:\Users\a.areiqat\Katalon Studio\Excluded Customers\Include\scripts\groovy;C:\Users\a.areiqat\Desktop\Katalon_Studio_Windows_64-8.0.0\Katalon_Studio_Windows_64-8.0.0\plugins\com.kms.katalon.core_1.0.0.202105100507.jar;C:\Users\a.areiqat\Desktop\Katalon_Studio_Windows_64-8.0.0\Katalon_Studio_Windows_64-8.0.0\configuration\resources\lib\aalto-xml-1.0.0.jar;C:\Users\a.areiqat\Desktop\Katalon_Studio_Windows_64-8.0.0\Katalon_Studio_Windows_64-8.0.0\configuration\resources\lib\aspectjweaver-1.9.1.jar;C:\Users\a.areiqat\Desktop\Katalon_Studio_Windows_64-8.0.0\Katalon_Studio_Windows_64-8.0.0\configuration\resources\lib\bcpkix-jdk15on-1.64.jar;C:\Users\a.areiqat\Desktop\Katalon_Studio_Windows_64-8.0.0\Katalon_Studio_Windows_64-8.0.0\configuration\resources\lib\bcprov-jdk15on-1.64.jar;C:\Users\a.areiqat\Desktop\Katalon_Studio_Windows_64-8.0.0\Katalon_Studio_Windows_64-8.0.0\configuration\resources\lib\browsermob-core-2.1.5.jar;C:\Users\a.areiqat\Desktop\Katalon_Studio_Windows_64-8.0.0\Katalon_Studio_Windows_64-8.0.0\configuration\resources\lib\cglib-3.2.10.jar;C:\Users\a.areiqat\Desktop\Katalon_Studio_Windows_64-8.0.0\Katalon_Studio_Windows_64-8.0.0\configuration\resources\lib\commons-codec-1.10.jar;C:\Users\a.areiqat\Desktop\Katalon_Studio_Windows_64-8.0.0\Katalon_Studio_Windows_64-8.0.0\configuration\resources\lib\commons-collections4-4.1.jar;C:\Users\a.areiqat\Desktop\Katalon_Studio_Windows_64-8.0.0\Katalon_Studio_Windows_64-8.0.0\configuration\resources\lib\commons-val
java_class_path (initial): C:\Users\a.areiqat\Katalon Studio\Excluded Customers\bin\keyword;C:\Users\a.areiqat\Katalon Studio\Excluded Customers\bin\listener;C:\Users\a.areiqat\Katalon Studio\Excluded Customers\bin\lib;C:\Users\a.areiqat\Katalon Studio\Excluded Customers\bin\groovy;C:\Users\a.areiqat\Katalon Studio\Excluded Customers\bin;C:\Users\a.areiqat\Desktop\Katalon_Studio_Windows_64-8.0.0\Katalon_Studio_Windows_64-8.0.0\plugins\com.kms.katalon.core_1.0.0.202105100507.jar;C:\Users\a.areiqat\Desktop\Katalon_Studio_Windows_64-8.0.0\Katalon_Studio_Windows_64-8.0.0\configuration\resources\lib\aalto-xml-1.0.0.jar;C:\Users\a.areiqat\Desktop\Katalon_Studio_Windows_64-8.0.0\Katalon_Studio_Windows_64-8.0.0\configuration\resources\lib\aspectjweaver-1.9.1.jar;C:\Users\a.areiqat\Desktop\Katalon_Studio_Windows_64-8.0.0\Katalon_Studio_Windows_64-8.0.0\configuration\resources\lib\bcpkix-jdk15on-1.64.jar;C:\Users\a.areiqat\Desktop\Katalon_Studio_Windows_64-8.0.0\Katalon_Studio_Windows_64-8.0.0\configuration\resources\lib\bcprov-jdk15on-1.64.jar;C:\Users\a.areiqat\Desktop\Katalon_Studio_Windows_64-8.0.0\Katalon_Studio_Windows_64-8.0.0\configuration\resources\lib\browsermob-core-2.1.5.jar;C:\Users\a.areiqat\Desktop\Katalon_Studio_Windows_64-8.0.0\Katalon_Studio_Windows_64-8.0.0\configuration\resources\lib\cglib-3.2.10.jar;C:\Users\a.areiqat\Desktop\Katalon_Studio_Windows_64-8.0.0\Katalon_Studio_Windows_64-8.0.0\configuration\resources\lib\commons-codec-1.10.jar;C:\Users\a.areiqat\Desktop\Katalon_Studio_Windows_64-8.0.0\Katalon_Studio_Windows_64-8.0.0\configuration\resources\lib\commons-collections4-4.1.jar;C:\Users\a.areiqat\Desktop\Katalon_Studio_Windows_64-8.0.0\Katalon_Studio_Windows_64-8.0.0\configuration\resources\lib\commons-validator-1.6.jar;C:\Users\a.areiqat\Desktop\Katalon_Studio_Windows_64-8.0.0\Katalon_Studio_Windows_64-8.0.0\configuration\resources\lib\curvesapi-1.04.jar;C:\Users\a.areiqat\Desktop\Katalon_Studio_Windows_64-8.0.0\Katalon_Studio_Windows_64-8.0.0\co
Launcher Type: SUN_STANDARD

Environment Variables:
PATH=C:/Users/a.areiqat/Desktop/Katalon_Studio_Windows_64-8.0.0/Katalon_Studio_Windows_64-8.0.0/jre/bin/server;C:/Users/a.areiqat/Desktop/Katalon_Studio_Windows_64-8.0.0/Katalon_Studio_Windows_64-8.0.0/jre/bin;C:/Users/a.areiqat/Desktop/Katalon_Studio_Windows_64-8.0.0/Katalon_Studio_Windows_64-8.0.0/jre/lib/amd64;C:\Program Files (x86)\Common Files\Oracle\Java\javapath;C:\Program Files (x86)\VMware\VMware Player\bin\;C:\SybaseIQ\shared\Sybase Central 6.1.0\win32;C:\SybaseIQ\IQ-15_4\Bin32;C:\app\client\a.areiqat\product\12.2.0\client_1\bin;C:\app\a.areiqat\product\12.2.0\client_2;C:\Users\a.areiqat\AppData\Local\Temp\I1616494364\shared\Sybase Central 6.1.0\win32;C:\Users\a.areiqat\AppData\Local\Temp\I1616494364\IQ-15_4\Bin32;C:\app\a.areiqat\product\12.2.0\client_1;C:\Windows\system32;C:\Windows;C:\Windows\System32\Wbem;C:\Windows\System32\WindowsPowerShell\v1.0\;C:\Windows\System32\OpenSSH\;C:\Program Files\Git\cmd;C:\Users\a.areiqat\AppData\Local\Microsoft\WindowsApps;C:\Users\a.areiqat\AppData\Local\Programs\Microsoft VS Code\bin;C:\WebDriver\bin;;C:\WebDriver\bin";C:\WINDOWS\system32;C:\WINDOWS;C:\WINDOWS\System32\Wbem;C:\WINDOWS\System32\WindowsPowerShell\v1.0\;C:\WINDOWS\System32\OpenSSH\;C:\Program Files\Docker\Docker\resources\bin;C:\ProgramData\DockerDesktop\version-bin;C:\Users\a.areiqat\AppData\Local\Microsoft\WindowsApps;;C:\Users\a.areiqat\AppData\Local\Programs\Microsoft VS Code\bin;C:\Users\a.areiqat\Desktop\Katalon_Studio_Windows_64-8.0.0\Katalon_Studio_Windows_64-8.0.0;
USERNAME=a.areiqat
OS=Windows_NT
PROCESSOR_IDENTIFIER=Intel64 Family 6 Model 60 Stepping 3, GenuineIntel



---------------  S Y S T E M  ---------------

OS: Windows 10.0 , 64 bit Build 19041 (10.0.19041.928)
HyperV virtualization detected

CPU:total 8 (initial active 8) (4 cores per cpu, 2 threads per core) family 6 model 60 stepping 3, cmov, cx8, fxsr, mmx, sse, sse2, sse3, ssse3, sse4.1, sse4.2, popcnt, avx, avx2, aes, clmul, erms, lzcnt, ht, tsc, tscinvbit, bmi1, bmi2

Memory: 4k page, physical 8294108k(2114676k free), swap 33459932k(5476k free)

vm_info: OpenJDK 64-Bit Server VM (25.282-b08) for windows-amd64 JRE (Zulu 8.52.0.23-CA-win64) (1.8.0_282-b08), built on Jan 12 2021 07:45:49 by "tester" with MS VC++ 10.0 (VS2010)

time: Tue Jun 08 12:21:07 2021
timezone: Jordan Daylight Time
elapsed time: 10.261116 seconds (0d 0h 0m 10s)

