#
# There is insufficient memory for the Java Runtime Environment to continue.
# Native memory allocation (malloc) failed to allocate 1496896 bytes for Chunk::new
# Possible reasons:
#   The system is out of physical RAM or swap space
#   The process is running with CompressedOops enabled, and the Java Heap may be blocking the growth of the native heap
# Possible solutions:
#   Reduce memory load on the system
#   Increase physical memory or swap space
#   Check if swap backing store is full
#   Decrease Java heap size (-Xmx/-Xms)
#   Decrease number of Java threads
#   Decrease Java thread stack sizes (-Xss)
#   Set larger code cache with -XX:ReservedCodeCacheSize=
#   JVM is running with Unscaled Compressed Oops mode in which the Java heap is
#     placed in the first 4GB address space. The Java Heap base address is the
#     maximum limit for the native heap growth. Please use -XX:HeapBaseMinAddress
#     to set the Java Heap base and to place the Java Heap above 4GB virtual address.
# This output file may be truncated or incomplete.
#
#  Out of Memory Error (allocation.cpp:389), pid=4128, tid=0x00000000000003b0
#
# JRE version: OpenJDK Runtime Environment (Zulu 8.52.0.23-CA-win64) (8.0_282-b08) (build 1.8.0_282-b08)
# Java VM: OpenJDK 64-Bit Server VM (25.282-b08 mixed mode windows-amd64 compressed oops)
# Failed to write core dump. Minidumps are not enabled by default on client versions of Windows
#

---------------  T H R E A D  ---------------

Current thread (0x000000001a673800):  JavaThread "C2 CompilerThread2" daemon [_thread_in_native, id=944, stack(0x000000001b170000,0x000000001b270000)]

Stack: [0x000000001b170000,0x000000001b270000]
[error occurred during error reporting (printing stack bounds), id 0xc0000005]

Native frames: (J=compiled Java code, j=interpreted, Vv=VM code, C=native code)


Current CompileTask:
C2:  10335 2831       4       groovy.lang.MetaClassImpl$1MOPIter::methodNameAction (479 bytes)


---------------  P R O C E S S  ---------------

Java Threads: ( => current thread )
  0x000000001c6d0000 JavaThread "Okio Watchdog" daemon [_thread_blocked, id=26216, stack(0x0000000021880000,0x0000000021980000)]
  0x000000001c6cc800 JavaThread "OkHttp ConnectionPool" daemon [_thread_blocked, id=23316, stack(0x0000000021780000,0x0000000021880000)]
  0x000000001c6ce000 JavaThread "ForkJoinPool.commonPool-worker-3" daemon [_thread_blocked, id=2620, stack(0x0000000021480000,0x0000000021580000)]
  0x000000001c6cc000 JavaThread "ForkJoinPool.commonPool-worker-2" daemon [_thread_blocked, id=9936, stack(0x0000000021380000,0x0000000021480000)]
  0x000000001c6c9800 JavaThread "ForkJoinPool.commonPool-worker-1" daemon [_thread_blocked, id=25176, stack(0x0000000021280000,0x0000000021380000)]
  0x000000001c2f5800 JavaThread "Keep-Alive-Timer" daemon [_thread_blocked, id=2540, stack(0x0000000021180000,0x0000000021280000)]
  0x000000001c2f5000 JavaThread "Exec Stream Pumper" daemon [_thread_in_native, id=952, stack(0x0000000021080000,0x0000000021180000)]
  0x000000001c729800 JavaThread "Exec Stream Pumper" daemon [_thread_in_native, id=21496, stack(0x0000000020b30000,0x0000000020c30000)]
  0x000000001a611000 JavaThread "UrlChecker-2" daemon [_thread_blocked, id=22344, stack(0x0000000020c80000,0x0000000020d80000)]
  0x000000001ad6c800 JavaThread "Exec Default Executor" daemon [_thread_in_native, id=22064, stack(0x000000001fa60000,0x000000001fb60000)]
  0x000000001a69c800 JavaThread "Service Thread" daemon [_thread_blocked, id=24456, stack(0x000000001b470000,0x000000001b570000)]
  0x000000001a675800 JavaThread "C1 CompilerThread3" daemon [_thread_blocked, id=26240, stack(0x000000001b370000,0x000000001b470000)]
=>0x000000001a673800 JavaThread "C2 CompilerThread2" daemon [_thread_in_native, id=944, stack(0x000000001b170000,0x000000001b270000)]
  0x000000001a66f000 JavaThread "C2 CompilerThread1" daemon [_thread_blocked, id=4768, stack(0x000000001b070000,0x000000001b170000)]
  0x000000001a66c000 JavaThread "C2 CompilerThread0" daemon [_thread_blocked, id=15356, stack(0x000000001af70000,0x000000001b070000)]
  0x000000001a660000 JavaThread "Attach Listener" daemon [_thread_blocked, id=8536, stack(0x000000001ae70000,0x000000001af70000)]
  0x000000001a663000 JavaThread "Signal Dispatcher" daemon [_thread_blocked, id=24920, stack(0x000000001ad70000,0x000000001ae70000)]
  0x0000000019e98800 JavaThread "Finalizer" daemon [_thread_blocked, id=26456, stack(0x000000001a370000,0x000000001a470000)]
  0x0000000019e92800 JavaThread "Reference Handler" daemon [_thread_blocked, id=15920, stack(0x000000001a270000,0x000000001a370000)]
  0x0000000002f48000 JavaThread "Forwarding maximizeCurrentWindow on session 7dc6aaa3ae9d1b5d874d15deef282a18 to remote" [_thread_in_native, id=16740, stack(0x0000000002de0000,0x0000000002ee0000)]

Other Threads:
  0x00000000180a4000 VMThread [stack: 0x0000000019d70000,0x0000000019e70000] [id=25512]
  0x000000001a69d800 WatcherThread [stack: 0x000000001b570000,0x000000001b670000] [id=3932]

VM state:not at safepoint (normal execution)

VM Mutex/Monitor currently owned by a thread: None

heap address: 0x0000000080000000, size: 2048 MB, Compressed Oops mode: 32-bit
Narrow klass base: 0x0000000000000000, Narrow klass shift: 3
Compressed class space size: 1073741824 Address: 0x0000000100000000

Heap:
 PSYoungGen      total 67072K, used 31819K [0x00000000d5580000, 0x00000000daa80000, 0x0000000100000000)
  eden space 59392K, 41% used [0x00000000d5580000,0x00000000d6d84f10,0x00000000d8f80000)
  from space 7680K, 94% used [0x00000000d8f80000,0x00000000d968e058,0x00000000d9700000)
  to   space 8192K, 0% used [0x00000000da280000,0x00000000da280000,0x00000000daa80000)
 ParOldGen       total 68096K, used 12723K [0x0000000080000000, 0x0000000084280000, 0x00000000d5580000)
  object space 68096K, 18% used [0x0000000080000000,0x0000000080c6cd58,0x0000000084280000)
 Metaspace       used 31229K, capacity 32198K, committed 32384K, reserved 1077248K
  class space    used 3861K, capacity 4129K, committed 4224K, reserved 1048576K

Card table byte_map: [0x00000000123f0000,0x0000000012800000] byte_map_base: 0x0000000011ff0000

Marking Bits: (ParMarkBitMap*) 0x000000005f161f00
 Begin Bits: [0x00000000132b0000, 0x00000000152b0000)
 End Bits:   [0x00000000152b0000, 0x00000000172b0000)

Polling page: 0x0000000000bb0000

CodeCache: size=245760Kb used=9997Kb max_used=10934Kb free=235762Kb
 bounds [0x0000000003030000, 0x0000000003b10000, 0x0000000012030000]
 total_blobs=3224 nmethods=2528 adapters=606
 compilation: enabled

Compilation events (10 events):
Event: 10.263 Thread 0x000000001a66f000 nmethod 2854 0x0000000003363b90 code [0x0000000003363d00, 0x0000000003364158]
Event: 10.263 Thread 0x000000001a66f000 2856       4       java.util.regex.Matcher::<init> (84 bytes)
Event: 10.265 Thread 0x000000001a675800 2857       3       java.util.stream.Sink$ChainedReference::end (10 bytes)
Event: 10.265 Thread 0x000000001a675800 nmethod 2857 0x0000000003151490 code [0x0000000003151600, 0x0000000003151828]
Event: 10.265 Thread 0x000000001a675800 2858       3       java.util.Formatter$FormatSpecifier::justify (105 bytes)
Event: 10.267 Thread 0x000000001a675800 nmethod 2858 0x0000000003805fd0 code [0x0000000003806280, 0x00000000038076f8]
Event: 10.269 Thread 0x000000001a66f000 nmethod 2856 0x00000000032bce90 code [0x00000000032bcfe0, 0x00000000032bd3b8]
Event: 10.269 Thread 0x000000001a66f000 2859       4       java.util.regex.Pattern$5::isSatisfiedBy (28 bytes)
Event: 10.269 Thread 0x000000001a66c000 nmethod 2855 0x00000000032d7f90 code [0x00000000032d8100, 0x00000000032d87d8]
Event: 10.270 Thread 0x000000001a66f000 nmethod 2859 0x00000000032269d0 code [0x0000000003226b20, 0x0000000003226c78]

GC Heap History (10 events):
Event: 4.372 GC heap before
{Heap before GC invocations=10 (full 0):
 PSYoungGen      total 38912K, used 31016K [0x00000000d5580000, 0x00000000d9480000, 0x0000000100000000)
  eden space 30720K, 83% used [0x00000000d5580000,0x00000000d6eac230,0x00000000d7380000)
  from space 8192K, 63% used [0x00000000d7380000,0x00000000d789e090,0x00000000d7b80000)
  to   space 7680K, 0% used [0x00000000d8d00000,0x00000000d8d00000,0x00000000d9480000)
 ParOldGen       total 87552K, used 7920K [0x0000000080000000, 0x0000000085580000, 0x00000000d5580000)
  object space 87552K, 9% used [0x0000000080000000,0x00000000807bc250,0x0000000085580000)
 Metaspace       used 20842K, capacity 21146K, committed 21248K, reserved 1069056K
  class space    used 2340K, capacity 2493K, committed 2560K, reserved 1048576K
Event: 4.377 GC heap after
Heap after GC invocations=10 (full 0):
 PSYoungGen      total 56832K, used 4729K [0x00000000d5580000, 0x00000000d9480000, 0x0000000100000000)
  eden space 49152K, 0% used [0x00000000d5580000,0x00000000d5580000,0x00000000d8580000)
  from space 7680K, 61% used [0x00000000d8d00000,0x00000000d919e6b0,0x00000000d9480000)
  to   space 7680K, 0% used [0x00000000d8580000,0x00000000d8580000,0x00000000d8d00000)
 ParOldGen       total 87552K, used 9602K [0x0000000080000000, 0x0000000085580000, 0x00000000d5580000)
  object space 87552K, 10% used [0x0000000080000000,0x0000000080960ac0,0x0000000085580000)
 Metaspace       used 20842K, capacity 21146K, committed 21248K, reserved 1069056K
  class space    used 2340K, capacity 2493K, committed 2560K, reserved 1048576K
}
Event: 4.377 GC heap before
{Heap before GC invocations=11 (full 1):
 PSYoungGen      total 56832K, used 4729K [0x00000000d5580000, 0x00000000d9480000, 0x0000000100000000)
  eden space 49152K, 0% used [0x00000000d5580000,0x00000000d5580000,0x00000000d8580000)
  from space 7680K, 61% used [0x00000000d8d00000,0x00000000d919e6b0,0x00000000d9480000)
  to   space 7680K, 0% used [0x00000000d8580000,0x00000000d8580000,0x00000000d8d00000)
 ParOldGen       total 87552K, used 9602K [0x0000000080000000, 0x0000000085580000, 0x00000000d5580000)
  object space 87552K, 10% used [0x0000000080000000,0x0000000080960ac0,0x0000000085580000)
 Metaspace       used 20842K, capacity 21146K, committed 21248K, reserved 1069056K
  class space    used 2340K, capacity 2493K, committed 2560K, reserved 1048576K
Event: 4.454 GC heap after
Heap after GC invocations=11 (full 1):
 PSYoungGen      total 56832K, used 0K [0x00000000d5580000, 0x00000000d9480000, 0x0000000100000000)
  eden space 49152K, 0% used [0x00000000d5580000,0x00000000d5580000,0x00000000d8580000)
  from space 7680K, 0% used [0x00000000d8d00000,0x00000000d8d00000,0x00000000d9480000)
  to   space 7680K, 0% used [0x00000000d8580000,0x00000000d8580000,0x00000000d8d00000)
 ParOldGen       total 68096K, used 12699K [0x0000000080000000, 0x0000000084280000, 0x00000000d5580000)
  object space 68096K, 18% used [0x0000000080000000,0x0000000080c66d58,0x0000000084280000)
 Metaspace       used 20842K, capacity 21146K, committed 21248K, reserved 1069056K
  class space    used 2340K, capacity 2493K, committed 2560K, reserved 1048576K
}
Event: 5.149 GC heap before
{Heap before GC invocations=12 (full 1):
 PSYoungGen      total 56832K, used 49152K [0x00000000d5580000, 0x00000000d9480000, 0x0000000100000000)
  eden space 49152K, 100% used [0x00000000d5580000,0x00000000d8580000,0x00000000d8580000)
  from space 7680K, 0% used [0x00000000d8d00000,0x00000000d8d00000,0x00000000d9480000)
  to   space 7680K, 0% used [0x00000000d8580000,0x00000000d8580000,0x00000000d8d00000)
 ParOldGen       total 68096K, used 12699K [0x0000000080000000, 0x0000000084280000, 0x00000000d5580000)
  object space 68096K, 18% used [0x0000000080000000,0x0000000080c66d58,0x0000000084280000)
 Metaspace       used 22563K, capacity 22976K, committed 23040K, reserved 1069056K
  class space    used 2629K, capacity 2782K, committed 2816K, reserved 1048576K
Event: 5.152 GC heap after
Heap after GC invocations=12 (full 1):
 PSYoungGen      total 56832K, used 2266K [0x00000000d5580000, 0x00000000da000000, 0x0000000100000000)
  eden space 49152K, 0% used [0x00000000d5580000,0x00000000d5580000,0x00000000d8580000)
  from space 7680K, 29% used [0x00000000d8580000,0x00000000d87b68f0,0x00000000d8d00000)
  to   space 7680K, 0% used [0x00000000d9880000,0x00000000d9880000,0x00000000da000000)
 ParOldGen       total 68096K, used 12707K [0x0000000080000000, 0x0000000084280000, 0x00000000d5580000)
  object space 68096K, 18% used [0x0000000080000000,0x0000000080c68d58,0x0000000084280000)
 Metaspace       used 22563K, capacity 22976K, committed 23040K, reserved 1069056K
  class space    used 2629K, capacity 2782K, committed 2816K, reserved 1048576K
}
Event: 6.823 GC heap before
{Heap before GC invocations=13 (full 1):
 PSYoungGen      total 56832K, used 51418K [0x00000000d5580000, 0x00000000da000000, 0x0000000100000000)
  eden space 49152K, 100% used [0x00000000d5580000,0x00000000d8580000,0x00000000d8580000)
  from space 7680K, 29% used [0x00000000d8580000,0x00000000d87b68f0,0x00000000d8d00000)
  to   space 7680K, 0% used [0x00000000d9880000,0x00000000d9880000,0x00000000da000000)
 ParOldGen       total 68096K, used 12707K [0x0000000080000000, 0x0000000084280000, 0x00000000d5580000)
  object space 68096K, 18% used [0x0000000080000000,0x0000000080c68d58,0x0000000084280000)
 Metaspace       used 24781K, capacity 25164K, committed 25472K, reserved 1071104K
  class space    used 2963K, capacity 3105K, committed 3200K, reserved 1048576K
Event: 6.828 GC heap after
Heap after GC invocations=13 (full 1):
 PSYoungGen      total 65536K, used 3773K [0x00000000d5580000, 0x00000000d9e80000, 0x0000000100000000)
  eden space 59392K, 0% used [0x00000000d5580000,0x00000000d5580000,0x00000000d8f80000)
  from space 6144K, 61% used [0x00000000d9880000,0x00000000d9c2f608,0x00000000d9e80000)
  to   space 7680K, 0% used [0x00000000d8f80000,0x00000000d8f80000,0x00000000d9700000)
 ParOldGen       total 68096K, used 12715K [0x0000000080000000, 0x0000000084280000, 0x00000000d5580000)
  object space 68096K, 18% used [0x0000000080000000,0x0000000080c6ad58,0x0000000084280000)
 Metaspace       used 24781K, capacity 25164K, committed 25472K, reserved 1071104K
  class space    used 2963K, capacity 3105K, committed 3200K, reserved 1048576K
}
Event: 8.438 GC heap before
{Heap before GC invocations=14 (full 1):
 PSYoungGen      total 65536K, used 63165K [0x00000000d5580000, 0x00000000d9e80000, 0x0000000100000000)
  eden space 59392K, 100% used [0x00000000d5580000,0x00000000d8f80000,0x00000000d8f80000)
  from space 6144K, 61% used [0x00000000d9880000,0x00000000d9c2f608,0x00000000d9e80000)
  to   space 7680K, 0% used [0x00000000d8f80000,0x00000000d8f80000,0x00000000d9700000)
 ParOldGen       total 68096K, used 12715K [0x0000000080000000, 0x0000000084280000, 0x00000000d5580000)
  object space 68096K, 18% used [0x0000000080000000,0x0000000080c6ad58,0x0000000084280000)
 Metaspace       used 29723K, capacity 30574K, committed 30848K, reserved 1077248K
  class space    used 3667K, capacity 3937K, committed 3968K, reserved 1048576K
Event: 8.446 GC heap after
Heap after GC invocations=14 (full 1):
 PSYoungGen      total 67072K, used 7224K [0x00000000d5580000, 0x00000000daa80000, 0x0000000100000000)
  eden space 59392K, 0% used [0x00000000d5580000,0x00000000d5580000,0x00000000d8f80000)
  from space 7680K, 94% used [0x00000000d8f80000,0x00000000d968e058,0x00000000d9700000)
  to   space 8192K, 0% used [0x00000000da280000,0x00000000da280000,0x00000000daa80000)
 ParOldGen       total 68096K, used 12723K [0x0000000080000000, 0x0000000084280000, 0x00000000d5580000)
  object space 68096K, 18% used [0x0000000080000000,0x0000000080c6cd58,0x0000000084280000)
 Metaspace       used 29723K, capacity 30574K, committed 30848K, reserved 1077248K
  class space    used 3667K, capacity 3937K, committed 3968K, reserved 1048576K
}

Deoptimization events (10 events):
Event: 8.364 Thread 0x000000001c6c9800 Uncommon trap: reason=unstable_if action=reinterpret pc=0x0000000003a4cdf0 method=java.util.concurrent.ConcurrentHashMap.putVal(Ljava/lang/Object;Ljava/lang/Object;Z)Ljava/lang/Object; @ 147
Event: 8.565 Thread 0x0000000002f48000 Uncommon trap: reason=class_check action=maybe_recompile pc=0x00000000038e63d4 method=java.util.HashSet.contains(Ljava/lang/Object;)Z @ 5
Event: 8.565 Thread 0x0000000002f48000 Uncommon trap: reason=class_check action=maybe_recompile pc=0x00000000038e63d4 method=java.util.HashSet.contains(Ljava/lang/Object;)Z @ 5
Event: 9.342 Thread 0x0000000002f48000 Uncommon trap: reason=class_check action=maybe_recompile pc=0x0000000003ac61c4 method=org.openqa.selenium.json.Input.init()V @ 18
Event: 9.343 Thread 0x0000000002f48000 Uncommon trap: reason=class_check action=maybe_recompile pc=0x0000000003ac61c4 method=org.openqa.selenium.json.Input.init()V @ 18
Event: 9.343 Thread 0x0000000002f48000 Uncommon trap: reason=class_check action=maybe_recompile pc=0x0000000003ac61c4 method=org.openqa.selenium.json.Input.init()V @ 18
Event: 9.343 Thread 0x0000000002f48000 Uncommon trap: reason=class_check action=maybe_recompile pc=0x0000000003ac61c4 method=org.openqa.selenium.json.Input.init()V @ 18
Event: 9.432 Thread 0x0000000002f48000 Uncommon trap: reason=bimorphic action=maybe_recompile pc=0x000000000357cce0 method=java.util.HashMap.putVal(ILjava/lang/Object;Ljava/lang/Object;ZZ)Ljava/lang/Object; @ 203
Event: 9.432 Thread 0x0000000002f48000 Uncommon trap: reason=bimorphic action=maybe_recompile pc=0x000000000357cce0 method=java.util.HashMap.putVal(ILjava/lang/Object;Ljava/lang/Object;ZZ)Ljava/lang/Object; @ 203
Event: 9.665 Thread 0x0000000002f48000 Uncommon trap: reason=bimorphic action=maybe_recompile pc=0x0000000003855db4 method=java.net.URL.<init>(Ljava/net/URL;Ljava/lang/String;Ljava/net/URLStreamHandler;)V @ 504

Classes redefined (0 events):
No events

Internal exceptions (10 events):
Event: 9.511 Thread 0x0000000002f48000 Exception <a 'java/net/SocketTimeoutException': Read timed out> (0x00000000d61a0818) thrown at [C:\jenkins\workspace\zulu8-silver-build-win64\zulu-src\hotspot\src\share\vm\prims\jni.cpp, line 738]
Event: 9.541 Thread 0x0000000002f48000 Exception <a 'java/net/SocketTimeoutException': Read timed out> (0x00000000d622abc8) thrown at [C:\jenkins\workspace\zulu8-silver-build-win64\zulu-src\hotspot\src\share\vm\prims\jni.cpp, line 738]
Event: 9.573 Thread 0x0000000002f48000 Exception <a 'java/net/SocketTimeoutException': Read timed out> (0x00000000d62612a0) thrown at [C:\jenkins\workspace\zulu8-silver-build-win64\zulu-src\hotspot\src\share\vm\prims\jni.cpp, line 738]
Event: 9.589 Thread 0x0000000002f48000 Exception <a 'java/net/SocketTimeoutException': Read timed out> (0x00000000d6278a58) thrown at [C:\jenkins\workspace\zulu8-silver-build-win64\zulu-src\hotspot\src\share\vm\prims\jni.cpp, line 738]
Event: 9.638 Thread 0x0000000002f48000 Exception <a 'java/lang/ClassNotFoundException': com/kms/katalon/core/webui/keyword/builtin/NavigateToUrlKeywordBeanInfo> (0x00000000d6609080) thrown at [C:\jenkins\workspace\zulu8-silver-build-win64\zulu-src\hotspot\src\share\vm\classfile\systemDictionar
Event: 9.652 Thread 0x0000000002f48000 Exception <a 'java/lang/ClassNotFoundException': com/kms/katalon/core/webui/keyword/builtin/NavigateToUrlKeywordCustomizer> (0x00000000d66f0988) thrown at [C:\jenkins\workspace\zulu8-silver-build-win64\zulu-src\hotspot\src\share\vm\classfile\systemDiction
Event: 9.684 Thread 0x0000000002f48000 Exception <a 'java/net/SocketTimeoutException': Read timed out> (0x00000000d6871048) thrown at [C:\jenkins\workspace\zulu8-silver-build-win64\zulu-src\hotspot\src\share\vm\prims\jni.cpp, line 738]
Event: 10.247 Thread 0x0000000002f48000 Exception <a 'java/lang/ClassNotFoundException': com/kms/katalon/core/webui/keyword/builtin/MaximizeWindowKeywordBeanInfo> (0x00000000d6aaee98) thrown at [C:\jenkins\workspace\zulu8-silver-build-win64\zulu-src\hotspot\src\share\vm\classfile\systemDictiona
Event: 10.254 Thread 0x0000000002f48000 Exception <a 'java/lang/ClassNotFoundException': com/kms/katalon/core/webui/keyword/builtin/MaximizeWindowKeywordCustomizer> (0x00000000d6b9b590) thrown at [C:\jenkins\workspace\zulu8-silver-build-win64\zulu-src\hotspot\src\share\vm\classfile\systemDictio
Event: 10.282 Thread 0x0000000002f48000 Exception <a 'java/net/SocketTimeoutException': Read timed out> (0x00000000d6d00580) thrown at [C:\jenkins\workspace\zulu8-silver-build-win64\zulu-src\hotspot\src\share\vm\prims\jni.cpp, line 738]

Events (10 events):
Event: 10.246 loading class com/kms/katalon/core/webui/keyword/builtin/MaximizeWindowKeywordBeanInfo
Event: 10.247 loading class com/kms/katalon/core/webui/keyword/builtin/MaximizeWindowKeywordBeanInfo done
Event: 10.248 loading class com/kms/katalon/core/webui/keyword/builtin/MaximizeWindowKeywordCustomizer
Event: 10.248 loading class com/kms/katalon/core/webui/keyword/builtin/MaximizeWindowKeywordCustomizer done
Event: 10.249 loading class com/kms/katalon/core/webui/keyword/builtin/MaximizeWindowKeywordCustomizer
Event: 10.249 loading class com/kms/katalon/core/webui/keyword/builtin/MaximizeWindowKeywordCustomizer done
Event: 10.254 loading class com/kms/katalon/core/webui/keyword/builtin/MaximizeWindowKeywordCustomizer
Event: 10.254 loading class com/kms/katalon/core/webui/keyword/builtin/MaximizeWindowKeywordCustomizer done
Event: 10.260 loading class groovy/runtime/metaclass/com/kms/katalon/core/webui/keyword/builtin/MaximizeWindowKeyword$_maximizeWindow_closure1MetaClass
Event: 10.260 loading class groovy/runtime/metaclass/com/kms/katalon/core/webui/keyword/builtin/MaximizeWindowKeyword$_maximizeWindow_closure1MetaClass done


Dynamic libraries:
0x00007ff67a340000 - 0x00007ff67a375000 	C:\Users\a.areiqat\Desktop\Katalon_Studio_Windows_64-8.0.0\Katalon_Studio_Windows_64-8.0.0\jre\bin\javaw.exe
0x00007ffadded0000 - 0x00007ffade0c5000 	C:\WINDOWS\SYSTEM32\ntdll.dll
0x00007ffadd460000 - 0x00007ffadd51d000 	C:\WINDOWS\System32\KERNEL32.DLL
0x00007ffadbc60000 - 0x00007ffadbf28000 	C:\WINDOWS\System32\KERNELBASE.dll
0x00007ffab3190000 - 0x00007ffab3281000 	C:\Program Files\Bitdefender\Endpoint Security\atcuf\dlls_265326253211586540\atcuf64.dll
0x00007ffadd930000 - 0x00007ffadd9dc000 	C:\WINDOWS\System32\ADVAPI32.dll
0x00007ffaddc60000 - 0x00007ffaddcfe000 	C:\WINDOWS\System32\msvcrt.dll
0x00007ffadd3c0000 - 0x00007ffadd45b000 	C:\WINDOWS\System32\sechost.dll
0x00007ffadcc80000 - 0x00007ffadcdab000 	C:\WINDOWS\System32\RPCRT4.dll
0x00007ffadd9e0000 - 0x00007ffaddb80000 	C:\WINDOWS\System32\USER32.dll
0x00007ffadb920000 - 0x00007ffadb942000 	C:\WINDOWS\System32\win32u.dll
0x00007ffadcc50000 - 0x00007ffadcc7a000 	C:\WINDOWS\System32\GDI32.dll
0x00007ffadbb50000 - 0x00007ffadbc5b000 	C:\WINDOWS\System32\gdi32full.dll
0x00007ffadbab0000 - 0x00007ffadbb4d000 	C:\WINDOWS\System32\msvcp_win.dll
0x00007ffadb610000 - 0x00007ffadb710000 	C:\WINDOWS\System32\ucrtbase.dll
0x00007ffac8bb0000 - 0x00007ffac8e4a000 	C:\WINDOWS\WinSxS\amd64_microsoft.windows.common-controls_6595b64144ccf1df_6.0.19041.844_none_ca00b6081b84eb1d\COMCTL32.dll
0x00007ffadd760000 - 0x00007ffadd790000 	C:\WINDOWS\System32\IMM32.DLL
0x000000005d6d0000 - 0x000000005d7a2000 	C:\Users\a.areiqat\Desktop\Katalon_Studio_Windows_64-8.0.0\Katalon_Studio_Windows_64-8.0.0\jre\bin\msvcr100.dll
0x000000005e920000 - 0x000000005f1e5000 	C:\Users\a.areiqat\Desktop\Katalon_Studio_Windows_64-8.0.0\Katalon_Studio_Windows_64-8.0.0\jre\bin\server\jvm.dll
0x00007ffadd790000 - 0x00007ffadd798000 	C:\WINDOWS\System32\PSAPI.DLL
0x00007ffad5b90000 - 0x00007ffad5b99000 	C:\WINDOWS\SYSTEM32\WSOCK32.dll
0x00007ffadde20000 - 0x00007ffadde8b000 	C:\WINDOWS\System32\WS2_32.dll
0x00007ffaca3a0000 - 0x00007ffaca3c7000 	C:\WINDOWS\SYSTEM32\WINMM.dll
0x00007ffac9430000 - 0x00007ffac943a000 	C:\WINDOWS\SYSTEM32\VERSION.dll
0x00007ffad8be0000 - 0x00007ffad8bef000 	C:\Users\a.areiqat\Desktop\Katalon_Studio_Windows_64-8.0.0\Katalon_Studio_Windows_64-8.0.0\jre\bin\verify.dll
0x00007ffad0dc0000 - 0x00007ffad0de9000 	C:\Users\a.areiqat\Desktop\Katalon_Studio_Windows_64-8.0.0\Katalon_Studio_Windows_64-8.0.0\jre\bin\java.dll
0x00007ffad5930000 - 0x00007ffad5946000 	C:\Users\a.areiqat\Desktop\Katalon_Studio_Windows_64-8.0.0\Katalon_Studio_Windows_64-8.0.0\jre\bin\zip.dll
0x00007ffadc500000 - 0x00007ffadcc42000 	C:\WINDOWS\System32\SHELL32.dll
0x00007ffad94f0000 - 0x00007ffad9c80000 	C:\WINDOWS\SYSTEM32\windows.storage.dll
0x00007ffadcdd0000 - 0x00007ffadd125000 	C:\WINDOWS\System32\combase.dll
0x00007ffadafb0000 - 0x00007ffadafdc000 	C:\WINDOWS\SYSTEM32\Wldp.dll
0x00007ffadd240000 - 0x00007ffadd2ee000 	C:\WINDOWS\System32\SHCORE.dll
0x00007ffadc4a0000 - 0x00007ffadc4f5000 	C:\WINDOWS\System32\shlwapi.dll
0x00007ffadb550000 - 0x00007ffadb56f000 	C:\WINDOWS\SYSTEM32\profapi.dll
0x00007ffad3460000 - 0x00007ffad347b000 	C:\Users\a.areiqat\Desktop\Katalon_Studio_Windows_64-8.0.0\Katalon_Studio_Windows_64-8.0.0\jre\bin\net.dll
0x00007ffadad90000 - 0x00007ffadadfa000 	C:\WINDOWS\system32\mswsock.dll
0x00007ffad3380000 - 0x00007ffad3391000 	C:\Users\a.areiqat\Desktop\Katalon_Studio_Windows_64-8.0.0\Katalon_Studio_Windows_64-8.0.0\jre\bin\nio.dll
0x00007ffadaff0000 - 0x00007ffadb008000 	C:\WINDOWS\SYSTEM32\CRYPTSP.dll
0x00007ffada6e0000 - 0x00007ffada714000 	C:\WINDOWS\system32\rsaenh.dll
0x00007ffadb840000 - 0x00007ffadb867000 	C:\WINDOWS\System32\bcrypt.dll
0x00007ffadb510000 - 0x00007ffadb53e000 	C:\WINDOWS\SYSTEM32\USERENV.dll
0x00007ffadb7c0000 - 0x00007ffadb840000 	C:\WINDOWS\System32\bcryptprimitives.dll
0x00007ffadaf10000 - 0x00007ffadaf1c000 	C:\WINDOWS\SYSTEM32\CRYPTBASE.dll
0x00007ffadaa50000 - 0x00007ffadaa8b000 	C:\WINDOWS\SYSTEM32\IPHLPAPI.DLL
0x00007ffadd520000 - 0x00007ffadd528000 	C:\WINDOWS\System32\NSI.dll
0x00007ffad5e50000 - 0x00007ffad5e67000 	C:\WINDOWS\SYSTEM32\dhcpcsvc6.DLL
0x00007ffad5da0000 - 0x00007ffad5dbd000 	C:\WINDOWS\SYSTEM32\dhcpcsvc.DLL
0x00007ffadaaa0000 - 0x00007ffadab6c000 	C:\WINDOWS\SYSTEM32\DNSAPI.dll
0x00007ffad41c0000 - 0x00007ffad41ca000 	C:\Windows\System32\rasadhlp.dll
0x00007ffad63a0000 - 0x00007ffad641f000 	C:\WINDOWS\System32\fwpuclnt.dll
0x00007ffacfd20000 - 0x00007ffacfd44000 	C:\Users\a.areiqat\Desktop\Katalon_Studio_Windows_64-8.0.0\Katalon_Studio_Windows_64-8.0.0\jre\bin\sunec.dll
0x00007ffad8b10000 - 0x00007ffad8b1c000 	C:\Users\a.areiqat\Desktop\Katalon_Studio_Windows_64-8.0.0\Katalon_Studio_Windows_64-8.0.0\jre\bin\sunmscapi.dll
0x00007ffadb950000 - 0x00007ffadbaaf000 	C:\WINDOWS\System32\CRYPT32.dll
0x00007ffadb0f0000 - 0x00007ffadb117000 	C:\WINDOWS\SYSTEM32\ncrypt.dll
0x00007ffadb0b0000 - 0x00007ffadb0eb000 	C:\WINDOWS\SYSTEM32\NTASN1.dll
0x00007ffac89c0000 - 0x00007ffac89d7000 	C:\WINDOWS\system32\napinsp.dll
0x00007ffac7c10000 - 0x00007ffac7c2b000 	C:\WINDOWS\system32\pnrpnsp.dll
0x00007ffad6500000 - 0x00007ffad6515000 	C:\WINDOWS\system32\wshbth.dll
0x00007ffad8ad0000 - 0x00007ffad8aed000 	C:\WINDOWS\system32\NLAapi.dll
0x00007ffac7e80000 - 0x00007ffac7e92000 	C:\WINDOWS\System32\winrnr.dll

VM Arguments:
jvm_args: -Dgroovy.home=C:\Users\a.areiqat/.groovy -Djava.system.class.loader=groovy.lang.GroovyClassLoader -Xmx2048m -Dfile.encoding=UTF-8 
java_command: org.codehaus.groovy.tools.GroovyStarter --classpath C:\Users\a.areiqat\Katalon Studio\Excluded Customers\bin\keyword;C:\Users\a.areiqat\Katalon Studio\Excluded Customers\Keywords;C:\Users\a.areiqat\Katalon Studio\Excluded Customers\bin\listener;C:\Users\a.areiqat\Katalon Studio\Excluded Customers\Test Listeners;C:\Users\a.areiqat\Katalon Studio\Excluded Customers\bin\lib;C:\Users\a.areiqat\Katalon Studio\Excluded Customers\Libs;C:\Users\a.areiqat\Katalon Studio\Excluded Customers\bin\groovy;C:\Users\a.areiqat\Katalon Studio\Excluded Customers\Include\scripts\groovy;C:\Users\a.areiqat\Desktop\Katalon_Studio_Windows_64-8.0.0\Katalon_Studio_Windows_64-8.0.0\plugins\com.kms.katalon.core_1.0.0.202105100507.jar;C:\Users\a.areiqat\Desktop\Katalon_Studio_Windows_64-8.0.0\Katalon_Studio_Windows_64-8.0.0\configuration\resources\lib\aalto-xml-1.0.0.jar;C:\Users\a.areiqat\Desktop\Katalon_Studio_Windows_64-8.0.0\Katalon_Studio_Windows_64-8.0.0\configuration\resources\lib\aspectjweaver-1.9.1.jar;C:\Users\a.areiqat\Desktop\Katalon_Studio_Windows_64-8.0.0\Katalon_Studio_Windows_64-8.0.0\configuration\resources\lib\bcpkix-jdk15on-1.64.jar;C:\Users\a.areiqat\Desktop\Katalon_Studio_Windows_64-8.0.0\Katalon_Studio_Windows_64-8.0.0\configuration\resources\lib\bcprov-jdk15on-1.64.jar;C:\Users\a.areiqat\Desktop\Katalon_Studio_Windows_64-8.0.0\Katalon_Studio_Windows_64-8.0.0\configuration\resources\lib\browsermob-core-2.1.5.jar;C:\Users\a.areiqat\Desktop\Katalon_Studio_Windows_64-8.0.0\Katalon_Studio_Windows_64-8.0.0\configuration\resources\lib\cglib-3.2.10.jar;C:\Users\a.areiqat\Desktop\Katalon_Studio_Windows_64-8.0.0\Katalon_Studio_Windows_64-8.0.0\configuration\resources\lib\commons-codec-1.10.jar;C:\Users\a.areiqat\Desktop\Katalon_Studio_Windows_64-8.0.0\Katalon_Studio_Windows_64-8.0.0\configuration\resources\lib\commons-collections4-4.1.jar;C:\Users\a.areiqat\Desktop\Katalon_Studio_Windows_64-8.0.0\Katalon_Studio_Windows_64-8.0.0\configuration\resources\lib\commons-val
java_class_path (initial): C:\Users\a.areiqat\Katalon Studio\Excluded Customers\bin\keyword;C:\Users\a.areiqat\Katalon Studio\Excluded Customers\bin\listener;C:\Users\a.areiqat\Katalon Studio\Excluded Customers\bin\lib;C:\Users\a.areiqat\Katalon Studio\Excluded Customers\bin\groovy;C:\Users\a.areiqat\Katalon Studio\Excluded Customers\bin;C:\Users\a.areiqat\Desktop\Katalon_Studio_Windows_64-8.0.0\Katalon_Studio_Windows_64-8.0.0\plugins\com.kms.katalon.core_1.0.0.202105100507.jar;C:\Users\a.areiqat\Desktop\Katalon_Studio_Windows_64-8.0.0\Katalon_Studio_Windows_64-8.0.0\configuration\resources\lib\aalto-xml-1.0.0.jar;C:\Users\a.areiqat\Desktop\Katalon_Studio_Windows_64-8.0.0\Katalon_Studio_Windows_64-8.0.0\configuration\resources\lib\aspectjweaver-1.9.1.jar;C:\Users\a.areiqat\Desktop\Katalon_Studio_Windows_64-8.0.0\Katalon_Studio_Windows_64-8.0.0\configuration\resources\lib\bcpkix-jdk15on-1.64.jar;C:\Users\a.areiqat\Desktop\Katalon_Studio_Windows_64-8.0.0\Katalon_Studio_Windows_64-8.0.0\configuration\resources\lib\bcprov-jdk15on-1.64.jar;C:\Users\a.areiqat\Desktop\Katalon_Studio_Windows_64-8.0.0\Katalon_Studio_Windows_64-8.0.0\configuration\resources\lib\browsermob-core-2.1.5.jar;C:\Users\a.areiqat\Desktop\Katalon_Studio_Windows_64-8.0.0\Katalon_Studio_Windows_64-8.0.0\configuration\resources\lib\cglib-3.2.10.jar;C:\Users\a.areiqat\Desktop\Katalon_Studio_Windows_64-8.0.0\Katalon_Studio_Windows_64-8.0.0\configuration\resources\lib\commons-codec-1.10.jar;C:\Users\a.areiqat\Desktop\Katalon_Studio_Windows_64-8.0.0\Katalon_Studio_Windows_64-8.0.0\configuration\resources\lib\commons-collections4-4.1.jar;C:\Users\a.areiqat\Desktop\Katalon_Studio_Windows_64-8.0.0\Katalon_Studio_Windows_64-8.0.0\configuration\resources\lib\commons-validator-1.6.jar;C:\Users\a.areiqat\Desktop\Katalon_Studio_Windows_64-8.0.0\Katalon_Studio_Windows_64-8.0.0\configuration\resources\lib\curvesapi-1.04.jar;C:\Users\a.areiqat\Desktop\Katalon_Studio_Windows_64-8.0.0\Katalon_Studio_Windows_64-8.0.0\co
Launcher Type: SUN_STANDARD

Environment Variables:
PATH=C:/Users/a.areiqat/Desktop/Katalon_Studio_Windows_64-8.0.0/Katalon_Studio_Windows_64-8.0.0/jre/bin/server;C:/Users/a.areiqat/Desktop/Katalon_Studio_Windows_64-8.0.0/Katalon_Studio_Windows_64-8.0.0/jre/bin;C:/Users/a.areiqat/Desktop/Katalon_Studio_Windows_64-8.0.0/Katalon_Studio_Windows_64-8.0.0/jre/lib/amd64;C:\Program Files (x86)\Common Files\Oracle\Java\javapath;C:\Program Files (x86)\VMware\VMware Player\bin\;C:\SybaseIQ\shared\Sybase Central 6.1.0\win32;C:\SybaseIQ\IQ-15_4\Bin32;C:\app\client\a.areiqat\product\12.2.0\client_1\bin;C:\app\a.areiqat\product\12.2.0\client_2;C:\Users\a.areiqat\AppData\Local\Temp\I1616494364\shared\Sybase Central 6.1.0\win32;C:\Users\a.areiqat\AppData\Local\Temp\I1616494364\IQ-15_4\Bin32;C:\app\a.areiqat\product\12.2.0\client_1;C:\Windows\system32;C:\Windows;C:\Windows\System32\Wbem;C:\Windows\System32\WindowsPowerShell\v1.0\;C:\Windows\System32\OpenSSH\;C:\Program Files\Git\cmd;C:\Users\a.areiqat\AppData\Local\Microsoft\WindowsApps;C:\Users\a.areiqat\AppData\Local\Programs\Microsoft VS Code\bin;C:\WebDriver\bin;;C:\WebDriver\bin";C:\WINDOWS\system32;C:\WINDOWS;C:\WINDOWS\System32\Wbem;C:\WINDOWS\System32\WindowsPowerShell\v1.0\;C:\WINDOWS\System32\OpenSSH\;C:\Program Files\Docker\Docker\resources\bin;C:\ProgramData\DockerDesktop\version-bin;C:\Users\a.areiqat\AppData\Local\Microsoft\WindowsApps;;C:\Users\a.areiqat\AppData\Local\Programs\Microsoft VS Code\bin;C:\Users\a.areiqat\Desktop\Katalon_Studio_Windows_64-8.0.0\Katalon_Studio_Windows_64-8.0.0;
USERNAME=a.areiqat
OS=Windows_NT
PROCESSOR_IDENTIFIER=Intel64 Family 6 Model 60 Stepping 3, GenuineIntel



---------------  S Y S T E M  ---------------

OS: Windows 10.0 , 64 bit Build 19041 (10.0.19041.928)
HyperV virtualization detected

CPU:total 8 (initial active 8) (4 cores per cpu, 2 threads per core) family 6 model 60 stepping 3, cmov, cx8, fxsr, mmx, sse, sse2, sse3, ssse3, sse4.1, sse4.2, popcnt, avx, avx2, aes, clmul, erms, lzcnt, ht, tsc, tscinvbit, bmi1, bmi2

Memory: 4k page, physical 8294108k(1594428k free), swap 33459932k(7224k free)

vm_info: OpenJDK 64-Bit Server VM (25.282-b08) for windows-amd64 JRE (Zulu 8.52.0.23-CA-win64) (1.8.0_282-b08), built on Jan 12 2021 07:45:49 by "tester" with MS VC++ 10.0 (VS2010)

time: Tue Jun 08 13:52:30 2021
timezone: Jordan Daylight Time
elapsed time: 10.363016 seconds (0d 0h 0m 10s)

